#
# A fatal error has been detected by the Java Runtime Environment:
#
#  EXCEPTION_ACCESS_VIOLATION (0xc0000005) at pc=0x000000000f94482e, pid=21560, tid=22720
#
# JRE version: 7.0_05-b05
# Java VM: Java HotSpot(TM) 64-Bit Server VM (23.1-b03 mixed mode windows-amd64 compressed oops)
# Problematic frame:
# C  [ig4icd64.dll+0x26482e]
#
# Failed to write core dump. Minidumps are not enabled by default on client versions of Windows
#
# If you would like to submit a bug report, please visit:
#   http://bugreport.sun.com/bugreport/crash.jsp
# The crash happened outside the Java Virtual Machine in native code.
# See problematic frame for where to report the bug.
#

---------------  T H R E A D  ---------------

Current thread (0x000000000e66f000):  JavaThread "LWJGL Application" [_thread_in_native, id=22720, stack(0x000000000f5e0000,0x000000000f6e0000)]

siginfo: ExceptionCode=0xc0000005, reading address 0x00000000002f3004

Registers:
RAX=0x0000000000000424, RBX=0x0000000000000035, RCX=0x0000000000000000, RDX=0x0000000000000002
RSP=0x000000000f6deab0, RBP=0x0000000000000004, RSI=0x0000000016453148, RDI=0x000000000ef01ad8
R8 =0x0000000000000003, R9 =0x0000000000000001, R10=0x00000000aaaaaaab, R11=0x00000000002f3000
R12=0x0000000000000035, R13=0x000000000000000c, R14=0x00000000023057d0, R15=0x0000000000000000
RIP=0x000000000f94482e, EFLAGS=0x0000000000010246

Top of Stack: (sp=0x000000000f6deab0)
0x000000000f6deab0:   0000000000000000 0000000000000000
0x000000000f6deac0:   0000000000000000 0000000000000000
0x000000000f6dead0:   0000000000000001 0000000000000001
0x000000000f6deae0:   0000000000000003 000000000000000c
0x000000000f6deaf0:   000000000eef6888 0000000016452bf0
0x000000000f6deb00:   0000000000000000 0000000000000000
0x000000000f6deb10:   0000000016453148 0000000000000035
0x000000000f6deb20:   0000000000000144 0000000000000144
0x000000000f6deb30:   0000000000000000 0000000016452bf0
0x000000000f6deb40:   0000000000000144 000000000f94705f
0x000000000f6deb50:   000000000eef6888 000000000eef6888
0x000000000f6deb60:   0000000000000035 0000000016453178
0x000000000f6deb70:   0000000016453148 0000000000000000
0x000000000f6deb80:   0000000000000144 0000000000000144
0x000000000f6deb90:   0000000000000000 0000000000080038
0x000000000f6deba0:   000000000eef6888 0000000000000144 

Instructions: (pc=0x000000000f94482e)
0x000000000f94480e:   83 e9 01 74 12 83 f9 01 0f 85 26 02 00 00 41 8b
0x000000000f94481e:   43 0c 41 89 44 ee 0c 41 8b 43 08 41 89 44 ee 08
0x000000000f94482e:   41 8b 43 04 41 89 44 ee 04 41 8b 03 4c 8b 4c 24
0x000000000f94483e:   28 4c 8b 44 24 30 41 89 04 ee 48 8b ac 24 a0 00 


Register to memory mapping:

RAX=0x0000000000000424 is an unknown value
RBX=0x0000000000000035 is an unknown value
RCX=0x0000000000000000 is an unknown value
RDX=0x0000000000000002 is an unknown value
RSP=0x000000000f6deab0 is pointing into the stack for thread: 0x000000000e66f000
RBP=0x0000000000000004 is an unknown value
RSI=0x0000000016453148 is an unknown value
RDI=0x000000000ef01ad8 is an unknown value
R8 =0x0000000000000003 is an unknown value
R9 =0x0000000000000001 is an unknown value
R10=0x00000000aaaaaaab is an unknown value
R11=0x00000000002f3000 is an unknown value
R12=0x0000000000000035 is an unknown value
R13=0x000000000000000c is an unknown value
R14=0x00000000023057d0 is an unknown value
R15=0x0000000000000000 is an unknown value


Stack: [0x000000000f5e0000,0x000000000f6e0000],  sp=0x000000000f6deab0,  free space=1018k
Native frames: (J=compiled Java code, j=interpreted, Vv=VM code, C=native code)
C  [ig4icd64.dll+0x26482e]

Java frames: (J=compiled Java code, j=interpreted, Vv=VM code)
j  org.lwjgl.opengl.GL11.nglDrawElementsBO(IIIJJ)V+0
j  org.lwjgl.opengl.GL11.glDrawElements(IIIJ)V+28
j  com.badlogic.gdx.backends.lwjgl.LwjglGL20.glDrawElements(IIII)V+6
j  com.marcowong.motoman.GL20Debug.glDrawElements(IIII)V+60
j  com.marcowong.motoman.GL20Optimized.glDrawElements(IIII)V+13
j  com.badlogic.gdx.graphics.Mesh.render(Lcom/badlogic/gdx/graphics/glutils/ShaderProgram;III)V+174
j  com.badlogic.gdx.graphics.Mesh.render(Lcom/badlogic/gdx/graphics/glutils/ShaderProgram;I)V+27
j  com.badlogic.gdx.graphics.g3d.model.still.StillModel.render(Lcom/badlogic/gdx/graphics/glutils/ShaderProgram;)V+79
j  com.marcowong.motoman.BackgroundObjs.render(Lcom/badlogic/gdx/graphics/glutils/ShaderProgram;Lcom/badlogic/gdx/graphics/Camera;)V+128
j  com.marcowong.motoman.MotomanGameScreen.render(F)V+524
j  com.badlogic.gdx.Game.render()V+19
j  com.marcowong.motoman.MotomanGame.render()V+7
j  com.badlogic.gdx.backends.lwjgl.LwjglApplication.mainLoop()V+491
j  com.badlogic.gdx.backends.lwjgl.LwjglApplication$1.run()V+27
v  ~StubRoutines::call_stub

---------------  P R O C E S S  ---------------

Java Threads: ( => current thread )
  0x000000001a369000 JavaThread "LWJGL Timer" daemon [_thread_blocked, id=23112, stack(0x0000000014870000,0x0000000014970000)]
  0x000000001ce64000 JavaThread "pool-2-thread-1" [_thread_blocked, id=22256, stack(0x0000000014510000,0x0000000014610000)]
  0x000000000e82c800 JavaThread "AssetManager-Loader-Thread" daemon [_thread_blocked, id=21752, stack(0x0000000012b30000,0x0000000012c30000)]
  0x000000000018e000 JavaThread "DestroyJavaVM" [_thread_blocked, id=23060, stack(0x0000000002a10000,0x0000000002b10000)]
=>0x000000000e66f000 JavaThread "LWJGL Application" [_thread_in_native, id=22720, stack(0x000000000f5e0000,0x000000000f6e0000)]
  0x000000000bfab000 JavaThread "Service Thread" daemon [_thread_blocked, id=22564, stack(0x000000000e3c0000,0x000000000e4c0000)]
  0x000000000bfa9800 JavaThread "C2 CompilerThread1" daemon [_thread_blocked, id=24492, stack(0x000000000e230000,0x000000000e330000)]
  0x000000000bfa3800 JavaThread "C2 CompilerThread0" daemon [_thread_blocked, id=24432, stack(0x000000000d990000,0x000000000da90000)]
  0x000000000bf95000 JavaThread "JDWP Command Reader" daemon [_thread_in_native, id=17612, stack(0x000000000df60000,0x000000000e060000)]
  0x000000000bf93800 JavaThread "JDWP Event Helper Thread" daemon [_thread_blocked, id=22480, stack(0x000000000ddd0000,0x000000000ded0000)]
  0x000000000bf87800 JavaThread "JDWP Transport Listener: dt_socket" daemon [_thread_blocked, id=22232, stack(0x000000000db50000,0x000000000dc50000)]
  0x000000000bf81800 JavaThread "Attach Listener" daemon [_thread_blocked, id=18608, stack(0x000000000cd30000,0x000000000ce30000)]
  0x000000000bf7a000 JavaThread "Signal Dispatcher" daemon [_thread_blocked, id=22920, stack(0x000000000d250000,0x000000000d350000)]
  0x0000000002808000 JavaThread "Finalizer" daemon [_thread_blocked, id=22484, stack(0x000000000d0f0000,0x000000000d1f0000)]
  0x0000000002801800 JavaThread "Reference Handler" daemon [_thread_blocked, id=11344, stack(0x000000000cf80000,0x000000000d080000)]

Other Threads:
  0x000000000bec2800 VMThread [stack: 0x000000000ce60000,0x000000000cf60000] [id=23576]
  0x000000000e4e4800 WatcherThread [stack: 0x000000000e8c0000,0x000000000e9c0000] [id=23464]

VM state:not at safepoint (normal execution)

VM Mutex/Monitor currently owned by a thread: None

Heap
 PSYoungGen      total 37696K, used 544K [0x00000000d5eb0000, 0x00000000d88c0000, 0x0000000000000000)
  eden space 32320K, 1% used [0x00000000d5eb0000,0x00000000d5f38020,0x00000000d7e40000)
  from space 5376K, 0% used [0x00000000d8380000,0x00000000d8380000,0x00000000d88c0000)
  to   space 5376K, 0% used [0x00000000d7e40000,0x00000000d7e40000,0x00000000d8380000)
 ParOldGen       total 86144K, used 3103K [0x0000000081c00000, 0x0000000087020000, 0x00000000d5eb0000)
  object space 86144K, 3% used [0x0000000081c00000,0x0000000081f07ed0,0x0000000087020000)
 PSPermGen       total 21248K, used 7635K [0x000000007ca00000, 0x000000007dec0000, 0x0000000081c00000)
  object space 21248K, 35% used [0x000000007ca00000,0x000000007d174d70,0x000000007dec0000)

Code Cache  [0x0000000002b10000, 0x0000000002d80000, 0x0000000005b10000)
 total_blobs=537 nmethods=154 adapters=342 free_code_cache=48137Kb largest_free_block=49262336

Compilation events (10 events):
Event: 2.487 Thread 0x000000000bfa9800  146             com.jcraft.jorbis.StaticCodeBook::unpack (494 bytes)
Event: 2.499 Thread 0x000000000bfa3800  147             com.jcraft.jorbis.CodeBook::make_words (239 bytes)
Event: 2.510 Thread 0x000000000bfa3800 nmethod 147 0x0000000002be3110 code [0x0000000002be3280, 0x0000000002be3958]
Event: 2.510 Thread 0x000000000bfa3800  148             com.jcraft.jorbis.CodeBook::make_decode_tree (377 bytes)
Event: 2.538 Thread 0x000000000bfa9800 nmethod 146 0x0000000002c0f750 code [0x0000000002c0f9a0, 0x0000000002c11228]
Event: 2.538 Thread 0x000000000bfa9800    5 %           com.jcraft.jorbis.StaticCodeBook::unquantize @ 99 (293 bytes)
Event: 2.551 Thread 0x000000000bfa3800 nmethod 148 0x0000000002c12ad0 code [0x0000000002c12c80, 0x0000000002c138f8]
Event: 2.551 Thread 0x000000000bfa3800    6 %           com.jcraft.jorbis.CodeBook::make_words @ 190 (239 bytes)
Event: 2.551 Thread 0x000000000bfa9800 nmethod 5% 0x0000000002c140d0 code [0x0000000002c14240, 0x0000000002c14d98]
Event: 2.554 Thread 0x000000000bfa3800 nmethod 6% 0x0000000002c12350 code [0x0000000002c124a0, 0x0000000002c12818]

GC Heap History (8 events):
Event: 2.327 GC heap before
{Heap before GC invocations=1 (full 0):
 PSYoungGen      total 37696K, used 30300K [0x00000000d5eb0000, 0x00000000d88c0000, 0x0000000000000000)
  eden space 32320K, 93% used [0x00000000d5eb0000,0x00000000d7c47320,0x00000000d7e40000)
  from space 5376K, 0% used [0x00000000d8380000,0x00000000d8380000,0x00000000d88c0000)
  to   space 5376K, 0% used [0x00000000d7e40000,0x00000000d7e40000,0x00000000d8380000)
 ParOldGen       total 86144K, used 0K [0x0000000081c00000, 0x0000000087020000, 0x00000000d5eb0000)
  object space 86144K, 0% used [0x0000000081c00000,0x0000000081c00000,0x0000000087020000)
 PSPermGen       total 21248K, used 6958K [0x000000007ca00000, 0x000000007dec0000, 0x0000000081c00000)
  object space 21248K, 32% used [0x000000007ca00000,0x000000007d0cb828,0x000000007dec0000)
Event: 2.334 GC heap after
Heap after GC invocations=1 (full 0):
 PSYoungGen      total 37696K, used 3537K [0x00000000d5eb0000, 0x00000000d88c0000, 0x0000000000000000)
  eden space 32320K, 0% used [0x00000000d5eb0000,0x00000000d5eb0000,0x00000000d7e40000)
  from space 5376K, 65% used [0x00000000d7e40000,0x00000000d81b4488,0x00000000d8380000)
  to   space 5376K, 0% used [0x00000000d8380000,0x00000000d8380000,0x00000000d88c0000)
 ParOldGen       total 86144K, used 8K [0x0000000081c00000, 0x0000000087020000, 0x00000000d5eb0000)
  object space 86144K, 0% used [0x0000000081c00000,0x0000000081c02000,0x0000000087020000)
 PSPermGen       total 21248K, used 6958K [0x000000007ca00000, 0x000000007dec0000, 0x0000000081c00000)
  object space 21248K, 32% used [0x000000007ca00000,0x000000007d0cb828,0x000000007dec0000)
}
Event: 2.334 GC heap before
{Heap before GC invocations=2 (full 1):
 PSYoungGen      total 37696K, used 3537K [0x00000000d5eb0000, 0x00000000d88c0000, 0x0000000000000000)
  eden space 32320K, 0% used [0x00000000d5eb0000,0x00000000d5eb0000,0x00000000d7e40000)
  from space 5376K, 65% used [0x00000000d7e40000,0x00000000d81b4488,0x00000000d8380000)
  to   space 5376K, 0% used [0x00000000d8380000,0x00000000d8380000,0x00000000d88c0000)
 ParOldGen       total 86144K, used 8K [0x0000000081c00000, 0x0000000087020000, 0x00000000d5eb0000)
  object space 86144K, 0% used [0x0000000081c00000,0x0000000081c02000,0x0000000087020000)
 PSPermGen       total 21248K, used 6958K [0x000000007ca00000, 0x000000007dec0000, 0x0000000081c00000)
  object space 21248K, 32% used [0x000000007ca00000,0x000000007d0cb828,0x000000007dec0000)
Event: 2.350 GC heap after
Heap after GC invocations=2 (full 1):
 PSYoungGen      total 37696K, used 0K [0x00000000d5eb0000, 0x00000000d88c0000, 0x0000000000000000)
  eden space 32320K, 0% used [0x00000000d5eb0000,0x00000000d5eb0000,0x00000000d7e40000)
  from space 5376K, 0% used [0x00000000d7e40000,0x00000000d7e40000,0x00000000d8380000)
  to   space 5376K, 0% used [0x00000000d8380000,0x00000000d8380000,0x00000000d88c0000)
 ParOldGen       total 86144K, used 3329K [0x0000000081c00000, 0x0000000087020000, 0x00000000d5eb0000)
  object space 86144K, 3% used [0x0000000081c00000,0x0000000081f40720,0x0000000087020000)
 PSPermGen       total 21248K, used 6955K [0x000000007ca00000, 0x000000007dec0000, 0x0000000081c00000)
  object space 21248K, 32% used [0x000000007ca00000,0x000000007d0caf58,0x000000007dec0000)
}
Event: 2.518 GC heap before
{Heap before GC invocations=3 (full 1):
 PSYoungGen      total 37696K, used 4472K [0x00000000d5eb0000, 0x00000000d88c0000, 0x0000000000000000)
  eden space 32320K, 13% used [0x00000000d5eb0000,0x00000000d630e1f8,0x00000000d7e40000)
  from space 5376K, 0% used [0x00000000d7e40000,0x00000000d7e40000,0x00000000d8380000)
  to   space 5376K, 0% used [0x00000000d8380000,0x00000000d8380000,0x00000000d88c0000)
 ParOldGen       total 86144K, used 3329K [0x0000000081c00000, 0x0000000087020000, 0x00000000d5eb0000)
  object space 86144K, 3% used [0x0000000081c00000,0x0000000081f40720,0x0000000087020000)
 PSPermGen       total 21248K, used 7595K [0x000000007ca00000, 0x000000007dec0000, 0x0000000081c00000)
  object space 21248K, 35% used [0x000000007ca00000,0x000000007d16ae68,0x000000007dec0000)
Event: 2.521 GC heap after
Heap after GC invocations=3 (full 1):
 PSYoungGen      total 37696K, used 1617K [0x00000000d5eb0000, 0x00000000d88c0000, 0x0000000000000000)
  eden space 32320K, 0% used [0x00000000d5eb0000,0x00000000d5eb0000,0x00000000d7e40000)
  from space 5376K, 30% used [0x00000000d8380000,0x00000000d85144f8,0x00000000d88c0000)
  to   space 5376K, 0% used [0x00000000d7e40000,0x00000000d7e40000,0x00000000d8380000)
 ParOldGen       total 86144K, used 3329K [0x0000000081c00000, 0x0000000087020000, 0x00000000d5eb0000)
  object space 86144K, 3% used [0x0000000081c00000,0x0000000081f40720,0x0000000087020000)
 PSPermGen       total 21248K, used 7595K [0x000000007ca00000, 0x000000007dec0000, 0x0000000081c00000)
  object space 21248K, 35% used [0x000000007ca00000,0x000000007d16ae68,0x000000007dec0000)
}
Event: 2.521 GC heap before
{Heap before GC invocations=4 (full 2):
 PSYoungGen      total 37696K, used 1617K [0x00000000d5eb0000, 0x00000000d88c0000, 0x0000000000000000)
  eden space 32320K, 0% used [0x00000000d5eb0000,0x00000000d5eb0000,0x00000000d7e40000)
  from space 5376K, 30% used [0x00000000d8380000,0x00000000d85144f8,0x00000000d88c0000)
  to   space 5376K, 0% used [0x00000000d7e40000,0x00000000d7e40000,0x00000000d8380000)
 ParOldGen       total 86144K, used 3329K [0x0000000081c00000, 0x0000000087020000, 0x00000000d5eb0000)
  object space 86144K, 3% used [0x0000000081c00000,0x0000000081f40720,0x0000000087020000)
 PSPermGen       total 21248K, used 7595K [0x000000007ca00000, 0x000000007dec0000, 0x0000000081c00000)
  object space 21248K, 35% used [0x000000007ca00000,0x000000007d16ae68,0x000000007dec0000)
Event: 2.536 GC heap after
Heap after GC invocations=4 (full 2):
 PSYoungGen      total 37696K, used 0K [0x00000000d5eb0000, 0x00000000d88c0000, 0x0000000000000000)
  eden space 32320K, 0% used [0x00000000d5eb0000,0x00000000d5eb0000,0x00000000d7e40000)
  from space 5376K, 0% used [0x00000000d8380000,0x00000000d8380000,0x00000000d88c0000)
  to   space 5376K, 0% used [0x00000000d7e40000,0x00000000d7e40000,0x00000000d8380000)
 ParOldGen       total 86144K, used 3103K [0x0000000081c00000, 0x0000000087020000, 0x00000000d5eb0000)
  object space 86144K, 3% used [0x0000000081c00000,0x0000000081f07ed0,0x0000000087020000)
 PSPermGen       total 21248K, used 7595K [0x000000007ca00000, 0x000000007dec0000, 0x0000000081c00000)
  object space 21248K, 35% used [0x000000007ca00000,0x000000007d16add8,0x000000007dec0000)
}

Deoptimization events (10 events):
Event: 0.707 Thread 0x000000000e66f000 Uncommon trap -34 fr.pc 0x0000000002b8f7e8
Event: 0.772 Thread 0x000000000e66f000 Uncommon trap -83 fr.pc 0x0000000002ba3dcc
Event: 0.803 Thread 0x000000000e66f000 Uncommon trap -42 fr.pc 0x0000000002ba7c24
Event: 0.803 Thread 0x000000000e66f000 Uncommon trap -42 fr.pc 0x0000000002ba7c24
Event: 0.803 Thread 0x000000000e66f000 Uncommon trap -42 fr.pc 0x0000000002ba7c24
Event: 0.803 Thread 0x000000000e66f000 Uncommon trap -42 fr.pc 0x0000000002ba7c24
Event: 0.925 Thread 0x000000000e66f000 Uncommon trap -83 fr.pc 0x0000000002baaf40
Event: 1.011 Thread 0x000000000e66f000 Uncommon trap -83 fr.pc 0x0000000002ba10f8
Event: 1.016 Thread 0x000000000e66f000 Uncommon trap -83 fr.pc 0x0000000002ba9858
Event: 1.605 Thread 0x000000000e66f000 Uncommon trap -83 fr.pc 0x0000000002bd723c

Internal exceptions (10 events):
Event: 2.496 Thread 0x000000000e66f000 Threw 0x00000000d620caa8 at C:\jdk7u1_64p\jdk7u5\hotspot\src\share\vm\prims\jvm.cpp:1166
Event: 2.497 Thread 0x000000000e66f000 Threw 0x00000000d6212a98 at C:\jdk7u1_64p\jdk7u5\hotspot\src\share\vm\prims\jvm.cpp:1166
Event: 2.515 Thread 0x000000000e66f000 Threw 0x00000000d62a35a0 at C:\jdk7u1_64p\jdk7u5\hotspot\src\share\vm\prims\jvm.cpp:1166
Event: 2.516 Thread 0x000000000e66f000 Threw 0x00000000d62a66a0 at C:\jdk7u1_64p\jdk7u5\hotspot\src\share\vm\prims\jvm.cpp:1166
Event: 2.517 Thread 0x000000000e66f000 Threw 0x00000000d62a9b20 at C:\jdk7u1_64p\jdk7u5\hotspot\src\share\vm\prims\jvm.cpp:1166
Event: 2.540 Thread 0x000000000e66f000 Threw 0x00000000d5eb48f0 at C:\jdk7u1_64p\jdk7u5\hotspot\src\share\vm\prims\jvm.cpp:1166
Event: 2.541 Thread 0x000000000e66f000 Threw 0x00000000d5ebddb8 at C:\jdk7u1_64p\jdk7u5\hotspot\src\share\vm\prims\jvm.cpp:1166
Event: 2.554 Thread 0x000000000e66f000 Threw 0x00000000d5ec44b8 at C:\jdk7u1_64p\jdk7u5\hotspot\src\share\vm\prims\jvm.cpp:1166
Event: 2.567 Thread 0x000000000e66f000 Threw 0x00000000d5edeba0 at C:\jdk7u1_64p\jdk7u5\hotspot\src\share\vm\prims\jvm.cpp:1166
Event: 2.569 Thread 0x000000000e66f000 Threw 0x00000000d5ee5af0 at C:\jdk7u1_64p\jdk7u5\hotspot\src\share\vm\prims\jvm.cpp:1166

Events (10 events):
Event: 2.540 loading class 0x0000000012440aa0
Event: 2.540 loading class 0x0000000012440aa0 done
Event: 2.541 loading class 0x000000000e529440
Event: 2.541 loading class 0x000000000e529440 done
Event: 2.553 loading class 0x000000000e767940
Event: 2.553 loading class 0x000000000e767940 done
Event: 2.567 loading class 0x000000000e89bcb0
Event: 2.567 loading class 0x000000000e89bcb0 done
Event: 2.569 loading class 0x000000000e6dfb80
Event: 2.569 loading class 0x000000000e6dfb80 done


Dynamic libraries:
0x000000003f910000 - 0x000000003f944000 	C:\Program Files\Java\jre7\bin\javaw.exe
0x0000000077c30000 - 0x0000000077dd9000 	C:\Windows\SYSTEM32\ntdll.dll
0x0000000077b10000 - 0x0000000077c2f000 	C:\Windows\system32\kernel32.dll
0x00000000fdb00000 - 0x00000000fdb6b000 	C:\Windows\system32\KERNELBASE.dll
0x00000000fe470000 - 0x00000000fe54b000 	C:\Windows\system32\ADVAPI32.dll
0x00000000fde70000 - 0x00000000fdf0f000 	C:\Windows\system32\msvcrt.dll
0x00000000fea30000 - 0x00000000fea4f000 	C:\Windows\SYSTEM32\sechost.dll
0x00000000fef40000 - 0x00000000ff06d000 	C:\Windows\system32\RPCRT4.dll
0x0000000077a10000 - 0x0000000077b0a000 	C:\Windows\system32\USER32.dll
0x00000000fec40000 - 0x00000000feca7000 	C:\Windows\system32\GDI32.dll
0x00000000fff30000 - 0x00000000fff3e000 	C:\Windows\system32\LPK.dll
0x00000000fe940000 - 0x00000000fea09000 	C:\Windows\system32\USP10.dll
0x00000000fcc30000 - 0x00000000fce24000 	C:\Windows\WinSxS\amd64_microsoft.windows.common-controls_6595b64144ccf1df_6.0.7601.17514_none_fa396087175ac9ac\COMCTL32.dll
0x00000000fdf10000 - 0x00000000fdf81000 	C:\Windows\system32\SHLWAPI.dll
0x00000000fde40000 - 0x00000000fde6e000 	C:\Windows\system32\IMM32.DLL
0x00000000feb30000 - 0x00000000fec39000 	C:\Windows\system32\MSCTF.dll
0x00000000fd9d0000 - 0x00000000fda0c000 	C:\Windows\system32\nvinitx.dll
0x000000000f000000 - 0x000000000f006000 	C:\Program Files\NVIDIA Corporation\CoProcManager\_etoured.dll
0x00000000f78f0000 - 0x00000000f7934000 	C:\Program Files\NVIDIA Corporation\CoProcManager\nvd3d9wrapx.dll
0x00000000fe550000 - 0x00000000fe727000 	C:\Windows\system32\SETUPAPI.dll
0x00000000fddb0000 - 0x00000000fdde6000 	C:\Windows\system32\CFGMGR32.dll
0x00000000fea50000 - 0x00000000feb27000 	C:\Windows\system32\OLEAUT32.dll
0x00000000fe730000 - 0x00000000fe933000 	C:\Windows\system32\ole32.dll
0x00000000fdad0000 - 0x00000000fdaea000 	C:\Windows\system32\DEVOBJ.dll
0x00000000f78a0000 - 0x00000000f78e2000 	C:\Program Files\NVIDIA Corporation\CoProcManager\nvdxgiwrapx.dll
0x000000006f3c0000 - 0x000000006f491000 	C:\Program Files\Java\jre7\bin\msvcr100.dll
0x000000006eca0000 - 0x000000006f3ba000 	C:\Program Files\Java\jre7\bin\server\jvm.dll
0x00000000f9930000 - 0x00000000f9939000 	C:\Windows\system32\WSOCK32.dll
0x00000000ffe80000 - 0x00000000ffecd000 	C:\Windows\system32\WS2_32.dll
0x00000000fe030000 - 0x00000000fe038000 	C:\Windows\system32\NSI.dll
0x00000000fb6d0000 - 0x00000000fb70b000 	C:\Windows\system32\WINMM.dll
0x0000000077e00000 - 0x0000000077e07000 	C:\Windows\system32\PSAPI.DLL
0x000000006f570000 - 0x000000006f57f000 	C:\Program Files\Java\jre7\bin\verify.dll
0x000000006f540000 - 0x000000006f568000 	C:\Program Files\Java\jre7\bin\java.dll
0x0000000069990000 - 0x00000000699c5000 	C:\Program Files\Java\jre7\bin\jdwp.dll
0x000000006ec00000 - 0x000000006ec08000 	C:\Program Files\Java\jre7\bin\npt.dll
0x000000006f520000 - 0x000000006f535000 	C:\Program Files\Java\jre7\bin\zip.dll
0x00000000737d0000 - 0x00000000737d9000 	C:\Program Files\Java\jre7\bin\dt_socket.dll
0x00000000fbf60000 - 0x00000000fbf75000 	C:\Windows\system32\NLAapi.dll
0x00000000f1930000 - 0x00000000f1945000 	C:\Windows\system32\napinsp.dll
0x00000000f1910000 - 0x00000000f1929000 	C:\Windows\system32\pnrpnsp.dll
0x00000000fd240000 - 0x00000000fd295000 	C:\Windows\System32\mswsock.dll
0x00000000fd0c0000 - 0x00000000fd11b000 	C:\Windows\system32\DNSAPI.dll
0x00000000f1900000 - 0x00000000f190b000 	C:\Windows\System32\winrnr.dll
0x00000000f18f0000 - 0x00000000f1900000 	C:\Windows\system32\wshbth.dll
0x00000000f80c0000 - 0x00000000f80ef000 	C:\Program Files\Common Files\Microsoft Shared\Windows Live\WLIDNSP.DLL
0x0000000074440000 - 0x0000000074466000 	C:\Program Files\Bonjour\mdnsNSP.dll
0x00000000fa360000 - 0x00000000fa387000 	C:\Windows\system32\Iphlpapi.DLL
0x00000000fa340000 - 0x00000000fa34b000 	C:\Windows\system32\WINNSI.DLL
0x00000000fa1f0000 - 0x00000000fa243000 	C:\Windows\System32\fwpuclnt.dll
0x00000000f80b0000 - 0x00000000f80b8000 	C:\Windows\system32\rasadhlp.dll
0x00000000fc650000 - 0x00000000fc657000 	C:\Windows\System32\wshtcpip.dll
0x0000000065580000 - 0x000000006560d000 	C:\Users\Marco\AppData\Local\Temp\libgdxMarco\123946040\gdx64.dll
0x0000000080000000 - 0x0000000080050000 	C:\Users\Marco\AppData\Local\Temp\libgdxMarco\27538956\lwjgl64.dll
0x00000000f1fa0000 - 0x00000000f20bd000 	C:\Windows\system32\OPENGL32.dll
0x00000000fb0e0000 - 0x00000000fb10d000 	C:\Windows\system32\GLU32.dll
0x00000000e8fe0000 - 0x00000000e90d1000 	C:\Windows\system32\DDRAW.dll
0x00000000e9110000 - 0x00000000e9118000 	C:\Windows\system32\DCIMAN32.dll
0x00000000fb4d0000 - 0x00000000fb4e8000 	C:\Windows\system32\dwmapi.dll
0x00000000fc940000 - 0x00000000fc94c000 	C:\Windows\system32\VERSION.dll
0x0000000002990000 - 0x00000000029f2000 	C:\Users\Marco\AppData\Local\Temp\libgdxMarco\27538956\OpenAL64.dll
0x00000000ff0f0000 - 0x00000000ffe78000 	C:\Windows\system32\SHELL32.dll
0x00000000fd8a0000 - 0x00000000fd8af000 	C:\Windows\system32\CRYPTBASE.dll
0x00000000fb820000 - 0x00000000fb876000 	C:\Windows\system32\uxtheme.dll
0x00000000fe1a0000 - 0x00000000fe239000 	C:\Windows\system32\CLBCatQ.DLL
0x00000000fc190000 - 0x00000000fc2bc000 	C:\Windows\System32\PROPSYS.dll
0x00000000fde00000 - 0x00000000fde39000 	C:\Windows\system32\WINTRUST.dll
0x00000000fdc30000 - 0x00000000fdd9a000 	C:\Windows\system32\CRYPT32.dll
0x00000000fdab0000 - 0x00000000fdabf000 	C:\Windows\system32\MSASN1.dll
0x00000000f2150000 - 0x00000000f21d8000 	C:\Windows\system32\dsound.dll
0x00000000fc310000 - 0x00000000fc33c000 	C:\Windows\system32\POWRPROF.dll
0x00000000fc2c0000 - 0x00000000fc30b000 	C:\Windows\System32\MMDevApi.dll
0x00000000fb5a0000 - 0x00000000fb5ef000 	C:\Windows\system32\AUDIOSES.DLL
0x000000000f6e0000 - 0x00000000109b3000 	C:\Windows\system32\ig4icd64.dll
0x000000000bd00000 - 0x000000000bd65000 	C:\Program Files\ThinkPad\Bluetooth Software\btmmhook.dll
0x00000000f9470000 - 0x00000000f950c000 	C:\Windows\system32\mscms.dll
0x00000000fc790000 - 0x00000000fc7ae000 	C:\Windows\system32\USERENV.dll
0x00000000fda10000 - 0x00000000fda1f000 	C:\Windows\system32\profapi.dll
0x00000000f7e20000 - 0x00000000f7e62000 	C:\Windows\system32\icm32.dll
0x00000000fbae0000 - 0x00000000fbc05000 	C:\Windows\system32\dbghelp.dll

VM Arguments:
jvm_args: -agentlib:jdwp=transport=dt_socket,suspend=y,address=localhost:51082 -XX:-OmitStackTraceInFastThrow -Dfile.encoding=MS950_HKSCS 
java_command: com.marcowong.motoman.Main
Launcher Type: SUN_STANDARD

Environment Variables:
CLASSPATH=.;C:\Program Files (x86)\QuickTime\QTSystem\QTJava.zip
PATH=C:\Program Files\Common Files\Microsoft Shared\Windows Live;C:\Program Files (x86)\Common Files\Microsoft Shared\Windows Live;C:\Windows\system32;C:\Windows;C:\Windows\System32\Wbem;C:\Windows\System32\WindowsPowerShell\v1.0\;C:\Program Files\ThinkPad\Bluetooth Software\;C:\Program Files\ThinkPad\Bluetooth Software\syswow64;C:\Program Files\Broadcom\WHL\;C:\Program Files\Broadcom\WHL\syswow64;C:\Program Files\Broadcom\WHL\SysWow64\;C:\Program Files\Broadcom\WHL\SysWow64\syswow64;C:\Program Files\Intel\WiFi\bin\;C:\Program Files\Common Files\Intel\WirelessCommon\;C:\Program Files\Common Files\Lenovo;C:\Program Files (x86)\Windows Live\Shared;C:\SWTOOLS\ReadyApps;C:\Program Files (x86)\Intel\Services\IPT\;C:\Program Files (x86)\Symantec\VIP Access Client\;C:\Program Files (x86)\Common Files\Lenovo;C:\Program Files (x86)\QuickTime\QTSystem\;C:\Program Files (x86)\CineForm\Tools;C:\Program Files (x86)\GoPro\Tools
USERNAME=Marco
OS=Windows_NT
PROCESSOR_IDENTIFIER=Intel64 Family 6 Model 42 Stepping 7, GenuineIntel



---------------  S Y S T E M  ---------------

OS: Windows 7 , 64 bit Build 7601 Service Pack 1

CPU:total 4 (2 cores per cpu, 2 threads per core) family 6 model 42 stepping 7, cmov, cx8, fxsr, mmx, sse, sse2, sse3, ssse3, sse4.1, sse4.2, popcnt, avx, ht, tsc, tscinvbit

Memory: 4k page, physical 8269040k(4717200k free), swap 16536220k(11594784k free)

vm_info: Java HotSpot(TM) 64-Bit Server VM (23.1-b03) for windows-amd64 JRE (1.7.0_05-b05), built on May 15 2012 18:09:30 by "java_re" with unknown MS VC++:1600

time: Tue Jun 04 04:44:38 2013
elapsed time: 2 seconds

