#
# A fatal error has been detected by the Java Runtime Environment:
#
#  EXCEPTION_ACCESS_VIOLATION (0xc0000005) at pc=0x000000000f78482e, pid=23776, tid=24524
#
# JRE version: 7.0_05-b05
# Java VM: Java HotSpot(TM) 64-Bit Server VM (23.1-b03 mixed mode windows-amd64 compressed oops)
# Problematic frame:
# C  [ig4icd64.dll+0x26482e]
#
# Failed to write core dump. Minidumps are not enabled by default on client versions of Windows
#
# If you would like to submit a bug report, please visit:
#   http://bugreport.sun.com/bugreport/crash.jsp
# The crash happened outside the Java Virtual Machine in native code.
# See problematic frame for where to report the bug.
#

---------------  T H R E A D  ---------------

Current thread (0x000000000e7b3800):  JavaThread "LWJGL Application" [_thread_in_native, id=24524, stack(0x000000000f420000,0x000000000f520000)]

siginfo: ExceptionCode=0xc0000005, reading address 0x00000000004f3004

Registers:
RAX=0x0000000000000424, RBX=0x0000000000000035, RCX=0x0000000000000000, RDX=0x0000000000000002
RSP=0x000000000f51e880, RBP=0x0000000000000004, RSI=0x00000000136b3148, RDI=0x0000000010921ad8
R8 =0x0000000000000003, R9 =0x0000000000000001, R10=0x00000000aaaaaaab, R11=0x00000000004f3000
R12=0x0000000000000035, R13=0x000000000000000c, R14=0x000000000ebd57d0, R15=0x0000000000000000
RIP=0x000000000f78482e, EFLAGS=0x0000000000010246

Top of Stack: (sp=0x000000000f51e880)
0x000000000f51e880:   0000000000000000 0000000000000000
0x000000000f51e890:   0000000000000000 0000000000000000
0x000000000f51e8a0:   0000000000000001 0000000000000001
0x000000000f51e8b0:   0000000000000003 000000000000000c
0x000000000f51e8c0:   0000000010916888 00000000136b2bf0
0x000000000f51e8d0:   0000000000000000 0000000000000000
0x000000000f51e8e0:   00000000136b3148 0000000000000035
0x000000000f51e8f0:   0000000000000144 0000000000000144
0x000000000f51e900:   0000000000000000 00000000136b2bf0
0x000000000f51e910:   0000000000000144 000000000f78705f
0x000000000f51e920:   0000000010916888 0000000010916888
0x000000000f51e930:   0000000000000035 00000000136b3178
0x000000000f51e940:   00000000136b3148 0000000000000000
0x000000000f51e950:   0000000000000144 0000000000000144
0x000000000f51e960:   0000000000000000 0000000000080038
0x000000000f51e970:   0000000010916888 0000000000000144 

Instructions: (pc=0x000000000f78482e)
0x000000000f78480e:   83 e9 01 74 12 83 f9 01 0f 85 26 02 00 00 41 8b
0x000000000f78481e:   43 0c 41 89 44 ee 0c 41 8b 43 08 41 89 44 ee 08
0x000000000f78482e:   41 8b 43 04 41 89 44 ee 04 41 8b 03 4c 8b 4c 24
0x000000000f78483e:   28 4c 8b 44 24 30 41 89 04 ee 48 8b ac 24 a0 00 


Register to memory mapping:

RAX=0x0000000000000424 is an unknown value
RBX=0x0000000000000035 is an unknown value
RCX=0x0000000000000000 is an unknown value
RDX=0x0000000000000002 is an unknown value
RSP=0x000000000f51e880 is pointing into the stack for thread: 0x000000000e7b3800
RBP=0x0000000000000004 is an unknown value
RSI=0x00000000136b3148 is an unknown value
RDI=0x0000000010921ad8 is an unknown value
R8 =0x0000000000000003 is an unknown value
R9 =0x0000000000000001 is an unknown value
R10=0x00000000aaaaaaab is an unknown value
R11=0x00000000004f3000 is an unknown value
R12=0x0000000000000035 is an unknown value
R13=0x000000000000000c is an unknown value
R14=0x000000000ebd57d0 is an unknown value
R15=0x0000000000000000 is an unknown value


Stack: [0x000000000f420000,0x000000000f520000],  sp=0x000000000f51e880,  free space=1018k
Native frames: (J=compiled Java code, j=interpreted, Vv=VM code, C=native code)
C  [ig4icd64.dll+0x26482e]

Java frames: (J=compiled Java code, j=interpreted, Vv=VM code)
j  org.lwjgl.opengl.GL11.nglDrawElementsBO(IIIJJ)V+0
j  org.lwjgl.opengl.GL11.glDrawElements(IIIJ)V+28
j  com.badlogic.gdx.backends.lwjgl.LwjglGL20.glDrawElements(IIII)V+6
j  com.marcowong.motoman.GL20Debug.glDrawElements(IIII)V+60
j  com.marcowong.motoman.GL20Optimized.glDrawElements(IIII)V+9
j  com.badlogic.gdx.graphics.Mesh.render(Lcom/badlogic/gdx/graphics/glutils/ShaderProgram;III)V+174
j  com.badlogic.gdx.graphics.Mesh.render(Lcom/badlogic/gdx/graphics/glutils/ShaderProgram;I)V+27
j  com.badlogic.gdx.graphics.g3d.model.still.StillModel.render(Lcom/badlogic/gdx/graphics/glutils/ShaderProgram;)V+79
j  com.marcowong.motoman.BackgroundObjs.render(Lcom/badlogic/gdx/graphics/glutils/ShaderProgram;Lcom/badlogic/gdx/graphics/Camera;)V+128
j  com.marcowong.motoman.MotomanGameScreen.render(F)V+524
j  com.badlogic.gdx.Game.render()V+19
j  com.marcowong.motoman.MotomanGame.render()V+7
j  com.badlogic.gdx.backends.lwjgl.LwjglApplication.mainLoop()V+491
j  com.badlogic.gdx.backends.lwjgl.LwjglApplication$1.run()V+27
v  ~StubRoutines::call_stub

---------------  P R O C E S S  ---------------

Java Threads: ( => current thread )
  0x0000000014b21000 JavaThread "LWJGL Timer" daemon [_thread_blocked, id=11088, stack(0x0000000013bd0000,0x0000000013cd0000)]
  0x0000000014a1e800 JavaThread "pool-2-thread-1" [_thread_blocked, id=13828, stack(0x0000000014740000,0x0000000014840000)]
  0x000000000e6d9800 JavaThread "AssetManager-Loader-Thread" daemon [_thread_blocked, id=22164, stack(0x0000000012a80000,0x0000000012b80000)]
  0x0000000002aee000 JavaThread "DestroyJavaVM" [_thread_blocked, id=18980, stack(0x0000000002d40000,0x0000000002e40000)]
=>0x000000000e7b3800 JavaThread "LWJGL Application" [_thread_in_native, id=24524, stack(0x000000000f420000,0x000000000f520000)]
  0x000000000e481800 JavaThread "Service Thread" daemon [_thread_blocked, id=15712, stack(0x000000000e8d0000,0x000000000e9d0000)]
  0x000000000c13b800 JavaThread "C2 CompilerThread1" daemon [_thread_blocked, id=17452, stack(0x000000000e380000,0x000000000e480000)]
  0x000000000c135800 JavaThread "C2 CompilerThread0" daemon [_thread_blocked, id=18864, stack(0x000000000e170000,0x000000000e270000)]
  0x000000000c125000 JavaThread "JDWP Command Reader" daemon [_thread_in_native, id=22948, stack(0x000000000dfc0000,0x000000000e0c0000)]
  0x000000000c124000 JavaThread "JDWP Event Helper Thread" daemon [_thread_blocked, id=23356, stack(0x000000000dd30000,0x000000000de30000)]
  0x000000000c117800 JavaThread "JDWP Transport Listener: dt_socket" daemon [_thread_blocked, id=17212, stack(0x000000000db50000,0x000000000dc50000)]
  0x000000000c111800 JavaThread "Attach Listener" daemon [_thread_blocked, id=20436, stack(0x000000000d410000,0x000000000d510000)]
  0x000000000c10a000 JavaThread "Signal Dispatcher" daemon [_thread_blocked, id=22000, stack(0x000000000cf60000,0x000000000d060000)]
  0x0000000002a18800 JavaThread "Finalizer" daemon [_thread_blocked, id=19396, stack(0x000000000d210000,0x000000000d310000)]
  0x0000000002a11800 JavaThread "Reference Handler" daemon [_thread_blocked, id=24416, stack(0x000000000d080000,0x000000000d180000)]

Other Threads:
  0x000000000c052800 VMThread [stack: 0x000000000ce20000,0x000000000cf20000] [id=24560]
  0x000000000e496000 WatcherThread [stack: 0x000000000ea10000,0x000000000eb10000] [id=19736]

VM state:not at safepoint (normal execution)

VM Mutex/Monitor currently owned by a thread: None

Heap
 PSYoungGen      total 37696K, used 544K [0x00000000d5eb0000, 0x00000000d88c0000, 0x0000000000000000)
  eden space 32320K, 1% used [0x00000000d5eb0000,0x00000000d5f38018,0x00000000d7e40000)
  from space 5376K, 0% used [0x00000000d8380000,0x00000000d8380000,0x00000000d88c0000)
  to   space 5376K, 0% used [0x00000000d7e40000,0x00000000d7e40000,0x00000000d8380000)
 ParOldGen       total 86144K, used 3102K [0x0000000081c00000, 0x0000000087020000, 0x00000000d5eb0000)
  object space 86144K, 3% used [0x0000000081c00000,0x0000000081f07b08,0x0000000087020000)
 PSPermGen       total 21248K, used 7621K [0x000000007ca00000, 0x000000007dec0000, 0x0000000081c00000)
  object space 21248K, 35% used [0x000000007ca00000,0x000000007d171770,0x000000007dec0000)

Code Cache  [0x0000000002e40000, 0x00000000030b0000, 0x0000000005e40000)
 total_blobs=535 nmethods=152 adapters=342 free_code_cache=48111Kb largest_free_block=49235648

Compilation events (10 events):
Event: 2.583 Thread 0x000000000c135800 nmethod 144 0x0000000002f1a210 code [0x0000000002f1a360, 0x0000000002f1a5d8]
Event: 2.584 Thread 0x000000000c135800  145             com.jcraft.jorbis.StaticCodeBook::unpack (494 bytes)
Event: 2.584 Thread 0x000000000c13b800 nmethod 4% 0x0000000002f163d0 code [0x0000000002f16520, 0x0000000002f16998]
Event: 2.598 Thread 0x000000000c13b800  146             com.jcraft.jorbis.CodeBook::make_words (239 bytes)
Event: 2.610 Thread 0x000000000c13b800 nmethod 146 0x0000000002f17210 code [0x0000000002f17380, 0x0000000002f17a58]
Event: 2.610 Thread 0x000000000c13b800  147             com.jcraft.jorbis.CodeBook::make_decode_tree (377 bytes)
Event: 2.661 Thread 0x000000000c135800 nmethod 145 0x0000000002f48250 code [0x0000000002f484a0, 0x0000000002f49d28]
Event: 2.661 Thread 0x000000000c135800    5 %           com.jcraft.jorbis.StaticCodeBook::unquantize @ 99 (293 bytes)
Event: 2.676 Thread 0x000000000c13b800 nmethod 147 0x0000000002f18690 code [0x0000000002f18840, 0x0000000002f194d8]
Event: 2.682 Thread 0x000000000c135800 nmethod 5% 0x0000000002f4a910 code [0x0000000002f4aa80, 0x0000000002f4b5d8]

GC Heap History (8 events):
Event: 2.444 GC heap before
{Heap before GC invocations=1 (full 0):
 PSYoungGen      total 37696K, used 30301K [0x00000000d5eb0000, 0x00000000d88c0000, 0x0000000000000000)
  eden space 32320K, 93% used [0x00000000d5eb0000,0x00000000d7c47788,0x00000000d7e40000)
  from space 5376K, 0% used [0x00000000d8380000,0x00000000d8380000,0x00000000d88c0000)
  to   space 5376K, 0% used [0x00000000d7e40000,0x00000000d7e40000,0x00000000d8380000)
 ParOldGen       total 86144K, used 0K [0x0000000081c00000, 0x0000000087020000, 0x00000000d5eb0000)
  object space 86144K, 0% used [0x0000000081c00000,0x0000000081c00000,0x0000000087020000)
 PSPermGen       total 21248K, used 6947K [0x000000007ca00000, 0x000000007dec0000, 0x0000000081c00000)
  object space 21248K, 32% used [0x000000007ca00000,0x000000007d0c8fe8,0x000000007dec0000)
Event: 2.449 GC heap after
Heap after GC invocations=1 (full 0):
 PSYoungGen      total 37696K, used 3529K [0x00000000d5eb0000, 0x00000000d88c0000, 0x0000000000000000)
  eden space 32320K, 0% used [0x00000000d5eb0000,0x00000000d5eb0000,0x00000000d7e40000)
  from space 5376K, 65% used [0x00000000d7e40000,0x00000000d81b26c0,0x00000000d8380000)
  to   space 5376K, 0% used [0x00000000d8380000,0x00000000d8380000,0x00000000d88c0000)
 ParOldGen       total 86144K, used 8K [0x0000000081c00000, 0x0000000087020000, 0x00000000d5eb0000)
  object space 86144K, 0% used [0x0000000081c00000,0x0000000081c02000,0x0000000087020000)
 PSPermGen       total 21248K, used 6947K [0x000000007ca00000, 0x000000007dec0000, 0x0000000081c00000)
  object space 21248K, 32% used [0x000000007ca00000,0x000000007d0c8fe8,0x000000007dec0000)
}
Event: 2.449 GC heap before
{Heap before GC invocations=2 (full 1):
 PSYoungGen      total 37696K, used 3529K [0x00000000d5eb0000, 0x00000000d88c0000, 0x0000000000000000)
  eden space 32320K, 0% used [0x00000000d5eb0000,0x00000000d5eb0000,0x00000000d7e40000)
  from space 5376K, 65% used [0x00000000d7e40000,0x00000000d81b26c0,0x00000000d8380000)
  to   space 5376K, 0% used [0x00000000d8380000,0x00000000d8380000,0x00000000d88c0000)
 ParOldGen       total 86144K, used 8K [0x0000000081c00000, 0x0000000087020000, 0x00000000d5eb0000)
  object space 86144K, 0% used [0x0000000081c00000,0x0000000081c02000,0x0000000087020000)
 PSPermGen       total 21248K, used 6947K [0x000000007ca00000, 0x000000007dec0000, 0x0000000081c00000)
  object space 21248K, 32% used [0x000000007ca00000,0x000000007d0c8fe8,0x000000007dec0000)
Event: 2.465 GC heap after
Heap after GC invocations=2 (full 1):
 PSYoungGen      total 37696K, used 0K [0x00000000d5eb0000, 0x00000000d88c0000, 0x0000000000000000)
  eden space 32320K, 0% used [0x00000000d5eb0000,0x00000000d5eb0000,0x00000000d7e40000)
  from space 5376K, 0% used [0x00000000d7e40000,0x00000000d7e40000,0x00000000d8380000)
  to   space 5376K, 0% used [0x00000000d8380000,0x00000000d8380000,0x00000000d88c0000)
 ParOldGen       total 86144K, used 3328K [0x0000000081c00000, 0x0000000087020000, 0x00000000d5eb0000)
  object space 86144K, 3% used [0x0000000081c00000,0x0000000081f40258,0x0000000087020000)
 PSPermGen       total 21248K, used 6945K [0x000000007ca00000, 0x000000007dec0000, 0x0000000081c00000)
  object space 21248K, 32% used [0x000000007ca00000,0x000000007d0c86f8,0x000000007dec0000)
}
Event: 2.615 GC heap before
{Heap before GC invocations=3 (full 1):
 PSYoungGen      total 37696K, used 4567K [0x00000000d5eb0000, 0x00000000d88c0000, 0x0000000000000000)
  eden space 32320K, 14% used [0x00000000d5eb0000,0x00000000d6325ce0,0x00000000d7e40000)
  from space 5376K, 0% used [0x00000000d7e40000,0x00000000d7e40000,0x00000000d8380000)
  to   space 5376K, 0% used [0x00000000d8380000,0x00000000d8380000,0x00000000d88c0000)
 ParOldGen       total 86144K, used 3328K [0x0000000081c00000, 0x0000000087020000, 0x00000000d5eb0000)
  object space 86144K, 3% used [0x0000000081c00000,0x0000000081f40258,0x0000000087020000)
 PSPermGen       total 21248K, used 7583K [0x000000007ca00000, 0x000000007dec0000, 0x0000000081c00000)
  object space 21248K, 35% used [0x000000007ca00000,0x000000007d167ea0,0x000000007dec0000)
Event: 2.632 GC heap after
Heap after GC invocations=3 (full 1):
 PSYoungGen      total 37696K, used 1697K [0x00000000d5eb0000, 0x00000000d88c0000, 0x0000000000000000)
  eden space 32320K, 0% used [0x00000000d5eb0000,0x00000000d5eb0000,0x00000000d7e40000)
  from space 5376K, 31% used [0x00000000d8380000,0x00000000d85284e8,0x00000000d88c0000)
  to   space 5376K, 0% used [0x00000000d7e40000,0x00000000d7e40000,0x00000000d8380000)
 ParOldGen       total 86144K, used 3328K [0x0000000081c00000, 0x0000000087020000, 0x00000000d5eb0000)
  object space 86144K, 3% used [0x0000000081c00000,0x0000000081f40258,0x0000000087020000)
 PSPermGen       total 21248K, used 7583K [0x000000007ca00000, 0x000000007dec0000, 0x0000000081c00000)
  object space 21248K, 35% used [0x000000007ca00000,0x000000007d167ea0,0x000000007dec0000)
}
Event: 2.632 GC heap before
{Heap before GC invocations=4 (full 2):
 PSYoungGen      total 37696K, used 1697K [0x00000000d5eb0000, 0x00000000d88c0000, 0x0000000000000000)
  eden space 32320K, 0% used [0x00000000d5eb0000,0x00000000d5eb0000,0x00000000d7e40000)
  from space 5376K, 31% used [0x00000000d8380000,0x00000000d85284e8,0x00000000d88c0000)
  to   space 5376K, 0% used [0x00000000d7e40000,0x00000000d7e40000,0x00000000d8380000)
 ParOldGen       total 86144K, used 3328K [0x0000000081c00000, 0x0000000087020000, 0x00000000d5eb0000)
  object space 86144K, 3% used [0x0000000081c00000,0x0000000081f40258,0x0000000087020000)
 PSPermGen       total 21248K, used 7583K [0x000000007ca00000, 0x000000007dec0000, 0x0000000081c00000)
  object space 21248K, 35% used [0x000000007ca00000,0x000000007d167ea0,0x000000007dec0000)
Event: 2.659 GC heap after
Heap after GC invocations=4 (full 2):
 PSYoungGen      total 37696K, used 0K [0x00000000d5eb0000, 0x00000000d88c0000, 0x0000000000000000)
  eden space 32320K, 0% used [0x00000000d5eb0000,0x00000000d5eb0000,0x00000000d7e40000)
  from space 5376K, 0% used [0x00000000d8380000,0x00000000d8380000,0x00000000d88c0000)
  to   space 5376K, 0% used [0x00000000d7e40000,0x00000000d7e40000,0x00000000d8380000)
 ParOldGen       total 86144K, used 3102K [0x0000000081c00000, 0x0000000087020000, 0x00000000d5eb0000)
  object space 86144K, 3% used [0x0000000081c00000,0x0000000081f07b08,0x0000000087020000)
 PSPermGen       total 21248K, used 7583K [0x000000007ca00000, 0x000000007dec0000, 0x0000000081c00000)
  object space 21248K, 35% used [0x000000007ca00000,0x000000007d167e30,0x000000007dec0000)
}

Deoptimization events (10 events):
Event: 0.718 Thread 0x000000000e7b3800 Uncommon trap -34 fr.pc 0x0000000002ec94a8
Event: 0.718 Thread 0x000000000e7b3800 Uncommon trap -34 fr.pc 0x0000000002ec94a8
Event: 0.718 Thread 0x000000000e7b3800 Uncommon trap -83 fr.pc 0x0000000002ec4ad4
Event: 0.722 Thread 0x000000000e7b3800 Uncommon trap -83 fr.pc 0x0000000002ec2cf8
Event: 0.726 Thread 0x000000000e7b3800 Uncommon trap -83 fr.pc 0x0000000002ec9fa8
Event: 0.834 Thread 0x000000000e7b3800 Uncommon trap -42 fr.pc 0x0000000002eec764
Event: 0.834 Thread 0x000000000e7b3800 Uncommon trap -42 fr.pc 0x0000000002eec764
Event: 0.834 Thread 0x000000000e7b3800 Uncommon trap -42 fr.pc 0x0000000002eec764
Event: 0.835 Thread 0x000000000e7b3800 Uncommon trap -42 fr.pc 0x0000000002eec764
Event: 1.669 Thread 0x000000000e7b3800 Uncommon trap -83 fr.pc 0x0000000002f0eebc

Internal exceptions (10 events):
Event: 2.593 Thread 0x000000000e7b3800 Threw 0x00000000d61f1c30 at C:\jdk7u1_64p\jdk7u5\hotspot\src\share\vm\prims\jvm.cpp:1166
Event: 2.596 Thread 0x000000000e7b3800 Threw 0x00000000d6205610 at C:\jdk7u1_64p\jdk7u5\hotspot\src\share\vm\prims\jvm.cpp:1166
Event: 2.597 Thread 0x000000000e7b3800 Threw 0x00000000d620b600 at C:\jdk7u1_64p\jdk7u5\hotspot\src\share\vm\prims\jvm.cpp:1166
Event: 2.612 Thread 0x000000000e7b3800 Threw 0x00000000d6293f28 at C:\jdk7u1_64p\jdk7u5\hotspot\src\share\vm\prims\jvm.cpp:1166
Event: 2.613 Thread 0x000000000e7b3800 Threw 0x00000000d629f058 at C:\jdk7u1_64p\jdk7u5\hotspot\src\share\vm\prims\jvm.cpp:1166
Event: 2.614 Thread 0x000000000e7b3800 Threw 0x00000000d62a24d8 at C:\jdk7u1_64p\jdk7u5\hotspot\src\share\vm\prims\jvm.cpp:1166
Event: 2.663 Thread 0x000000000e7b3800 Threw 0x00000000d5eb4c60 at C:\jdk7u1_64p\jdk7u5\hotspot\src\share\vm\prims\jvm.cpp:1166
Event: 2.665 Thread 0x000000000e7b3800 Threw 0x00000000d5ebe128 at C:\jdk7u1_64p\jdk7u5\hotspot\src\share\vm\prims\jvm.cpp:1166
Event: 2.674 Thread 0x000000000e7b3800 Threw 0x00000000d5ec4828 at C:\jdk7u1_64p\jdk7u5\hotspot\src\share\vm\prims\jvm.cpp:1166
Event: 2.690 Thread 0x000000000e7b3800 Threw 0x00000000d5edef10 at C:\jdk7u1_64p\jdk7u5\hotspot\src\share\vm\prims\jvm.cpp:1166

Events (10 events):
Event: 2.615 Executing VM operation: ParallelGCSystemGC
Event: 2.659 Executing VM operation: ParallelGCSystemGC done
Event: 2.661 loading class 0x00000000124b8c80
Event: 2.661 loading class 0x00000000124b8c80 done
Event: 2.665 loading class 0x000000000e4eb6a0
Event: 2.665 loading class 0x000000000e4eb6a0 done
Event: 2.674 loading class 0x000000000e783850
Event: 2.674 loading class 0x000000000e783850 done
Event: 2.690 loading class 0x00000000123a2ff0
Event: 2.690 loading class 0x00000000123a2ff0 done


Dynamic libraries:
0x000000003f880000 - 0x000000003f8b4000 	C:\Program Files\Java\jre7\bin\javaw.exe
0x0000000077c30000 - 0x0000000077dd9000 	C:\Windows\SYSTEM32\ntdll.dll
0x0000000077b10000 - 0x0000000077c2f000 	C:\Windows\system32\kernel32.dll
0x00000000fdb00000 - 0x00000000fdb6b000 	C:\Windows\system32\KERNELBASE.dll
0x00000000fe470000 - 0x00000000fe54b000 	C:\Windows\system32\ADVAPI32.dll
0x00000000fde70000 - 0x00000000fdf0f000 	C:\Windows\system32\msvcrt.dll
0x00000000fea30000 - 0x00000000fea4f000 	C:\Windows\SYSTEM32\sechost.dll
0x00000000fef40000 - 0x00000000ff06d000 	C:\Windows\system32\RPCRT4.dll
0x0000000077a10000 - 0x0000000077b0a000 	C:\Windows\system32\USER32.dll
0x00000000fec40000 - 0x00000000feca7000 	C:\Windows\system32\GDI32.dll
0x00000000fff30000 - 0x00000000fff3e000 	C:\Windows\system32\LPK.dll
0x00000000fe940000 - 0x00000000fea09000 	C:\Windows\system32\USP10.dll
0x00000000fcc30000 - 0x00000000fce24000 	C:\Windows\WinSxS\amd64_microsoft.windows.common-controls_6595b64144ccf1df_6.0.7601.17514_none_fa396087175ac9ac\COMCTL32.dll
0x00000000fdf10000 - 0x00000000fdf81000 	C:\Windows\system32\SHLWAPI.dll
0x00000000fde40000 - 0x00000000fde6e000 	C:\Windows\system32\IMM32.DLL
0x00000000feb30000 - 0x00000000fec39000 	C:\Windows\system32\MSCTF.dll
0x00000000fd9d0000 - 0x00000000fda0c000 	C:\Windows\system32\nvinitx.dll
0x000000000f000000 - 0x000000000f006000 	C:\Program Files\NVIDIA Corporation\CoProcManager\_etoured.dll
0x00000000f78f0000 - 0x00000000f7934000 	C:\Program Files\NVIDIA Corporation\CoProcManager\nvd3d9wrapx.dll
0x00000000fe550000 - 0x00000000fe727000 	C:\Windows\system32\SETUPAPI.dll
0x00000000fddb0000 - 0x00000000fdde6000 	C:\Windows\system32\CFGMGR32.dll
0x00000000fea50000 - 0x00000000feb27000 	C:\Windows\system32\OLEAUT32.dll
0x00000000fe730000 - 0x00000000fe933000 	C:\Windows\system32\ole32.dll
0x00000000fdad0000 - 0x00000000fdaea000 	C:\Windows\system32\DEVOBJ.dll
0x00000000f78a0000 - 0x00000000f78e2000 	C:\Program Files\NVIDIA Corporation\CoProcManager\nvdxgiwrapx.dll
0x000000006f3c0000 - 0x000000006f491000 	C:\Program Files\Java\jre7\bin\msvcr100.dll
0x000000006eca0000 - 0x000000006f3ba000 	C:\Program Files\Java\jre7\bin\server\jvm.dll
0x00000000f9930000 - 0x00000000f9939000 	C:\Windows\system32\WSOCK32.dll
0x00000000ffe80000 - 0x00000000ffecd000 	C:\Windows\system32\WS2_32.dll
0x00000000fe030000 - 0x00000000fe038000 	C:\Windows\system32\NSI.dll
0x00000000fb6d0000 - 0x00000000fb70b000 	C:\Windows\system32\WINMM.dll
0x0000000077e00000 - 0x0000000077e07000 	C:\Windows\system32\PSAPI.DLL
0x000000006f570000 - 0x000000006f57f000 	C:\Program Files\Java\jre7\bin\verify.dll
0x000000006f540000 - 0x000000006f568000 	C:\Program Files\Java\jre7\bin\java.dll
0x0000000069990000 - 0x00000000699c5000 	C:\Program Files\Java\jre7\bin\jdwp.dll
0x00000000737d0000 - 0x00000000737d8000 	C:\Program Files\Java\jre7\bin\npt.dll
0x000000006f520000 - 0x000000006f535000 	C:\Program Files\Java\jre7\bin\zip.dll
0x000000006ec00000 - 0x000000006ec09000 	C:\Program Files\Java\jre7\bin\dt_socket.dll
0x00000000fbf60000 - 0x00000000fbf75000 	C:\Windows\system32\NLAapi.dll
0x00000000f1930000 - 0x00000000f1945000 	C:\Windows\system32\napinsp.dll
0x00000000f1910000 - 0x00000000f1929000 	C:\Windows\system32\pnrpnsp.dll
0x00000000fd240000 - 0x00000000fd295000 	C:\Windows\System32\mswsock.dll
0x00000000fd0c0000 - 0x00000000fd11b000 	C:\Windows\system32\DNSAPI.dll
0x00000000f1900000 - 0x00000000f190b000 	C:\Windows\System32\winrnr.dll
0x00000000f18f0000 - 0x00000000f1900000 	C:\Windows\system32\wshbth.dll
0x00000000f80c0000 - 0x00000000f80ef000 	C:\Program Files\Common Files\Microsoft Shared\Windows Live\WLIDNSP.DLL
0x0000000074440000 - 0x0000000074466000 	C:\Program Files\Bonjour\mdnsNSP.dll
0x00000000fa360000 - 0x00000000fa387000 	C:\Windows\system32\Iphlpapi.DLL
0x00000000fa340000 - 0x00000000fa34b000 	C:\Windows\system32\WINNSI.DLL
0x00000000fa1f0000 - 0x00000000fa243000 	C:\Windows\System32\fwpuclnt.dll
0x00000000f80b0000 - 0x00000000f80b8000 	C:\Windows\system32\rasadhlp.dll
0x00000000fc650000 - 0x00000000fc657000 	C:\Windows\System32\wshtcpip.dll
0x0000000065580000 - 0x000000006560d000 	C:\Users\Marco\AppData\Local\Temp\libgdxMarco\123946040\gdx64.dll
0x0000000080000000 - 0x0000000080050000 	C:\Users\Marco\AppData\Local\Temp\libgdxMarco\27538956\lwjgl64.dll
0x00000000f2140000 - 0x00000000f225d000 	C:\Windows\system32\OPENGL32.dll
0x00000000fb200000 - 0x00000000fb22d000 	C:\Windows\system32\GLU32.dll
0x00000000e8fe0000 - 0x00000000e90d1000 	C:\Windows\system32\DDRAW.dll
0x00000000e9110000 - 0x00000000e9118000 	C:\Windows\system32\DCIMAN32.dll
0x00000000fb4d0000 - 0x00000000fb4e8000 	C:\Windows\system32\dwmapi.dll
0x00000000fc940000 - 0x00000000fc94c000 	C:\Windows\system32\VERSION.dll
0x0000000000410000 - 0x0000000000472000 	C:\Users\Marco\AppData\Local\Temp\libgdxMarco\27538956\OpenAL64.dll
0x00000000ff0f0000 - 0x00000000ffe78000 	C:\Windows\system32\SHELL32.dll
0x00000000fd8a0000 - 0x00000000fd8af000 	C:\Windows\system32\CRYPTBASE.dll
0x00000000fb820000 - 0x00000000fb876000 	C:\Windows\system32\uxtheme.dll
0x00000000fe1a0000 - 0x00000000fe239000 	C:\Windows\system32\CLBCatQ.DLL
0x00000000fc190000 - 0x00000000fc2bc000 	C:\Windows\System32\PROPSYS.dll
0x00000000fde00000 - 0x00000000fde39000 	C:\Windows\system32\WINTRUST.dll
0x00000000fdc30000 - 0x00000000fdd9a000 	C:\Windows\system32\CRYPT32.dll
0x00000000fdab0000 - 0x00000000fdabf000 	C:\Windows\system32\MSASN1.dll
0x00000000f7de0000 - 0x00000000f7e68000 	C:\Windows\system32\dsound.dll
0x00000000fc310000 - 0x00000000fc33c000 	C:\Windows\system32\POWRPROF.dll
0x00000000fc2c0000 - 0x00000000fc30b000 	C:\Windows\System32\MMDevApi.dll
0x00000000fb5a0000 - 0x00000000fb5ef000 	C:\Windows\system32\AUDIOSES.DLL
0x000000000f520000 - 0x00000000107f3000 	C:\Windows\system32\ig4icd64.dll
0x0000000002450000 - 0x00000000024b5000 	C:\Program Files\ThinkPad\Bluetooth Software\btmmhook.dll
0x00000000f9470000 - 0x00000000f950c000 	C:\Windows\system32\mscms.dll
0x00000000fc790000 - 0x00000000fc7ae000 	C:\Windows\system32\USERENV.dll
0x00000000fda10000 - 0x00000000fda1f000 	C:\Windows\system32\profapi.dll
0x00000000f20f0000 - 0x00000000f2132000 	C:\Windows\system32\icm32.dll
0x00000000fbae0000 - 0x00000000fbc05000 	C:\Windows\system32\dbghelp.dll

VM Arguments:
jvm_args: -agentlib:jdwp=transport=dt_socket,suspend=y,address=localhost:50360 -XX:-OmitStackTraceInFastThrow -Dfile.encoding=MS950_HKSCS 
java_command: com.marcowong.motoman.Main
Launcher Type: SUN_STANDARD

Environment Variables:
CLASSPATH=.;C:\Program Files (x86)\QuickTime\QTSystem\QTJava.zip
PATH=C:\Program Files\Common Files\Microsoft Shared\Windows Live;C:\Program Files (x86)\Common Files\Microsoft Shared\Windows Live;C:\Windows\system32;C:\Windows;C:\Windows\System32\Wbem;C:\Windows\System32\WindowsPowerShell\v1.0\;C:\Program Files\ThinkPad\Bluetooth Software\;C:\Program Files\ThinkPad\Bluetooth Software\syswow64;C:\Program Files\Broadcom\WHL\;C:\Program Files\Broadcom\WHL\syswow64;C:\Program Files\Broadcom\WHL\SysWow64\;C:\Program Files\Broadcom\WHL\SysWow64\syswow64;C:\Program Files\Intel\WiFi\bin\;C:\Program Files\Common Files\Intel\WirelessCommon\;C:\Program Files\Common Files\Lenovo;C:\Program Files (x86)\Windows Live\Shared;C:\SWTOOLS\ReadyApps;C:\Program Files (x86)\Intel\Services\IPT\;C:\Program Files (x86)\Symantec\VIP Access Client\;C:\Program Files (x86)\Common Files\Lenovo;C:\Program Files (x86)\QuickTime\QTSystem\;C:\Program Files (x86)\CineForm\Tools;C:\Program Files (x86)\GoPro\Tools
USERNAME=Marco
OS=Windows_NT
PROCESSOR_IDENTIFIER=Intel64 Family 6 Model 42 Stepping 7, GenuineIntel



---------------  S Y S T E M  ---------------

OS: Windows 7 , 64 bit Build 7601 Service Pack 1

CPU:total 4 (2 cores per cpu, 2 threads per core) family 6 model 42 stepping 7, cmov, cx8, fxsr, mmx, sse, sse2, sse3, ssse3, sse4.1, sse4.2, popcnt, avx, ht, tsc, tscinvbit

Memory: 4k page, physical 8269040k(4897652k free), swap 16536220k(11728224k free)

vm_info: Java HotSpot(TM) 64-Bit Server VM (23.1-b03) for windows-amd64 JRE (1.7.0_05-b05), built on May 15 2012 18:09:30 by "java_re" with unknown MS VC++:1600

time: Tue Jun 04 02:44:48 2013
elapsed time: 2 seconds

