#
# A fatal error has been detected by the Java Runtime Environment:
#
#  EXCEPTION_ACCESS_VIOLATION (0xc0000005) at pc=0x000000000f68482e, pid=1528, tid=5672
#
# JRE version: 7.0_05-b05
# Java VM: Java HotSpot(TM) 64-Bit Server VM (23.1-b03 mixed mode windows-amd64 compressed oops)
# Problematic frame:
# C  [ig4icd64.dll+0x26482e]
#
# Failed to write core dump. Minidumps are not enabled by default on client versions of Windows
#
# If you would like to submit a bug report, please visit:
#   http://bugreport.sun.com/bugreport/crash.jsp
# The crash happened outside the Java Virtual Machine in native code.
# See problematic frame for where to report the bug.
#

---------------  T H R E A D  ---------------

Current thread (0x000000000e3bb000):  JavaThread "LWJGL Application" [_thread_in_native, id=5672, stack(0x000000000eeb0000,0x000000000efb0000)]

siginfo: ExceptionCode=0xc0000005, reading address 0x000000000000001c

Registers:
RAX=0x0000000000000000, RBX=0x0000000000000000, RCX=0x0000000000000000, RDX=0x0000000000000001
RSP=0x000000000efaee30, RBP=0x0000000000000002, RSI=0x0000000012b14808, RDI=0x000000001071d8d8
R8 =0x0000000000000004, R9 =0x0000000000000000, R10=0x00000000aaaaaaab, R11=0x0000000000000018
R12=0x0000000000000000, R13=0x0000000000000000, R14=0x000000000d90fe40, R15=0x0000000000000000
RIP=0x000000000f68482e, EFLAGS=0x0000000000010246

Top of Stack: (sp=0x000000000efaee30)
0x000000000efaee30:   000000000efaee58 0000000000000000
0x000000000efaee40:   0000000012c33690 0000000000000000
0x000000000efaee50:   0000000000000001 0000000000000000
0x000000000efaee60:   0000000000000004 0000000000000000
0x000000000efaee70:   0000000000000000 0000000000000000
0x000000000efaee80:   0000000000000000 0000000000000000
0x000000000efaee90:   0000000012b14808 0000000000000000
0x000000000efaeea0:   000000000e3bb000 0000000000000000
0x000000000efaeeb0:   0000000000000000 0000000012b142b0
0x000000000efaeec0:   0000000000000012 000000000f68705f
0x000000000efaeed0:   00000000107126c8 00000000107126c8
0x000000000efaeee0:   0000000000000000 0000000000000000
0x000000000efaeef0:   0000000012b14808 0000000000000000
0x000000000efaef00:   000000000e3bb000 0000000000000000
0x000000000efaef10:   0000000000000004 0000000000080038
0x000000000efaef20:   0000000000000012 0000000000000012 

Instructions: (pc=0x000000000f68482e)
0x000000000f68480e:   83 e9 01 74 12 83 f9 01 0f 85 26 02 00 00 41 8b
0x000000000f68481e:   43 0c 41 89 44 ee 0c 41 8b 43 08 41 89 44 ee 08
0x000000000f68482e:   41 8b 43 04 41 89 44 ee 04 41 8b 03 4c 8b 4c 24
0x000000000f68483e:   28 4c 8b 44 24 30 41 89 04 ee 48 8b ac 24 a0 00 


Register to memory mapping:

RAX=0x0000000000000000 is an unknown value
RBX=0x0000000000000000 is an unknown value
RCX=0x0000000000000000 is an unknown value
RDX=0x0000000000000001 is an unknown value
RSP=0x000000000efaee30 is pointing into the stack for thread: 0x000000000e3bb000
RBP=0x0000000000000002 is an unknown value
RSI=0x0000000012b14808 is an unknown value
RDI=0x000000001071d8d8 is an unknown value
R8 =0x0000000000000004 is an unknown value
R9 =0x0000000000000000 is an unknown value
R10=0x00000000aaaaaaab is an unknown value
R11=0x0000000000000018 is an unknown value
R12=0x0000000000000000 is an unknown value
R13=0x0000000000000000 is an unknown value
R14=0x000000000d90fe40 is an unknown value
R15=0x0000000000000000 is an unknown value


Stack: [0x000000000eeb0000,0x000000000efb0000],  sp=0x000000000efaee30,  free space=1019k
Native frames: (J=compiled Java code, j=interpreted, Vv=VM code, C=native code)
C  [ig4icd64.dll+0x26482e]

Java frames: (J=compiled Java code, j=interpreted, Vv=VM code)
j  org.lwjgl.opengl.GL11.nglDrawArrays(IIIJ)V+0
j  org.lwjgl.opengl.GL11.glDrawArrays(III)V+20
j  com.badlogic.gdx.backends.lwjgl.LwjglGL20.glDrawArrays(III)V+3
j  com.badlogic.gdx.graphics.Mesh.render(Lcom/badlogic/gdx/graphics/glutils/ShaderProgram;III)V+189
j  com.marcowong.motoman.InstancingModel.render(Lcom/badlogic/gdx/graphics/glutils/ShaderProgram;I)V+91
j  com.marcowong.motoman.Track.renderTrackModelI(Lcom/badlogic/gdx/graphics/glutils/ShaderProgram;Lcom/badlogic/gdx/graphics/Camera;I)V+28
j  com.marcowong.motoman.Track.render(Lcom/badlogic/gdx/graphics/glutils/ShaderProgram;Lcom/badlogic/gdx/graphics/Camera;)V+358
j  com.marcowong.motoman.MotomanGameScreen.render(F)V+454
j  com.badlogic.gdx.Game.render()V+19
j  com.badlogic.gdx.backends.lwjgl.LwjglApplication.mainLoop()V+491
j  com.badlogic.gdx.backends.lwjgl.LwjglApplication$1.run()V+27
v  ~StubRoutines::call_stub

---------------  P R O C E S S  ---------------

Java Threads: ( => current thread )
  0x0000000013612800 JavaThread "AssetManager-Loader-Thread" daemon [_thread_blocked, id=7284, stack(0x0000000014750000,0x0000000014850000)]
  0x0000000001e3e000 JavaThread "DestroyJavaVM" [_thread_blocked, id=4732, stack(0x00000000026c0000,0x00000000027c0000)]
=>0x000000000e3bb000 JavaThread "LWJGL Application" [_thread_in_native, id=5672, stack(0x000000000eeb0000,0x000000000efb0000)]
  0x000000000e144800 JavaThread "Service Thread" daemon [_thread_blocked, id=7248, stack(0x000000000dd30000,0x000000000de30000)]
  0x000000000bafa800 JavaThread "C2 CompilerThread1" daemon [_thread_blocked, id=7184, stack(0x000000000e040000,0x000000000e140000)]
  0x000000000baf5000 JavaThread "C2 CompilerThread0" daemon [_thread_blocked, id=4204, stack(0x000000000de60000,0x000000000df60000)]
  0x000000000bae6000 JavaThread "JDWP Command Reader" daemon [_thread_in_native, id=1668, stack(0x000000000dad0000,0x000000000dbd0000)]
  0x000000000bae5000 JavaThread "JDWP Event Helper Thread" daemon [_thread_blocked, id=7904, stack(0x000000000dc20000,0x000000000dd20000)]
  0x000000000bad7800 JavaThread "JDWP Transport Listener: dt_socket" daemon [_thread_blocked, id=7088, stack(0x000000000d9b0000,0x000000000dab0000)]
  0x000000000bad1800 JavaThread "Attach Listener" daemon [_thread_blocked, id=1248, stack(0x000000000d0b0000,0x000000000d1b0000)]
  0x000000000baca000 JavaThread "Signal Dispatcher" daemon [_thread_blocked, id=6740, stack(0x000000000ced0000,0x000000000cfd0000)]
  0x0000000002628800 JavaThread "Finalizer" daemon [_thread_blocked, id=2720, stack(0x000000000caa0000,0x000000000cba0000)]
  0x0000000002621800 JavaThread "Reference Handler" daemon [_thread_blocked, id=1100, stack(0x000000000cd50000,0x000000000ce50000)]

Other Threads:
  0x000000000ba12800 VMThread [stack: 0x000000000cba0000,0x000000000cca0000] [id=4304]
  0x000000000baff000 WatcherThread [stack: 0x000000000e5a0000,0x000000000e6a0000] [id=128]

VM state:not at safepoint (normal execution)

VM Mutex/Monitor currently owned by a thread: None

Heap
 PSYoungGen      total 37696K, used 12040K [0x00000000d5eb0000, 0x00000000d88c0000, 0x0000000000000000)
  eden space 32320K, 30% used [0x00000000d5eb0000,0x00000000d6832580,0x00000000d7e40000)
  from space 5376K, 42% used [0x00000000d8380000,0x00000000d85bfae8,0x00000000d88c0000)
  to   space 5376K, 0% used [0x00000000d7e40000,0x00000000d7e40000,0x00000000d8380000)
 ParOldGen       total 86144K, used 16K [0x0000000081c00000, 0x0000000087020000, 0x00000000d5eb0000)
  object space 86144K, 0% used [0x0000000081c00000,0x0000000081c04000,0x0000000087020000)
 PSPermGen       total 21248K, used 7256K [0x000000007ca00000, 0x000000007dec0000, 0x0000000081c00000)
  object space 21248K, 34% used [0x000000007ca00000,0x000000007d116070,0x000000007dec0000)

Code Cache  [0x0000000002890000, 0x0000000002b00000, 0x0000000005890000)
 total_blobs=570 nmethods=195 adapters=334 free_code_cache=47922Kb largest_free_block=49008448

Compilation events (10 events):
Event: 3.016 Thread 0x000000000bafa800 nmethod 182 0x0000000002992450 code [0x0000000002992580, 0x0000000002992618]
Event: 3.016 Thread 0x000000000bafa800  183             com.jcraft.jogg.Page::checksum (168 bytes)
Event: 3.018 Thread 0x000000000baf5000 nmethod 180 0x000000000296dc90 code [0x000000000296de00, 0x000000000296e558]
Event: 3.018 Thread 0x000000000baf5000  184             com.jcraft.jogg.Buffer::read1 (122 bytes)
Event: 3.019 Thread 0x000000000baf5000 nmethod 184 0x0000000002986e90 code [0x0000000002986fc0, 0x00000000029870d8]
Event: 3.019 Thread 0x000000000baf5000  185             com.jcraft.jorbis.Floor1::inverse1 (587 bytes)
Event: 3.032 Thread 0x000000000bafa800 nmethod 183 0x000000000299d0d0 code [0x000000000299d220, 0x000000000299dc78]
Event: 3.032 Thread 0x000000000bafa800  186             com.jcraft.jorbis.Residue0::_2inverse (271 bytes)
Event: 3.052 Thread 0x000000000bafa800 nmethod 186 0x00000000029c7ed0 code [0x00000000029c8080, 0x00000000029c93b8]
Event: 3.082 Thread 0x000000000baf5000 nmethod 185 0x00000000029ce710 code [0x00000000029ce920, 0x00000000029d1658]

GC Heap History (4 events):
Event: 1.140 GC heap before
{Heap before GC invocations=1 (full 0):
 PSYoungGen      total 37696K, used 32320K [0x00000000d5eb0000, 0x00000000d88c0000, 0x0000000000000000)
  eden space 32320K, 100% used [0x00000000d5eb0000,0x00000000d7e40000,0x00000000d7e40000)
  from space 5376K, 0% used [0x00000000d8380000,0x00000000d8380000,0x00000000d88c0000)
  to   space 5376K, 0% used [0x00000000d7e40000,0x00000000d7e40000,0x00000000d8380000)
 ParOldGen       total 86144K, used 0K [0x0000000081c00000, 0x0000000087020000, 0x00000000d5eb0000)
  object space 86144K, 0% used [0x0000000081c00000,0x0000000081c00000,0x0000000087020000)
 PSPermGen       total 21248K, used 6176K [0x000000007ca00000, 0x000000007dec0000, 0x0000000081c00000)
  object space 21248K, 29% used [0x000000007ca00000,0x000000007d0083d0,0x000000007dec0000)
Event: 1.143 GC heap after
Heap after GC invocations=1 (full 0):
 PSYoungGen      total 37696K, used 3074K [0x00000000d5eb0000, 0x00000000d88c0000, 0x0000000000000000)
  eden space 32320K, 0% used [0x00000000d5eb0000,0x00000000d5eb0000,0x00000000d7e40000)
  from space 5376K, 57% used [0x00000000d7e40000,0x00000000d81408e0,0x00000000d8380000)
  to   space 5376K, 0% used [0x00000000d8380000,0x00000000d8380000,0x00000000d88c0000)
 ParOldGen       total 86144K, used 8K [0x0000000081c00000, 0x0000000087020000, 0x00000000d5eb0000)
  object space 86144K, 0% used [0x0000000081c00000,0x0000000081c02000,0x0000000087020000)
 PSPermGen       total 21248K, used 6176K [0x000000007ca00000, 0x000000007dec0000, 0x0000000081c00000)
  object space 21248K, 29% used [0x000000007ca00000,0x000000007d0083d0,0x000000007dec0000)
}
Event: 2.125 GC heap before
{Heap before GC invocations=2 (full 0):
 PSYoungGen      total 37696K, used 35394K [0x00000000d5eb0000, 0x00000000d88c0000, 0x0000000000000000)
  eden space 32320K, 100% used [0x00000000d5eb0000,0x00000000d7e40000,0x00000000d7e40000)
  from space 5376K, 57% used [0x00000000d7e40000,0x00000000d81408e0,0x00000000d8380000)
  to   space 5376K, 0% used [0x00000000d8380000,0x00000000d8380000,0x00000000d88c0000)
 ParOldGen       total 86144K, used 8K [0x0000000081c00000, 0x0000000087020000, 0x00000000d5eb0000)
  object space 86144K, 0% used [0x0000000081c00000,0x0000000081c02000,0x0000000087020000)
 PSPermGen       total 21248K, used 6814K [0x000000007ca00000, 0x000000007dec0000, 0x0000000081c00000)
  object space 21248K, 32% used [0x000000007ca00000,0x000000007d0a7a70,0x000000007dec0000)
Event: 2.132 GC heap after
Heap after GC invocations=2 (full 0):
 PSYoungGen      total 37696K, used 2302K [0x00000000d5eb0000, 0x00000000d88c0000, 0x0000000000000000)
  eden space 32320K, 0% used [0x00000000d5eb0000,0x00000000d5eb0000,0x00000000d7e40000)
  from space 5376K, 42% used [0x00000000d8380000,0x00000000d85bfae8,0x00000000d88c0000)
  to   space 5376K, 0% used [0x00000000d7e40000,0x00000000d7e40000,0x00000000d8380000)
 ParOldGen       total 86144K, used 16K [0x0000000081c00000, 0x0000000087020000, 0x00000000d5eb0000)
  object space 86144K, 0% used [0x0000000081c00000,0x0000000081c04000,0x0000000087020000)
 PSPermGen       total 21248K, used 6814K [0x000000007ca00000, 0x000000007dec0000, 0x0000000081c00000)
  object space 21248K, 32% used [0x000000007ca00000,0x000000007d0a7a70,0x000000007dec0000)
}

Deoptimization events (7 events):
Event: 1.219 Thread 0x000000000e3bb000 Uncommon trap 293 fr.pc 0x000000000292baa4
Event: 1.417 Thread 0x000000000e3bb000 Uncommon trap -83 fr.pc 0x0000000002943cd8
Event: 1.927 Thread 0x000000000e3bb000 Uncommon trap -83 fr.pc 0x00000000029462ac
Event: 2.091 Thread 0x000000000e3bb000 Uncommon trap -42 fr.pc 0x000000000295fee4
Event: 2.091 Thread 0x000000000e3bb000 Uncommon trap -42 fr.pc 0x000000000295fee4
Event: 2.091 Thread 0x000000000e3bb000 Uncommon trap -42 fr.pc 0x000000000295fee4
Event: 2.091 Thread 0x000000000e3bb000 Uncommon trap -42 fr.pc 0x000000000295fee4

Internal exceptions (10 events):
Event: 2.797 Thread 0x000000000e3bb000 Threw 0x00000000d67692c8 at C:\jdk7u1_64p\jdk7u5\hotspot\src\share\vm\prims\jvm.cpp:1166
Event: 2.805 Thread 0x000000000e3bb000 Threw 0x00000000d676d0d0 at C:\jdk7u1_64p\jdk7u5\hotspot\src\share\vm\prims\jvm.cpp:1166
Event: 2.831 Thread 0x000000000e3bb000 Threw 0x00000000d6778c10 at C:\jdk7u1_64p\jdk7u5\hotspot\src\share\vm\prims\jvm.cpp:1166
Event: 2.832 Thread 0x000000000e3bb000 Threw 0x00000000d677c438 at C:\jdk7u1_64p\jdk7u5\hotspot\src\share\vm\prims\jvm.cpp:1166
Event: 2.832 Thread 0x000000000e3bb000 Threw 0x00000000d6780460 at C:\jdk7u1_64p\jdk7u5\hotspot\src\share\vm\prims\jvm.cpp:1166
Event: 2.834 Thread 0x000000000e3bb000 Threw 0x00000000d6784c78 at C:\jdk7u1_64p\jdk7u5\hotspot\src\share\vm\prims\jvm.cpp:1166
Event: 2.835 Thread 0x000000000e3bb000 Threw 0x00000000d67894d0 at C:\jdk7u1_64p\jdk7u5\hotspot\src\share\vm\prims\jvm.cpp:1166
Event: 2.835 Thread 0x000000000e3bb000 Threw 0x00000000d678c120 at C:\jdk7u1_64p\jdk7u5\hotspot\src\share\vm\prims\jvm.cpp:1166
Event: 2.837 Thread 0x000000000e3bb000 Threw 0x00000000d678fdb0 at C:\jdk7u1_64p\jdk7u5\hotspot\src\share\vm\prims\jvm.cpp:1166
Event: 2.854 Thread 0x000000000e3bb000 Threw 0x00000000d6798f10 at C:\jdk7u1_64p\jdk7u5\hotspot\src\share\vm\prims\jvm.cpp:1166

Events (10 events):
Event: 8.770 Executing VM operation: GetOrSetLocal
Event: 8.770 Executing VM operation: GetOrSetLocal done
Event: 16.561 Executing VM operation: GetOrSetLocal
Event: 16.561 Executing VM operation: GetOrSetLocal done
Event: 16.565 Executing VM operation: GetOrSetLocal
Event: 16.565 Executing VM operation: GetOrSetLocal done
Event: 16.567 Executing VM operation: GetOrSetLocal
Event: 16.567 Executing VM operation: GetOrSetLocal done
Event: 41.089 Executing VM operation: EnterInterpOnlyMode
Event: 41.089 Executing VM operation: EnterInterpOnlyMode done


Dynamic libraries:
0x000000003ff90000 - 0x000000003ffc4000 	C:\Program Files\Java\jre7\bin\javaw.exe
0x0000000076cc0000 - 0x0000000076e69000 	C:\Windows\SYSTEM32\ntdll.dll
0x00000000766e0000 - 0x00000000767ff000 	C:\Windows\system32\kernel32.dll
0x00000000fd310000 - 0x00000000fd37b000 	C:\Windows\system32\KERNELBASE.dll
0x00000000fe810000 - 0x00000000fe8eb000 	C:\Windows\system32\ADVAPI32.dll
0x00000000feec0000 - 0x00000000fef5f000 	C:\Windows\system32\msvcrt.dll
0x00000000fd4f0000 - 0x00000000fd50f000 	C:\Windows\SYSTEM32\sechost.dll
0x00000000fd5b0000 - 0x00000000fd6dd000 	C:\Windows\system32\RPCRT4.dll
0x00000000765e0000 - 0x00000000766da000 	C:\Windows\system32\USER32.dll
0x00000000fef60000 - 0x00000000fefc7000 	C:\Windows\system32\GDI32.dll
0x00000000feeb0000 - 0x00000000feebe000 	C:\Windows\system32\LPK.dll
0x00000000fd6e0000 - 0x00000000fd7a9000 	C:\Windows\system32\USP10.dll
0x00000000fc340000 - 0x00000000fc534000 	C:\Windows\WinSxS\amd64_microsoft.windows.common-controls_6595b64144ccf1df_6.0.7601.17514_none_fa396087175ac9ac\COMCTL32.dll
0x00000000febc0000 - 0x00000000fec31000 	C:\Windows\system32\SHLWAPI.dll
0x00000000fe9a0000 - 0x00000000fe9ce000 	C:\Windows\system32\IMM32.DLL
0x00000000feab0000 - 0x00000000febb9000 	C:\Windows\system32\MSCTF.dll
0x00000000fd0e0000 - 0x00000000fd11c000 	C:\Windows\system32\nvinitx.dll
0x000000000f000000 - 0x000000000f006000 	C:\Program Files\NVIDIA Corporation\CoProcManager\_etoured.dll
0x00000000f7380000 - 0x00000000f73c4000 	C:\Program Files\NVIDIA Corporation\CoProcManager\nvd3d9wrapx.dll
0x00000000fecd0000 - 0x00000000feea7000 	C:\Windows\system32\SETUPAPI.dll
0x00000000fd1d0000 - 0x00000000fd206000 	C:\Windows\system32\CFGMGR32.dll
0x00000000fe9d0000 - 0x00000000feaa7000 	C:\Windows\system32\OLEAUT32.dll
0x00000000fd850000 - 0x00000000fda53000 	C:\Windows\system32\ole32.dll
0x00000000fd250000 - 0x00000000fd26a000 	C:\Windows\system32\DEVOBJ.dll
0x00000000f7330000 - 0x00000000f7372000 	C:\Program Files\NVIDIA Corporation\CoProcManager\nvdxgiwrapx.dll
0x000000005b210000 - 0x000000005b2e1000 	C:\Program Files\Java\jre7\bin\msvcr100.dll
0x000000005aaf0000 - 0x000000005b20a000 	C:\Program Files\Java\jre7\bin\server\jvm.dll
0x00000000f9050000 - 0x00000000f9059000 	C:\Windows\system32\WSOCK32.dll
0x00000000fe950000 - 0x00000000fe99d000 	C:\Windows\system32\WS2_32.dll
0x00000000fecc0000 - 0x00000000fecc8000 	C:\Windows\system32\NSI.dll
0x00000000fb310000 - 0x00000000fb34b000 	C:\Windows\system32\WINMM.dll
0x0000000076e90000 - 0x0000000076e97000 	C:\Windows\system32\PSAPI.DLL
0x0000000072d00000 - 0x0000000072d0f000 	C:\Program Files\Java\jre7\bin\verify.dll
0x0000000072cd0000 - 0x0000000072cf8000 	C:\Program Files\Java\jre7\bin\java.dll
0x000000006e330000 - 0x000000006e365000 	C:\Program Files\Java\jre7\bin\jdwp.dll
0x0000000072c50000 - 0x0000000072c58000 	C:\Program Files\Java\jre7\bin\npt.dll
0x0000000072cb0000 - 0x0000000072cc5000 	C:\Program Files\Java\jre7\bin\zip.dll
0x0000000072800000 - 0x0000000072809000 	C:\Program Files\Java\jre7\bin\dt_socket.dll
0x00000000fb2b0000 - 0x00000000fb2c5000 	C:\Windows\system32\NLAapi.dll
0x00000000faf90000 - 0x00000000fafa5000 	C:\Windows\system32\napinsp.dll
0x00000000faf70000 - 0x00000000faf89000 	C:\Windows\system32\pnrpnsp.dll
0x00000000fc930000 - 0x00000000fc985000 	C:\Windows\System32\mswsock.dll
0x00000000fc7b0000 - 0x00000000fc80b000 	C:\Windows\system32\DNSAPI.dll
0x00000000faff0000 - 0x00000000faffb000 	C:\Windows\System32\winrnr.dll
0x00000000faf60000 - 0x00000000faf70000 	C:\Windows\system32\wshbth.dll
0x00000000f7a70000 - 0x00000000f7a9f000 	C:\Program Files\Common Files\Microsoft Shared\Windows Live\WLIDNSP.DLL
0x0000000072d20000 - 0x0000000072d46000 	C:\Program Files\Bonjour\mdnsNSP.dll
0x00000000f99f0000 - 0x00000000f9a17000 	C:\Windows\system32\Iphlpapi.DLL
0x00000000f99d0000 - 0x00000000f99db000 	C:\Windows\system32\WINNSI.DLL
0x00000000f9860000 - 0x00000000f98b3000 	C:\Windows\System32\fwpuclnt.dll
0x00000000f7a60000 - 0x00000000f7a68000 	C:\Windows\system32\rasadhlp.dll
0x00000000fbfb0000 - 0x00000000fbfb7000 	C:\Windows\System32\wshtcpip.dll
0x0000000065580000 - 0x000000006560d000 	C:\Users\Marco\AppData\Local\Temp\libgdxMarco\123946040\gdx64.dll
0x0000000080000000 - 0x0000000080050000 	C:\Users\Marco\AppData\Local\Temp\libgdxMarco\27538956\lwjgl64.dll
0x00000000f0db0000 - 0x00000000f0ecd000 	C:\Windows\system32\OPENGL32.dll
0x00000000f8580000 - 0x00000000f85ad000 	C:\Windows\system32\GLU32.dll
0x00000000ee970000 - 0x00000000eea61000 	C:\Windows\system32\DDRAW.dll
0x00000000fae80000 - 0x00000000fae88000 	C:\Windows\system32\DCIMAN32.dll
0x00000000fb100000 - 0x00000000fb118000 	C:\Windows\system32\dwmapi.dll
0x00000000fc330000 - 0x00000000fc33c000 	C:\Windows\system32\VERSION.dll
0x00000000002b0000 - 0x0000000000312000 	C:\Users\Marco\AppData\Local\Temp\libgdxMarco\27538956\OpenAL64.dll
0x00000000fda60000 - 0x00000000fe7e8000 	C:\Windows\system32\SHELL32.dll
0x00000000fd010000 - 0x00000000fd01f000 	C:\Windows\system32\CRYPTBASE.dll
0x00000000fb4d0000 - 0x00000000fb526000 	C:\Windows\system32\uxtheme.dll
0x00000000fd7b0000 - 0x00000000fd849000 	C:\Windows\system32\CLBCatQ.DLL
0x00000000fb550000 - 0x00000000fb67c000 	C:\Windows\System32\PROPSYS.dll
0x00000000fd210000 - 0x00000000fd249000 	C:\Windows\system32\WINTRUST.dll
0x00000000fd380000 - 0x00000000fd4ea000 	C:\Windows\system32\CRYPT32.dll
0x00000000fd1c0000 - 0x00000000fd1cf000 	C:\Windows\system32\MSASN1.dll
0x00000000f1850000 - 0x00000000f18d8000 	C:\Windows\system32\dsound.dll
0x00000000fb6f0000 - 0x00000000fb71c000 	C:\Windows\system32\POWRPROF.dll
0x00000000fb6a0000 - 0x00000000fb6eb000 	C:\Windows\System32\MMDevApi.dll
0x00000000fb070000 - 0x00000000fb0bf000 	C:\Windows\system32\AUDIOSES.DLL
0x000000000f420000 - 0x00000000106f3000 	C:\Windows\system32\ig4icd64.dll
0x0000000002630000 - 0x0000000002695000 	C:\Program Files\ThinkPad\Bluetooth Software\btmmhook.dll
0x00000000f7250000 - 0x00000000f72ec000 	C:\Windows\system32\mscms.dll
0x00000000fbe80000 - 0x00000000fbe9e000 	C:\Windows\system32\USERENV.dll
0x00000000fd120000 - 0x00000000fd12f000 	C:\Windows\system32\profapi.dll
0x00000000f10a0000 - 0x00000000f10e2000 	C:\Windows\system32\icm32.dll
0x00000000fab00000 - 0x00000000fac25000 	C:\Windows\system32\dbghelp.dll

VM Arguments:
jvm_args: -agentlib:jdwp=transport=dt_socket,suspend=y,address=localhost:49947 -Dfile.encoding=MS950_HKSCS 
java_command: com.marcowong.motoman.Main
Launcher Type: SUN_STANDARD

Environment Variables:
CLASSPATH=.;C:\Program Files (x86)\QuickTime\QTSystem\QTJava.zip
PATH=C:\Program Files\Common Files\Microsoft Shared\Windows Live;C:\Program Files (x86)\Common Files\Microsoft Shared\Windows Live;C:\Windows\system32;C:\Windows;C:\Windows\System32\Wbem;C:\Windows\System32\WindowsPowerShell\v1.0\;C:\Program Files\ThinkPad\Bluetooth Software\;C:\Program Files\ThinkPad\Bluetooth Software\syswow64;C:\Program Files\Broadcom\WHL\;C:\Program Files\Broadcom\WHL\syswow64;C:\Program Files\Broadcom\WHL\SysWow64\;C:\Program Files\Broadcom\WHL\SysWow64\syswow64;C:\Program Files\Intel\WiFi\bin\;C:\Program Files\Common Files\Intel\WirelessCommon\;C:\Program Files\Common Files\Lenovo;C:\Program Files (x86)\Windows Live\Shared;C:\SWTOOLS\ReadyApps;C:\Program Files (x86)\Intel\Services\IPT\;C:\Program Files (x86)\Symantec\VIP Access Client\;C:\Program Files (x86)\Common Files\Lenovo;C:\Program Files (x86)\QuickTime\QTSystem\;C:\Program Files (x86)\CineForm\Tools;C:\Program Files (x86)\GoPro\Tools
USERNAME=Marco
OS=Windows_NT
PROCESSOR_IDENTIFIER=Intel64 Family 6 Model 42 Stepping 7, GenuineIntel



---------------  S Y S T E M  ---------------

OS: Windows 7 , 64 bit Build 7601 Service Pack 1

CPU:total 4 (2 cores per cpu, 2 threads per core) family 6 model 42 stepping 7, cmov, cx8, fxsr, mmx, sse, sse2, sse3, ssse3, sse4.1, sse4.2, popcnt, avx, ht, tsc, tscinvbit

Memory: 4k page, physical 8269040k(5106256k free), swap 16536220k(12899032k free)

vm_info: Java HotSpot(TM) 64-Bit Server VM (23.1-b03) for windows-amd64 JRE (1.7.0_05-b05), built on May 15 2012 18:09:30 by "java_re" with unknown MS VC++:1600

time: Thu May 16 14:37:44 2013
elapsed time: 41 seconds

