#
# A fatal error has been detected by the Java Runtime Environment:
#
#  EXCEPTION_ACCESS_VIOLATION (0xc0000005) at pc=0x000000000f68482e, pid=20000, tid=24496
#
# JRE version: 7.0_05-b05
# Java VM: Java HotSpot(TM) 64-Bit Server VM (23.1-b03 mixed mode windows-amd64 compressed oops)
# Problematic frame:
# C  [ig4icd64.dll+0x26482e]
#
# Failed to write core dump. Minidumps are not enabled by default on client versions of Windows
#
# If you would like to submit a bug report, please visit:
#   http://bugreport.sun.com/bugreport/crash.jsp
# The crash happened outside the Java Virtual Machine in native code.
# See problematic frame for where to report the bug.
#

---------------  T H R E A D  ---------------

Current thread (0x000000000e155000):  JavaThread "LWJGL Application" [_thread_in_native, id=24496, stack(0x000000000ee30000,0x000000000ef30000)]

siginfo: ExceptionCode=0xc0000005, reading address 0x0000000000423004

Registers:
RAX=0x0000000000000424, RBX=0x0000000000000035, RCX=0x0000000000000000, RDX=0x0000000000000002
RSP=0x000000000ef2e9b0, RBP=0x0000000000000004, RSI=0x0000000013713148, RDI=0x0000000010721ad8
R8 =0x0000000000000003, R9 =0x0000000000000001, R10=0x00000000aaaaaaab, R11=0x0000000000423000
R12=0x0000000000000035, R13=0x000000000000000c, R14=0x000000000eda57d0, R15=0x0000000000000000
RIP=0x000000000f68482e, EFLAGS=0x0000000000010246

Top of Stack: (sp=0x000000000ef2e9b0)
0x000000000ef2e9b0:   0000000000000000 0000000000000000
0x000000000ef2e9c0:   0000000000000000 0000000000000000
0x000000000ef2e9d0:   0000000000000001 0000000000000001
0x000000000ef2e9e0:   0000000000000003 000000000000000c
0x000000000ef2e9f0:   0000000010716888 0000000013712bf0
0x000000000ef2ea00:   0000000000000000 0000000000000000
0x000000000ef2ea10:   0000000013713148 0000000000000035
0x000000000ef2ea20:   0000000000000144 0000000000000144
0x000000000ef2ea30:   0000000000000000 0000000013712bf0
0x000000000ef2ea40:   0000000000000144 000000000f68705f
0x000000000ef2ea50:   0000000010716888 0000000010716888
0x000000000ef2ea60:   0000000000000035 0000000013713178
0x000000000ef2ea70:   0000000013713148 0000000000000000
0x000000000ef2ea80:   0000000000000144 0000000000000144
0x000000000ef2ea90:   0000000000000000 0000000000080038
0x000000000ef2eaa0:   0000000010716888 0000000000000144 

Instructions: (pc=0x000000000f68482e)
0x000000000f68480e:   83 e9 01 74 12 83 f9 01 0f 85 26 02 00 00 41 8b
0x000000000f68481e:   43 0c 41 89 44 ee 0c 41 8b 43 08 41 89 44 ee 08
0x000000000f68482e:   41 8b 43 04 41 89 44 ee 04 41 8b 03 4c 8b 4c 24
0x000000000f68483e:   28 4c 8b 44 24 30 41 89 04 ee 48 8b ac 24 a0 00 


Register to memory mapping:

RAX=0x0000000000000424 is an unknown value
RBX=0x0000000000000035 is an unknown value
RCX=0x0000000000000000 is an unknown value
RDX=0x0000000000000002 is an unknown value
RSP=0x000000000ef2e9b0 is pointing into the stack for thread: 0x000000000e155000
RBP=0x0000000000000004 is an unknown value
RSI=0x0000000013713148 is an unknown value
RDI=0x0000000010721ad8 is an unknown value
R8 =0x0000000000000003 is an unknown value
R9 =0x0000000000000001 is an unknown value
R10=0x00000000aaaaaaab is an unknown value
R11=0x0000000000423000 is an unknown value
R12=0x0000000000000035 is an unknown value
R13=0x000000000000000c is an unknown value
R14=0x000000000eda57d0 is an unknown value
R15=0x0000000000000000 is an unknown value


Stack: [0x000000000ee30000,0x000000000ef30000],  sp=0x000000000ef2e9b0,  free space=1018k
Native frames: (J=compiled Java code, j=interpreted, Vv=VM code, C=native code)
C  [ig4icd64.dll+0x26482e]

Java frames: (J=compiled Java code, j=interpreted, Vv=VM code)
j  org.lwjgl.opengl.GL11.nglDrawElementsBO(IIIJJ)V+0
j  org.lwjgl.opengl.GL11.glDrawElements(IIIJ)V+28
j  com.badlogic.gdx.backends.lwjgl.LwjglGL20.glDrawElements(IIII)V+6
j  com.marcowong.motoman.GL20Debug.glDrawElements(IIII)V+60
j  com.marcowong.motoman.GL20Optimized.glDrawElements(IIII)V+23
j  com.badlogic.gdx.graphics.Mesh.render(Lcom/badlogic/gdx/graphics/glutils/ShaderProgram;III)V+174
j  com.badlogic.gdx.graphics.Mesh.render(Lcom/badlogic/gdx/graphics/glutils/ShaderProgram;I)V+27
j  com.badlogic.gdx.graphics.g3d.model.still.StillModel.render(Lcom/badlogic/gdx/graphics/glutils/ShaderProgram;)V+79
j  com.marcowong.motoman.BackgroundObjs.render(Lcom/badlogic/gdx/graphics/glutils/ShaderProgram;Lcom/badlogic/gdx/graphics/Camera;)V+128
j  com.marcowong.motoman.MotomanGameScreen.render(F)V+524
j  com.badlogic.gdx.Game.render()V+19
j  com.marcowong.motoman.MotomanGame.render()V+7
j  com.badlogic.gdx.backends.lwjgl.LwjglApplication.mainLoop()V+491
j  com.badlogic.gdx.backends.lwjgl.LwjglApplication$1.run()V+27
v  ~StubRoutines::call_stub

---------------  P R O C E S S  ---------------

Java Threads: ( => current thread )
  0x000000001a85e000 JavaThread "LWJGL Timer" daemon [_thread_blocked, id=22728, stack(0x0000000014850000,0x0000000014950000)]
  0x000000001a85d800 JavaThread "pool-2-thread-1" [_thread_blocked, id=22668, stack(0x00000000143e0000,0x00000000144e0000)]
  0x000000000e1c1800 JavaThread "AssetManager-Loader-Thread" daemon [_thread_blocked, id=22272, stack(0x0000000012ae0000,0x0000000012be0000)]
  0x000000000285e000 JavaThread "DestroyJavaVM" [_thread_blocked, id=12740, stack(0x0000000002b00000,0x0000000002c00000)]
=>0x000000000e155000 JavaThread "LWJGL Application" [_thread_in_native, id=24496, stack(0x000000000ee30000,0x000000000ef30000)]
  0x000000000bd2e800 JavaThread "Service Thread" daemon [_thread_blocked, id=9288, stack(0x000000000daa0000,0x000000000dba0000)]
  0x000000000bd2c800 JavaThread "C2 CompilerThread1" daemon [_thread_blocked, id=21236, stack(0x000000000ddf0000,0x000000000def0000)]
  0x000000000bd27000 JavaThread "C2 CompilerThread0" daemon [_thread_blocked, id=24320, stack(0x000000000df00000,0x000000000e000000)]
  0x000000000bd22000 JavaThread "JDWP Command Reader" daemon [_thread_in_native, id=19328, stack(0x000000000dcf0000,0x000000000ddf0000)]
  0x000000000bd17800 JavaThread "JDWP Event Helper Thread" daemon [_thread_blocked, id=5964, stack(0x000000000dba0000,0x000000000dca0000)]
  0x000000000bd0b800 JavaThread "JDWP Transport Listener: dt_socket" daemon [_thread_blocked, id=24336, stack(0x000000000d920000,0x000000000da20000)]
  0x000000000bd01800 JavaThread "Attach Listener" daemon [_thread_blocked, id=23588, stack(0x000000000d170000,0x000000000d270000)]
  0x000000000bcfa000 JavaThread "Signal Dispatcher" daemon [_thread_blocked, id=18504, stack(0x000000000ce00000,0x000000000cf00000)]
  0x0000000002838800 JavaThread "Finalizer" daemon [_thread_blocked, id=24516, stack(0x000000000cf10000,0x000000000d010000)]
  0x0000000002831800 JavaThread "Reference Handler" daemon [_thread_blocked, id=22316, stack(0x000000000ccb0000,0x000000000cdb0000)]

Other Threads:
  0x000000000bc42800 VMThread [stack: 0x000000000cb70000,0x000000000cc70000] [id=24020]
  0x000000000e014800 WatcherThread [stack: 0x000000000e5a0000,0x000000000e6a0000] [id=18372]

VM state:not at safepoint (normal execution)

VM Mutex/Monitor currently owned by a thread: None

Heap
 PSYoungGen      total 37696K, used 544K [0x00000000d5eb0000, 0x00000000d88c0000, 0x0000000000000000)
  eden space 32320K, 1% used [0x00000000d5eb0000,0x00000000d5f38000,0x00000000d7e40000)
  from space 5376K, 0% used [0x00000000d8380000,0x00000000d8380000,0x00000000d88c0000)
  to   space 5376K, 0% used [0x00000000d7e40000,0x00000000d7e40000,0x00000000d8380000)
 ParOldGen       total 86144K, used 3103K [0x0000000081c00000, 0x0000000087020000, 0x00000000d5eb0000)
  object space 86144K, 3% used [0x0000000081c00000,0x0000000081f07ed0,0x0000000087020000)
 PSPermGen       total 21248K, used 7636K [0x000000007ca00000, 0x000000007dec0000, 0x0000000081c00000)
  object space 21248K, 35% used [0x000000007ca00000,0x000000007d1752d8,0x000000007dec0000)

Code Cache  [0x0000000002c00000, 0x0000000002e70000, 0x0000000005c00000)
 total_blobs=537 nmethods=154 adapters=342 free_code_cache=48154Kb largest_free_block=49277568

Compilation events (10 events):
Event: 2.412 Thread 0x000000000bd27000  146             com.jcraft.jogg.Buffer::read (276 bytes)
Event: 2.413 Thread 0x000000000bd2c800  147             com.jcraft.jorbis.StaticCodeBook::unpack (494 bytes)
Event: 2.414 Thread 0x000000000bd27000 nmethod 146 0x0000000002ccc890 code [0x0000000002ccc9e0, 0x0000000002cccc58]
Event: 2.431 Thread 0x000000000bd27000  148             com.jcraft.jorbis.CodeBook::make_words (239 bytes)
Event: 2.442 Thread 0x000000000bd2c800 nmethod 147 0x0000000002cfb110 code [0x0000000002cfb360, 0x0000000002cfc3a8]
Event: 2.442 Thread 0x000000000bd2c800  149             com.jcraft.jorbis.CodeBook::make_decode_tree (377 bytes)
Event: 2.443 Thread 0x000000000bd27000 nmethod 148 0x0000000002cca550 code [0x0000000002cca6c0, 0x0000000002ccad98]
Event: 2.443 Thread 0x000000000bd27000    5 %           com.jcraft.jorbis.StaticCodeBook::unquantize @ 99 (293 bytes)
Event: 2.473 Thread 0x000000000bd27000 nmethod 5% 0x0000000002ccd6d0 code [0x0000000002ccd840, 0x0000000002cce398]
Event: 2.474 Thread 0x000000000bd2c800 nmethod 149 0x0000000002cfdbd0 code [0x0000000002cfdd80, 0x0000000002cfe9f8]

GC Heap History (8 events):
Event: 2.264 GC heap before
{Heap before GC invocations=1 (full 0):
 PSYoungGen      total 37696K, used 30305K [0x00000000d5eb0000, 0x00000000d88c0000, 0x0000000000000000)
  eden space 32320K, 93% used [0x00000000d5eb0000,0x00000000d7c48440,0x00000000d7e40000)
  from space 5376K, 0% used [0x00000000d8380000,0x00000000d8380000,0x00000000d88c0000)
  to   space 5376K, 0% used [0x00000000d7e40000,0x00000000d7e40000,0x00000000d8380000)
 ParOldGen       total 86144K, used 0K [0x0000000081c00000, 0x0000000087020000, 0x00000000d5eb0000)
  object space 86144K, 0% used [0x0000000081c00000,0x0000000081c00000,0x0000000087020000)
 PSPermGen       total 21248K, used 6959K [0x000000007ca00000, 0x000000007dec0000, 0x0000000081c00000)
  object space 21248K, 32% used [0x000000007ca00000,0x000000007d0cbd50,0x000000007dec0000)
Event: 2.270 GC heap after
Heap after GC invocations=1 (full 0):
 PSYoungGen      total 37696K, used 3542K [0x00000000d5eb0000, 0x00000000d88c0000, 0x0000000000000000)
  eden space 32320K, 0% used [0x00000000d5eb0000,0x00000000d5eb0000,0x00000000d7e40000)
  from space 5376K, 65% used [0x00000000d7e40000,0x00000000d81b59e8,0x00000000d8380000)
  to   space 5376K, 0% used [0x00000000d8380000,0x00000000d8380000,0x00000000d88c0000)
 ParOldGen       total 86144K, used 8K [0x0000000081c00000, 0x0000000087020000, 0x00000000d5eb0000)
  object space 86144K, 0% used [0x0000000081c00000,0x0000000081c02000,0x0000000087020000)
 PSPermGen       total 21248K, used 6959K [0x000000007ca00000, 0x000000007dec0000, 0x0000000081c00000)
  object space 21248K, 32% used [0x000000007ca00000,0x000000007d0cbd50,0x000000007dec0000)
}
Event: 2.270 GC heap before
{Heap before GC invocations=2 (full 1):
 PSYoungGen      total 37696K, used 3542K [0x00000000d5eb0000, 0x00000000d88c0000, 0x0000000000000000)
  eden space 32320K, 0% used [0x00000000d5eb0000,0x00000000d5eb0000,0x00000000d7e40000)
  from space 5376K, 65% used [0x00000000d7e40000,0x00000000d81b59e8,0x00000000d8380000)
  to   space 5376K, 0% used [0x00000000d8380000,0x00000000d8380000,0x00000000d88c0000)
 ParOldGen       total 86144K, used 8K [0x0000000081c00000, 0x0000000087020000, 0x00000000d5eb0000)
  object space 86144K, 0% used [0x0000000081c00000,0x0000000081c02000,0x0000000087020000)
 PSPermGen       total 21248K, used 6959K [0x000000007ca00000, 0x000000007dec0000, 0x0000000081c00000)
  object space 21248K, 32% used [0x000000007ca00000,0x000000007d0cbd50,0x000000007dec0000)
Event: 2.284 GC heap after
Heap after GC invocations=2 (full 1):
 PSYoungGen      total 37696K, used 0K [0x00000000d5eb0000, 0x00000000d88c0000, 0x0000000000000000)
  eden space 32320K, 0% used [0x00000000d5eb0000,0x00000000d5eb0000,0x00000000d7e40000)
  from space 5376K, 0% used [0x00000000d7e40000,0x00000000d7e40000,0x00000000d8380000)
  to   space 5376K, 0% used [0x00000000d8380000,0x00000000d8380000,0x00000000d88c0000)
 ParOldGen       total 86144K, used 3329K [0x0000000081c00000, 0x0000000087020000, 0x00000000d5eb0000)
  object space 86144K, 3% used [0x0000000081c00000,0x0000000081f40720,0x0000000087020000)
 PSPermGen       total 21248K, used 6957K [0x000000007ca00000, 0x000000007dec0000, 0x0000000081c00000)
  object space 21248K, 32% used [0x000000007ca00000,0x000000007d0cb480,0x000000007dec0000)
}
Event: 2.450 GC heap before
{Heap before GC invocations=3 (full 1):
 PSYoungGen      total 37696K, used 4464K [0x00000000d5eb0000, 0x00000000d88c0000, 0x0000000000000000)
  eden space 32320K, 13% used [0x00000000d5eb0000,0x00000000d630c1e0,0x00000000d7e40000)
  from space 5376K, 0% used [0x00000000d7e40000,0x00000000d7e40000,0x00000000d8380000)
  to   space 5376K, 0% used [0x00000000d8380000,0x00000000d8380000,0x00000000d88c0000)
 ParOldGen       total 86144K, used 3329K [0x0000000081c00000, 0x0000000087020000, 0x00000000d5eb0000)
  object space 86144K, 3% used [0x0000000081c00000,0x0000000081f40720,0x0000000087020000)
 PSPermGen       total 21248K, used 7596K [0x000000007ca00000, 0x000000007dec0000, 0x0000000081c00000)
  object space 21248K, 35% used [0x000000007ca00000,0x000000007d16b390,0x000000007dec0000)
Event: 2.461 GC heap after
Heap after GC invocations=3 (full 1):
 PSYoungGen      total 37696K, used 1607K [0x00000000d5eb0000, 0x00000000d88c0000, 0x0000000000000000)
  eden space 32320K, 0% used [0x00000000d5eb0000,0x00000000d5eb0000,0x00000000d7e40000)
  from space 5376K, 29% used [0x00000000d8380000,0x00000000d8511e70,0x00000000d88c0000)
  to   space 5376K, 0% used [0x00000000d7e40000,0x00000000d7e40000,0x00000000d8380000)
 ParOldGen       total 86144K, used 3329K [0x0000000081c00000, 0x0000000087020000, 0x00000000d5eb0000)
  object space 86144K, 3% used [0x0000000081c00000,0x0000000081f40720,0x0000000087020000)
 PSPermGen       total 21248K, used 7596K [0x000000007ca00000, 0x000000007dec0000, 0x0000000081c00000)
  object space 21248K, 35% used [0x000000007ca00000,0x000000007d16b390,0x000000007dec0000)
}
Event: 2.461 GC heap before
{Heap before GC invocations=4 (full 2):
 PSYoungGen      total 37696K, used 1607K [0x00000000d5eb0000, 0x00000000d88c0000, 0x0000000000000000)
  eden space 32320K, 0% used [0x00000000d5eb0000,0x00000000d5eb0000,0x00000000d7e40000)
  from space 5376K, 29% used [0x00000000d8380000,0x00000000d8511e70,0x00000000d88c0000)
  to   space 5376K, 0% used [0x00000000d7e40000,0x00000000d7e40000,0x00000000d8380000)
 ParOldGen       total 86144K, used 3329K [0x0000000081c00000, 0x0000000087020000, 0x00000000d5eb0000)
  object space 86144K, 3% used [0x0000000081c00000,0x0000000081f40720,0x0000000087020000)
 PSPermGen       total 21248K, used 7596K [0x000000007ca00000, 0x000000007dec0000, 0x0000000081c00000)
  object space 21248K, 35% used [0x000000007ca00000,0x000000007d16b390,0x000000007dec0000)
Event: 2.473 GC heap after
Heap after GC invocations=4 (full 2):
 PSYoungGen      total 37696K, used 0K [0x00000000d5eb0000, 0x00000000d88c0000, 0x0000000000000000)
  eden space 32320K, 0% used [0x00000000d5eb0000,0x00000000d5eb0000,0x00000000d7e40000)
  from space 5376K, 0% used [0x00000000d8380000,0x00000000d8380000,0x00000000d88c0000)
  to   space 5376K, 0% used [0x00000000d7e40000,0x00000000d7e40000,0x00000000d8380000)
 ParOldGen       total 86144K, used 3103K [0x0000000081c00000, 0x0000000087020000, 0x00000000d5eb0000)
  object space 86144K, 3% used [0x0000000081c00000,0x0000000081f07ed0,0x0000000087020000)
 PSPermGen       total 21248K, used 7596K [0x000000007ca00000, 0x000000007dec0000, 0x0000000081c00000)
  object space 21248K, 35% used [0x000000007ca00000,0x000000007d16b340,0x000000007dec0000)
}

Deoptimization events (9 events):
Event: 0.649 Thread 0x000000000e155000 Uncommon trap -34 fr.pc 0x0000000002c81328
Event: 0.649 Thread 0x000000000e155000 Uncommon trap -34 fr.pc 0x0000000002c81328
Event: 0.649 Thread 0x000000000e155000 Uncommon trap -34 fr.pc 0x0000000002c81328
Event: 0.649 Thread 0x000000000e155000 Uncommon trap -34 fr.pc 0x0000000002c81328
Event: 0.751 Thread 0x000000000e155000 Uncommon trap -42 fr.pc 0x0000000002ca0ea4
Event: 0.751 Thread 0x000000000e155000 Uncommon trap -42 fr.pc 0x0000000002ca0ea4
Event: 0.751 Thread 0x000000000e155000 Uncommon trap -42 fr.pc 0x0000000002ca0ea4
Event: 0.751 Thread 0x000000000e155000 Uncommon trap -42 fr.pc 0x0000000002ca0ea4
Event: 1.552 Thread 0x000000000e155000 Uncommon trap -83 fr.pc 0x0000000002cc2bfc

Internal exceptions (10 events):
Event: 2.428 Thread 0x000000000e155000 Threw 0x00000000d6207fb8 at C:\jdk7u1_64p\jdk7u5\hotspot\src\share\vm\prims\jvm.cpp:1166
Event: 2.430 Thread 0x000000000e155000 Threw 0x00000000d620dfa8 at C:\jdk7u1_64p\jdk7u5\hotspot\src\share\vm\prims\jvm.cpp:1166
Event: 2.447 Thread 0x000000000e155000 Threw 0x00000000d629ea40 at C:\jdk7u1_64p\jdk7u5\hotspot\src\share\vm\prims\jvm.cpp:1166
Event: 2.448 Thread 0x000000000e155000 Threw 0x00000000d62a1b40 at C:\jdk7u1_64p\jdk7u5\hotspot\src\share\vm\prims\jvm.cpp:1166
Event: 2.449 Thread 0x000000000e155000 Threw 0x00000000d62a4fc0 at C:\jdk7u1_64p\jdk7u5\hotspot\src\share\vm\prims\jvm.cpp:1166
Event: 2.475 Thread 0x000000000e155000 Threw 0x00000000d5eb48f0 at C:\jdk7u1_64p\jdk7u5\hotspot\src\share\vm\prims\jvm.cpp:1166
Event: 2.476 Thread 0x000000000e155000 Threw 0x00000000d5ebddb8 at C:\jdk7u1_64p\jdk7u5\hotspot\src\share\vm\prims\jvm.cpp:1166
Event: 2.483 Thread 0x000000000e155000 Threw 0x00000000d5ec44b8 at C:\jdk7u1_64p\jdk7u5\hotspot\src\share\vm\prims\jvm.cpp:1166
Event: 2.494 Thread 0x000000000e155000 Threw 0x00000000d5edeba0 at C:\jdk7u1_64p\jdk7u5\hotspot\src\share\vm\prims\jvm.cpp:1166
Event: 2.496 Thread 0x000000000e155000 Threw 0x00000000d5ee5af0 at C:\jdk7u1_64p\jdk7u5\hotspot\src\share\vm\prims\jvm.cpp:1166

Events (10 events):
Event: 2.474 loading class 0x000000001220fa50
Event: 2.474 loading class 0x000000001220fa50 done
Event: 2.476 loading class 0x000000000e06a840
Event: 2.476 loading class 0x000000000e06a840 done
Event: 2.483 loading class 0x000000000e316200
Event: 2.483 loading class 0x000000000e316200 done
Event: 2.494 loading class 0x00000000120f73c0
Event: 2.494 loading class 0x00000000120f73c0 done
Event: 2.496 loading class 0x000000000e1a0580
Event: 2.496 loading class 0x000000000e1a0580 done


Dynamic libraries:
0x000000003f8f0000 - 0x000000003f924000 	C:\Program Files\Java\jre7\bin\javaw.exe
0x0000000077c30000 - 0x0000000077dd9000 	C:\Windows\SYSTEM32\ntdll.dll
0x0000000077b10000 - 0x0000000077c2f000 	C:\Windows\system32\kernel32.dll
0x00000000fdb00000 - 0x00000000fdb6b000 	C:\Windows\system32\KERNELBASE.dll
0x00000000fe470000 - 0x00000000fe54b000 	C:\Windows\system32\ADVAPI32.dll
0x00000000fde70000 - 0x00000000fdf0f000 	C:\Windows\system32\msvcrt.dll
0x00000000fea30000 - 0x00000000fea4f000 	C:\Windows\SYSTEM32\sechost.dll
0x00000000fef40000 - 0x00000000ff06d000 	C:\Windows\system32\RPCRT4.dll
0x0000000077a10000 - 0x0000000077b0a000 	C:\Windows\system32\USER32.dll
0x00000000fec40000 - 0x00000000feca7000 	C:\Windows\system32\GDI32.dll
0x00000000fff30000 - 0x00000000fff3e000 	C:\Windows\system32\LPK.dll
0x00000000fe940000 - 0x00000000fea09000 	C:\Windows\system32\USP10.dll
0x00000000fcc30000 - 0x00000000fce24000 	C:\Windows\WinSxS\amd64_microsoft.windows.common-controls_6595b64144ccf1df_6.0.7601.17514_none_fa396087175ac9ac\COMCTL32.dll
0x00000000fdf10000 - 0x00000000fdf81000 	C:\Windows\system32\SHLWAPI.dll
0x00000000fde40000 - 0x00000000fde6e000 	C:\Windows\system32\IMM32.DLL
0x00000000feb30000 - 0x00000000fec39000 	C:\Windows\system32\MSCTF.dll
0x00000000fd9d0000 - 0x00000000fda0c000 	C:\Windows\system32\nvinitx.dll
0x000000000f000000 - 0x000000000f006000 	C:\Program Files\NVIDIA Corporation\CoProcManager\_etoured.dll
0x00000000f78f0000 - 0x00000000f7934000 	C:\Program Files\NVIDIA Corporation\CoProcManager\nvd3d9wrapx.dll
0x00000000fe550000 - 0x00000000fe727000 	C:\Windows\system32\SETUPAPI.dll
0x00000000fddb0000 - 0x00000000fdde6000 	C:\Windows\system32\CFGMGR32.dll
0x00000000fea50000 - 0x00000000feb27000 	C:\Windows\system32\OLEAUT32.dll
0x00000000fe730000 - 0x00000000fe933000 	C:\Windows\system32\ole32.dll
0x00000000fdad0000 - 0x00000000fdaea000 	C:\Windows\system32\DEVOBJ.dll
0x00000000f78a0000 - 0x00000000f78e2000 	C:\Program Files\NVIDIA Corporation\CoProcManager\nvdxgiwrapx.dll
0x000000006f3c0000 - 0x000000006f491000 	C:\Program Files\Java\jre7\bin\msvcr100.dll
0x000000006eca0000 - 0x000000006f3ba000 	C:\Program Files\Java\jre7\bin\server\jvm.dll
0x00000000f9930000 - 0x00000000f9939000 	C:\Windows\system32\WSOCK32.dll
0x00000000ffe80000 - 0x00000000ffecd000 	C:\Windows\system32\WS2_32.dll
0x00000000fe030000 - 0x00000000fe038000 	C:\Windows\system32\NSI.dll
0x00000000fb6d0000 - 0x00000000fb70b000 	C:\Windows\system32\WINMM.dll
0x0000000077e00000 - 0x0000000077e07000 	C:\Windows\system32\PSAPI.DLL
0x000000006f570000 - 0x000000006f57f000 	C:\Program Files\Java\jre7\bin\verify.dll
0x000000006f540000 - 0x000000006f568000 	C:\Program Files\Java\jre7\bin\java.dll
0x0000000069990000 - 0x00000000699c5000 	C:\Program Files\Java\jre7\bin\jdwp.dll
0x000000006ec00000 - 0x000000006ec08000 	C:\Program Files\Java\jre7\bin\npt.dll
0x000000006f520000 - 0x000000006f535000 	C:\Program Files\Java\jre7\bin\zip.dll
0x00000000737d0000 - 0x00000000737d9000 	C:\Program Files\Java\jre7\bin\dt_socket.dll
0x00000000fbf60000 - 0x00000000fbf75000 	C:\Windows\system32\NLAapi.dll
0x00000000f1930000 - 0x00000000f1945000 	C:\Windows\system32\napinsp.dll
0x00000000f1910000 - 0x00000000f1929000 	C:\Windows\system32\pnrpnsp.dll
0x00000000fd240000 - 0x00000000fd295000 	C:\Windows\System32\mswsock.dll
0x00000000fd0c0000 - 0x00000000fd11b000 	C:\Windows\system32\DNSAPI.dll
0x00000000f1900000 - 0x00000000f190b000 	C:\Windows\System32\winrnr.dll
0x00000000f18f0000 - 0x00000000f1900000 	C:\Windows\system32\wshbth.dll
0x00000000f80c0000 - 0x00000000f80ef000 	C:\Program Files\Common Files\Microsoft Shared\Windows Live\WLIDNSP.DLL
0x0000000074440000 - 0x0000000074466000 	C:\Program Files\Bonjour\mdnsNSP.dll
0x00000000fa360000 - 0x00000000fa387000 	C:\Windows\system32\Iphlpapi.DLL
0x00000000fa340000 - 0x00000000fa34b000 	C:\Windows\system32\WINNSI.DLL
0x00000000fa1f0000 - 0x00000000fa243000 	C:\Windows\System32\fwpuclnt.dll
0x00000000f80b0000 - 0x00000000f80b8000 	C:\Windows\system32\rasadhlp.dll
0x00000000fc650000 - 0x00000000fc657000 	C:\Windows\System32\wshtcpip.dll
0x0000000065580000 - 0x000000006560d000 	C:\Users\Marco\AppData\Local\Temp\libgdxMarco\123946040\gdx64.dll
0x0000000080000000 - 0x0000000080050000 	C:\Users\Marco\AppData\Local\Temp\libgdxMarco\27538956\lwjgl64.dll
0x00000000f1fa0000 - 0x00000000f20bd000 	C:\Windows\system32\OPENGL32.dll
0x00000000f7e40000 - 0x00000000f7e6d000 	C:\Windows\system32\GLU32.dll
0x00000000e8fe0000 - 0x00000000e90d1000 	C:\Windows\system32\DDRAW.dll
0x00000000e9110000 - 0x00000000e9118000 	C:\Windows\system32\DCIMAN32.dll
0x00000000fb4d0000 - 0x00000000fb4e8000 	C:\Windows\system32\dwmapi.dll
0x00000000fc940000 - 0x00000000fc94c000 	C:\Windows\system32\VERSION.dll
0x0000000002890000 - 0x00000000028f2000 	C:\Users\Marco\AppData\Local\Temp\libgdxMarco\27538956\OpenAL64.dll
0x00000000ff0f0000 - 0x00000000ffe78000 	C:\Windows\system32\SHELL32.dll
0x00000000fd8a0000 - 0x00000000fd8af000 	C:\Windows\system32\CRYPTBASE.dll
0x00000000fb820000 - 0x00000000fb876000 	C:\Windows\system32\uxtheme.dll
0x00000000fe1a0000 - 0x00000000fe239000 	C:\Windows\system32\CLBCatQ.DLL
0x00000000fc190000 - 0x00000000fc2bc000 	C:\Windows\System32\PROPSYS.dll
0x00000000fde00000 - 0x00000000fde39000 	C:\Windows\system32\WINTRUST.dll
0x00000000fdc30000 - 0x00000000fdd9a000 	C:\Windows\system32\CRYPT32.dll
0x00000000fdab0000 - 0x00000000fdabf000 	C:\Windows\system32\MSASN1.dll
0x00000000f2150000 - 0x00000000f21d8000 	C:\Windows\system32\dsound.dll
0x00000000fc310000 - 0x00000000fc33c000 	C:\Windows\system32\POWRPROF.dll
0x00000000fc2c0000 - 0x00000000fc30b000 	C:\Windows\System32\MMDevApi.dll
0x00000000fb5a0000 - 0x00000000fb5ef000 	C:\Windows\system32\AUDIOSES.DLL
0x000000000f420000 - 0x00000000106f3000 	C:\Windows\system32\ig4icd64.dll
0x000000000ba80000 - 0x000000000bae5000 	C:\Program Files\ThinkPad\Bluetooth Software\btmmhook.dll
0x00000000f9470000 - 0x00000000f950c000 	C:\Windows\system32\mscms.dll
0x00000000fc790000 - 0x00000000fc7ae000 	C:\Windows\system32\USERENV.dll
0x00000000fda10000 - 0x00000000fda1f000 	C:\Windows\system32\profapi.dll
0x00000000f7df0000 - 0x00000000f7e32000 	C:\Windows\system32\icm32.dll
0x00000000fbae0000 - 0x00000000fbc05000 	C:\Windows\system32\dbghelp.dll

VM Arguments:
jvm_args: -agentlib:jdwp=transport=dt_socket,suspend=y,address=localhost:51099 -XX:-OmitStackTraceInFastThrow -Dfile.encoding=MS950_HKSCS 
java_command: com.marcowong.motoman.Main
Launcher Type: SUN_STANDARD

Environment Variables:
CLASSPATH=.;C:\Program Files (x86)\QuickTime\QTSystem\QTJava.zip
PATH=C:\Program Files\Common Files\Microsoft Shared\Windows Live;C:\Program Files (x86)\Common Files\Microsoft Shared\Windows Live;C:\Windows\system32;C:\Windows;C:\Windows\System32\Wbem;C:\Windows\System32\WindowsPowerShell\v1.0\;C:\Program Files\ThinkPad\Bluetooth Software\;C:\Program Files\ThinkPad\Bluetooth Software\syswow64;C:\Program Files\Broadcom\WHL\;C:\Program Files\Broadcom\WHL\syswow64;C:\Program Files\Broadcom\WHL\SysWow64\;C:\Program Files\Broadcom\WHL\SysWow64\syswow64;C:\Program Files\Intel\WiFi\bin\;C:\Program Files\Common Files\Intel\WirelessCommon\;C:\Program Files\Common Files\Lenovo;C:\Program Files (x86)\Windows Live\Shared;C:\SWTOOLS\ReadyApps;C:\Program Files (x86)\Intel\Services\IPT\;C:\Program Files (x86)\Symantec\VIP Access Client\;C:\Program Files (x86)\Common Files\Lenovo;C:\Program Files (x86)\QuickTime\QTSystem\;C:\Program Files (x86)\CineForm\Tools;C:\Program Files (x86)\GoPro\Tools
USERNAME=Marco
OS=Windows_NT
PROCESSOR_IDENTIFIER=Intel64 Family 6 Model 42 Stepping 7, GenuineIntel



---------------  S Y S T E M  ---------------

OS: Windows 7 , 64 bit Build 7601 Service Pack 1

CPU:total 4 (2 cores per cpu, 2 threads per core) family 6 model 42 stepping 7, cmov, cx8, fxsr, mmx, sse, sse2, sse3, ssse3, sse4.1, sse4.2, popcnt, avx, ht, tsc, tscinvbit

Memory: 4k page, physical 8269040k(4717376k free), swap 16536220k(11594260k free)

vm_info: Java HotSpot(TM) 64-Bit Server VM (23.1-b03) for windows-amd64 JRE (1.7.0_05-b05), built on May 15 2012 18:09:30 by "java_re" with unknown MS VC++:1600

time: Tue Jun 04 04:52:42 2013
elapsed time: 2 seconds

