#
# A fatal error has been detected by the Java Runtime Environment:
#
#  EXCEPTION_ACCESS_VIOLATION (0xc0000005) at pc=0x000000000f9c2255, pid=16092, tid=9080
#
# JRE version: 7.0_05-b05
# Java VM: Java HotSpot(TM) 64-Bit Server VM (23.1-b03 mixed mode windows-amd64 compressed oops)
# Problematic frame:
# C  [ig4icd64.dll+0x752255]  DllMain+0x3246c5
#
# Failed to write core dump. Minidumps are not enabled by default on client versions of Windows
#
# If you would like to submit a bug report, please visit:
#   http://bugreport.sun.com/bugreport/crash.jsp
# The crash happened outside the Java Virtual Machine in native code.
# See problematic frame for where to report the bug.
#

---------------  T H R E A D  ---------------

Current thread (0x000000000e3ef800):  JavaThread "LWJGL Application" [_thread_in_native, id=9080, stack(0x000000000f040000,0x000000000f140000)]

siginfo: ExceptionCode=0xc0000005, reading address 0x0000000000000000

Registers:
RAX=0x0000000011f0bc20, RBX=0x0000000000000000, RCX=0x0000000000000000, RDX=0x000000000f13edc0
RSP=0x000000000f13ebd0, RBP=0x0000000000000000, RSI=0x000000000f13edc0, RDI=0x000000000f13efa0
R8 =0x0000000011f0bc80, R9 =0x0000000011f0bc90, R10=0x00000000105aa008, R11=0x000000000f13efd0
R12=0x0000000011d6aeb0, R13=0x0000000011d6adb0, R14=0x0000000000000000, R15=0x0000000011d6adb0
RIP=0x000000000f9c2255, EFLAGS=0x0000000000010297

Top of Stack: (sp=0x000000000f13ebd0)
0x000000000f13ebd0:   0000000000000000 000000006d7d9a83
0x000000000f13ebe0:   0000000000000000 0000000011d6adb0
0x000000000f13ebf0:   000000000f13efd0 000000000f9c9e5c
0x000000000f13ec00:   0000000000000000 00000000106017c8
0x000000000f13ec10:   000000000f13efa0 000000000f13efd0
0x000000000f13ec20:   0000000000000000 0000000000000000
0x000000000f13ec30:   0000000011f0bc30 0000000011f0bc90
0x000000000f13ec40:   0000000000000000 0000000002cf6100
0x000000000f13ec50:   0000000000000000 0000000000000000
0x000000000f13ec60:   0000000000000000 0000000011f0bc80
0x000000000f13ec70:   00000000001d9480 0000000002ce0577
0x000000000f13ec80:   0000000000000000 0000000000000000
0x000000000f13ec90:   0000000000000000 000000000f13ee00
0x000000000f13eca0:   0000000011f0bc40 0000000000000000
0x000000000f13ecb0:   0000000000000010 0000000000000000
0x000000000f13ecc0:   0000000000000000 0000000000000000 

Instructions: (pc=0x000000000f9c2255)
0x000000000f9c2235:   2b 47 18 48 c1 f8 03 48 3b d8 72 05 e8 4a 3c 64
0x000000000f9c2245:   00 48 8b 47 18 48 8b d6 48 8b 0c d8 48 8b 49 30
0x000000000f9c2255:   48 8b 01 ff 50 10 48 8b 4f 20 ff c5 48 2b 4f 18
0x000000000f9c2265:   8b c5 48 ff c3 48 c1 f9 03 48 3b c1 72 a4 48 8b 


Register to memory mapping:

RAX=0x0000000011f0bc20 is an unknown value
RBX=0x0000000000000000 is an unknown value
RCX=0x0000000000000000 is an unknown value
RDX=0x000000000f13edc0 is pointing into the stack for thread: 0x000000000e3ef800
RSP=0x000000000f13ebd0 is pointing into the stack for thread: 0x000000000e3ef800
RBP=0x0000000000000000 is an unknown value
RSI=0x000000000f13edc0 is pointing into the stack for thread: 0x000000000e3ef800
RDI=0x000000000f13efa0 is pointing into the stack for thread: 0x000000000e3ef800
R8 =0x0000000011f0bc80 is an unknown value
R9 =0x0000000011f0bc90 is an unknown value
R10=0x00000000105aa008 is an unknown value
R11=0x000000000f13efd0 is pointing into the stack for thread: 0x000000000e3ef800
R12=0x0000000011d6aeb0 is an unknown value
R13=0x0000000011d6adb0 is an unknown value
R14=0x0000000000000000 is an unknown value
R15=0x0000000011d6adb0 is an unknown value


Stack: [0x000000000f040000,0x000000000f140000],  sp=0x000000000f13ebd0,  free space=1018k
Native frames: (J=compiled Java code, j=interpreted, Vv=VM code, C=native code)
C  [ig4icd64.dll+0x752255]  DllMain+0x3246c5

[error occurred during error reporting (printing native stack), id 0xc0000005]

Java frames: (J=compiled Java code, j=interpreted, Vv=VM code)
j  org.lwjgl.opengl.GL20.nglLinkProgram(IJ)V+0
j  org.lwjgl.opengl.GL20.glLinkProgram(I)V+15
j  com.badlogic.gdx.backends.lwjgl.LwjglGL20.glLinkProgram(I)V+1
j  com.badlogic.gdx.graphics.glutils.ShaderProgram.linkProgram()I+46
j  com.badlogic.gdx.graphics.glutils.ShaderProgram.compileShaders(Ljava/lang/String;Ljava/lang/String;)V+46
j  com.badlogic.gdx.graphics.glutils.ShaderProgram.<init>(Ljava/lang/String;Ljava/lang/String;)V+140
j  com.badlogic.gdx.graphics.glutils.ShaderProgram.<init>(Lcom/badlogic/gdx/files/FileHandle;Lcom/badlogic/gdx/files/FileHandle;)V+9
j  com.marcowong.motoman.MotomanGame.create()V+25
j  com.badlogic.gdx.backends.lwjgl.LwjglApplication.mainLoop()V+24
j  com.badlogic.gdx.backends.lwjgl.LwjglApplication$1.run()V+27
v  ~StubRoutines::call_stub

---------------  P R O C E S S  ---------------

Java Threads: ( => current thread )
  0x00000000028ae000 JavaThread "DestroyJavaVM" [_thread_blocked, id=14524, stack(0x0000000002be0000,0x0000000002ce0000)]
=>0x000000000e3ef800 JavaThread "LWJGL Application" [_thread_in_native, id=9080, stack(0x000000000f040000,0x000000000f140000)]
  0x000000000bd1e800 JavaThread "Service Thread" daemon [_thread_blocked, id=15412, stack(0x000000000de40000,0x000000000df40000)]
  0x000000000bd1d000 JavaThread "C2 CompilerThread1" daemon [_thread_blocked, id=15440, stack(0x000000000e060000,0x000000000e160000)]
  0x000000000bd17800 JavaThread "C2 CompilerThread0" daemon [_thread_blocked, id=14212, stack(0x000000000d850000,0x000000000d950000)]
  0x000000000bd09000 JavaThread "JDWP Command Reader" daemon [_thread_in_native, id=11648, stack(0x000000000df40000,0x000000000e040000)]
  0x000000000bd04000 JavaThread "JDWP Event Helper Thread" daemon [_thread_blocked, id=14972, stack(0x000000000dd30000,0x000000000de30000)]
  0x000000000bcf7800 JavaThread "JDWP Transport Listener: dt_socket" daemon [_thread_blocked, id=8572, stack(0x000000000da30000,0x000000000db30000)]
  0x000000000bcf1800 JavaThread "Attach Listener" daemon [_thread_blocked, id=13396, stack(0x000000000d2c0000,0x000000000d3c0000)]
  0x000000000bcea000 JavaThread "Signal Dispatcher" daemon [_thread_blocked, id=11364, stack(0x000000000d180000,0x000000000d280000)]
  0x00000000029a8800 JavaThread "Finalizer" daemon [_thread_blocked, id=16308, stack(0x000000000d010000,0x000000000d110000)]
  0x00000000029a1800 JavaThread "Reference Handler" daemon [_thread_blocked, id=16228, stack(0x000000000ce50000,0x000000000cf50000)]

Other Threads:
  0x000000000bc32800 VMThread [stack: 0x000000000cc70000,0x000000000cd70000] [id=5496]
  0x000000000bd1f800 WatcherThread [stack: 0x000000000e690000,0x000000000e790000] [id=14104]

VM state:not at safepoint (normal execution)

VM Mutex/Monitor currently owned by a thread: None

Heap
 PSYoungGen      total 37696K, used 8471K [0x00000000d5eb0000, 0x00000000d88c0000, 0x0000000000000000)
  eden space 32320K, 26% used [0x00000000d5eb0000,0x00000000d66f5e00,0x00000000d7e40000)
  from space 5376K, 0% used [0x00000000d8380000,0x00000000d8380000,0x00000000d88c0000)
  to   space 5376K, 0% used [0x00000000d7e40000,0x00000000d7e40000,0x00000000d8380000)
 ParOldGen       total 86144K, used 0K [0x0000000081c00000, 0x0000000087020000, 0x00000000d5eb0000)
  object space 86144K, 0% used [0x0000000081c00000,0x0000000081c00000,0x0000000087020000)
 PSPermGen       total 21248K, used 5218K [0x000000007ca00000, 0x000000007dec0000, 0x0000000081c00000)
  object space 21248K, 24% used [0x000000007ca00000,0x000000007cf18bd0,0x000000007dec0000)

Code Cache  [0x0000000002ce0000, 0x0000000002f50000, 0x0000000005ce0000)
 total_blobs=349 nmethods=24 adapters=285 free_code_cache=48652Kb largest_free_block=49818432

Compilation events (10 events):
Event: 0.336 Thread 0x000000000bd17800 nmethod 20 0x0000000002d58e10 code [0x0000000002d58f40, 0x0000000002d58fb8]
Event: 0.336 Thread 0x000000000bd17800   21             java.nio.DirectByteBuffer::put (17 bytes)
Event: 0.337 Thread 0x000000000bd17800 nmethod 21 0x0000000002d56bd0 code [0x0000000002d56d00, 0x0000000002d56d98]
Event: 0.337 Thread 0x000000000bd17800   22             java.nio.Buffer::nextGetIndex (31 bytes)
Event: 0.337 Thread 0x000000000bd17800 nmethod 22 0x0000000002d56990 code [0x0000000002d56ac0, 0x0000000002d56b38]
Event: 0.337 Thread 0x000000000bd17800   23             java.nio.StringCharBuffer::get (19 bytes)
Event: 0.339 Thread 0x000000000bd17800 nmethod 23 0x0000000002d56350 code [0x0000000002d564a0, 0x0000000002d566f8]
Event: 0.339 Thread 0x000000000bd17800   24             org.lwjgl.MemoryUtil$CharSequenceNT::charAt (28 bytes)
Event: 0.341 Thread 0x000000000bd17800 nmethod 24 0x0000000002d55ed0 code [0x0000000002d56020, 0x0000000002d561b8]
Event: 0.344 Thread 0x000000000bd1d000 nmethod 19 0x0000000002d5c210 code [0x0000000002d5c3e0, 0x0000000002d5cbc0]

GC Heap History (0 events):
No events

Deoptimization events (0 events):
No events

Internal exceptions (10 events):
Event: 0.350 Thread 0x000000000e3ef800 Threw 0x00000000d65dfa28 at C:\jdk7u1_64p\jdk7u5\hotspot\src\share\vm\prims\jvm.cpp:1166
Event: 0.351 Thread 0x000000000e3ef800 Threw 0x00000000d65e3728 at C:\jdk7u1_64p\jdk7u5\hotspot\src\share\vm\prims\jvm.cpp:1166
Event: 0.371 Thread 0x000000000e3ef800 Threw 0x00000000d65e6b90 at C:\jdk7u1_64p\jdk7u5\hotspot\src\share\vm\prims\jvm.cpp:1166
Event: 0.371 Thread 0x000000000e3ef800 Threw 0x00000000d65ecb90 at C:\jdk7u1_64p\jdk7u5\hotspot\src\share\vm\prims\jvm.cpp:1166
Event: 0.373 Thread 0x000000000e3ef800 Threw 0x00000000d6602980 at C:\jdk7u1_64p\jdk7u5\hotspot\src\share\vm\prims\jvm.cpp:1166
Event: 0.374 Thread 0x000000000e3ef800 Threw 0x00000000d66075a8 at C:\jdk7u1_64p\jdk7u5\hotspot\src\share\vm\prims\jvm.cpp:1166
Event: 0.375 Thread 0x000000000e3ef800 Threw 0x00000000d661b320 at C:\jdk7u1_64p\jdk7u5\hotspot\src\share\vm\prims\jvm.cpp:1166
Event: 0.377 Thread 0x000000000e3ef800 Threw 0x00000000d66232d8 at C:\jdk7u1_64p\jdk7u5\hotspot\src\share\vm\prims\jvm.cpp:1166
Event: 0.379 Thread 0x000000000e3ef800 Threw 0x00000000d6637a60 at C:\jdk7u1_64p\jdk7u5\hotspot\src\share\vm\prims\jvm.cpp:1166
Event: 0.380 Thread 0x000000000e3ef800 Threw 0x00000000d6643870 at C:\jdk7u1_64p\jdk7u5\hotspot\src\share\vm\prims\jvm.cpp:1166

Events (10 events):
Event: 0.378 loading class 0x000000000e1cf1f0
Event: 0.378 loading class 0x000000000e1cf1f0 done
Event: 0.378 loading class 0x000000000e324810
Event: 0.378 loading class 0x000000000e3248d0
Event: 0.378 loading class 0x000000000e3248d0 done
Event: 0.378 loading class 0x000000000e324810 done
Event: 0.379 loading class 0x000000000e324550
Event: 0.379 loading class 0x000000000e324550 done
Event: 0.380 loading class 0x000000000e45caa0
Event: 0.380 loading class 0x000000000e45caa0 done


Dynamic libraries:
0x000000003f4d0000 - 0x000000003f504000 	C:\Program Files\Java\jre7\bin\javaw.exe
0x0000000077530000 - 0x00000000776d9000 	C:\Windows\SYSTEM32\ntdll.dll
0x0000000077060000 - 0x000000007717f000 	C:\Windows\system32\kernel32.dll
0x00000000fdcf0000 - 0x00000000fdd5b000 	C:\Windows\system32\KERNELBASE.dll
0x00000000ff490000 - 0x00000000ff56b000 	C:\Windows\system32\ADVAPI32.dll
0x00000000fdd60000 - 0x00000000fddff000 	C:\Windows\system32\msvcrt.dll
0x00000000fde10000 - 0x00000000fde2f000 	C:\Windows\SYSTEM32\sechost.dll
0x00000000fe150000 - 0x00000000fe27d000 	C:\Windows\system32\RPCRT4.dll
0x0000000077430000 - 0x000000007752a000 	C:\Windows\system32\USER32.dll
0x00000000fdeb0000 - 0x00000000fdf17000 	C:\Windows\system32\GDI32.dll
0x00000000ff480000 - 0x00000000ff48e000 	C:\Windows\system32\LPK.dll
0x00000000fe280000 - 0x00000000fe349000 	C:\Windows\system32\USP10.dll
0x00000000fcbb0000 - 0x00000000fcda4000 	C:\Windows\WinSxS\amd64_microsoft.windows.common-controls_6595b64144ccf1df_6.0.7601.17514_none_fa396087175ac9ac\COMCTL32.dll
0x00000000fde30000 - 0x00000000fdea1000 	C:\Windows\system32\SHLWAPI.dll
0x00000000ff240000 - 0x00000000ff26e000 	C:\Windows\system32\IMM32.DLL
0x00000000ff5d0000 - 0x00000000ff6d9000 	C:\Windows\system32\MSCTF.dll
0x00000000fd950000 - 0x00000000fd98c000 	C:\Windows\system32\nvinitx.dll
0x000000000f000000 - 0x000000000f006000 	C:\Program Files\NVIDIA Corporation\CoProcManager\_etoured.dll
0x00000000f9df0000 - 0x00000000f9e34000 	C:\Program Files\NVIDIA Corporation\CoProcManager\nvd3d9wrapx.dll
0x00000000fdf70000 - 0x00000000fe147000 	C:\Windows\system32\SETUPAPI.dll
0x00000000fdae0000 - 0x00000000fdb16000 	C:\Windows\system32\CFGMGR32.dll
0x00000000ff6e0000 - 0x00000000ff7b7000 	C:\Windows\system32\OLEAUT32.dll
0x00000000ff270000 - 0x00000000ff473000 	C:\Windows\system32\ole32.dll
0x00000000fdcd0000 - 0x00000000fdcea000 	C:\Windows\system32\DEVOBJ.dll
0x00000000f9da0000 - 0x00000000f9de2000 	C:\Program Files\NVIDIA Corporation\CoProcManager\nvdxgiwrapx.dll
0x0000000078770000 - 0x0000000078841000 	C:\Program Files\Java\jre7\bin\msvcr100.dll
0x000000006d610000 - 0x000000006dd2a000 	C:\Program Files\Java\jre7\bin\server\jvm.dll
0x00000000fa9b0000 - 0x00000000fa9b9000 	C:\Windows\system32\WSOCK32.dll
0x00000000fdf20000 - 0x00000000fdf6d000 	C:\Windows\system32\WS2_32.dll
0x00000000fde00000 - 0x00000000fde08000 	C:\Windows\system32\NSI.dll
0x00000000faaa0000 - 0x00000000faadb000 	C:\Windows\system32\WINMM.dll
0x0000000077700000 - 0x0000000077707000 	C:\Windows\system32\PSAPI.DLL
0x000000006c1a0000 - 0x000000006c1af000 	C:\Program Files\Java\jre7\bin\verify.dll
0x00000000503c0000 - 0x00000000503e8000 	C:\Program Files\Java\jre7\bin\java.dll
0x0000000068210000 - 0x0000000068245000 	C:\Program Files\Java\jre7\bin\jdwp.dll
0x0000000073850000 - 0x0000000073858000 	C:\Program Files\Java\jre7\bin\npt.dll
0x0000000050700000 - 0x0000000050715000 	C:\Program Files\Java\jre7\bin\zip.dll
0x0000000073830000 - 0x0000000073839000 	C:\Program Files\Java\jre7\bin\dt_socket.dll
0x00000000fc1d0000 - 0x00000000fc1e5000 	C:\Windows\system32\NLAapi.dll
0x00000000f8350000 - 0x00000000f8365000 	C:\Windows\system32\napinsp.dll
0x00000000f8330000 - 0x00000000f8349000 	C:\Windows\system32\pnrpnsp.dll
0x00000000fd1c0000 - 0x00000000fd215000 	C:\Windows\System32\mswsock.dll
0x00000000fd040000 - 0x00000000fd09b000 	C:\Windows\system32\DNSAPI.dll
0x00000000f8320000 - 0x00000000f832b000 	C:\Windows\System32\winrnr.dll
0x00000000f8310000 - 0x00000000f8320000 	C:\Windows\system32\wshbth.dll
0x00000000f87e0000 - 0x00000000f880f000 	C:\Program Files\Common Files\Microsoft Shared\Windows Live\WLIDNSP.DLL
0x0000000072aa0000 - 0x0000000072ac6000 	C:\Program Files\Bonjour\mdnsNSP.dll
0x00000000fb6a0000 - 0x00000000fb6c7000 	C:\Windows\system32\Iphlpapi.DLL
0x00000000fb680000 - 0x00000000fb68b000 	C:\Windows\system32\WINNSI.DLL
0x00000000fb480000 - 0x00000000fb4d3000 	C:\Windows\System32\fwpuclnt.dll
0x00000000f87d0000 - 0x00000000f87d8000 	C:\Windows\system32\rasadhlp.dll
0x00000000fc5d0000 - 0x00000000fc5d7000 	C:\Windows\System32\wshtcpip.dll
0x0000000065580000 - 0x000000006560d000 	C:\Users\Marco\AppData\Local\Temp\libgdxMarco\123946040\gdx64.dll
0x0000000080000000 - 0x0000000080050000 	C:\Users\Marco\AppData\Local\Temp\libgdxMarco\27538956\lwjgl64.dll
0x00000000eaf10000 - 0x00000000eb02d000 	C:\Windows\system32\OPENGL32.dll
0x00000000f4930000 - 0x00000000f495d000 	C:\Windows\system32\GLU32.dll
0x00000000f0a70000 - 0x00000000f0b61000 	C:\Windows\system32\DDRAW.dll
0x00000000fa980000 - 0x00000000fa988000 	C:\Windows\system32\DCIMAN32.dll
0x00000000fb940000 - 0x00000000fb958000 	C:\Windows\system32\dwmapi.dll
0x00000000fc8c0000 - 0x00000000fc8cc000 	C:\Windows\system32\VERSION.dll
0x00000000021b0000 - 0x0000000002212000 	C:\Users\Marco\AppData\Local\Temp\libgdxMarco\27538956\OpenAL64.dll
0x00000000fe4b0000 - 0x00000000ff238000 	C:\Windows\system32\SHELL32.dll
0x00000000fd880000 - 0x00000000fd88f000 	C:\Windows\system32\CRYPTBASE.dll
0x00000000fbb00000 - 0x00000000fbb56000 	C:\Windows\system32\uxtheme.dll
0x00000000fe3f0000 - 0x00000000fe489000 	C:\Windows\system32\CLBCatQ.DLL
0x00000000fc040000 - 0x00000000fc16c000 	C:\Windows\System32\PROPSYS.dll
0x0000000002370000 - 0x00000000023a9000 	C:\Windows\system32\WINTRUST.dll
0x00000000fdb20000 - 0x00000000fdc8a000 	C:\Windows\system32\CRYPT32.dll
0x00000000fda30000 - 0x00000000fda3f000 	C:\Windows\system32\MSASN1.dll
0x00000000eb7d0000 - 0x00000000eb858000 	C:\Windows\system32\dsound.dll
0x00000000fc290000 - 0x00000000fc2bc000 	C:\Windows\system32\POWRPROF.dll
0x00000000fc240000 - 0x00000000fc28b000 	C:\Windows\System32\MMDevApi.dll
0x00000000fa390000 - 0x00000000fa3df000 	C:\Windows\system32\AUDIOSES.DLL
0x000000000f270000 - 0x0000000010543000 	C:\Windows\system32\ig4icd64.dll
0x000000000ba70000 - 0x000000000bad5000 	C:\Program Files\ThinkPad\Bluetooth Software\btmmhook.dll
0x00000000f59c0000 - 0x00000000f5a5c000 	C:\Windows\system32\mscms.dll
0x00000000fc710000 - 0x00000000fc72e000 	C:\Windows\system32\USERENV.dll
0x00000000fd990000 - 0x00000000fd99f000 	C:\Windows\system32\profapi.dll
0x00000000eaec0000 - 0x00000000eaf02000 	C:\Windows\system32\icm32.dll
0x00000000f7190000 - 0x00000000f72b5000 	C:\Windows\system32\dbghelp.dll

VM Arguments:
jvm_args: -agentlib:jdwp=transport=dt_socket,suspend=y,address=localhost:64684 -Dfile.encoding=MS950_HKSCS 
java_command: com.marcowong.motoman.Main
Launcher Type: SUN_STANDARD

Environment Variables:
CLASSPATH=.;C:\Program Files (x86)\QuickTime\QTSystem\QTJava.zip
PATH=C:\Program Files\Common Files\Microsoft Shared\Windows Live;C:\Program Files (x86)\Common Files\Microsoft Shared\Windows Live;C:\Windows\system32;C:\Windows;C:\Windows\System32\Wbem;C:\Windows\System32\WindowsPowerShell\v1.0\;C:\Program Files\ThinkPad\Bluetooth Software\;C:\Program Files\ThinkPad\Bluetooth Software\syswow64;C:\Program Files\Broadcom\WHL\;C:\Program Files\Broadcom\WHL\syswow64;C:\Program Files\Broadcom\WHL\SysWow64\;C:\Program Files\Broadcom\WHL\SysWow64\syswow64;C:\Program Files\Intel\WiFi\bin\;C:\Program Files\Common Files\Intel\WirelessCommon\;C:\Program Files\Common Files\Lenovo;C:\Program Files (x86)\Windows Live\Shared;C:\SWTOOLS\ReadyApps;C:\Program Files (x86)\Intel\Services\IPT\;C:\Program Files (x86)\Symantec\VIP Access Client\;C:\Program Files (x86)\Common Files\Lenovo;C:\Program Files (x86)\QuickTime\QTSystem\;C:\Program Files (x86)\CineForm\Tools;C:\Program Files (x86)\GoPro\Tools
USERNAME=Marco
OS=Windows_NT
PROCESSOR_IDENTIFIER=Intel64 Family 6 Model 42 Stepping 7, GenuineIntel



---------------  S Y S T E M  ---------------

OS: Windows 7 , 64 bit Build 7601 Service Pack 1

CPU:total 4 (2 cores per cpu, 2 threads per core) family 6 model 42 stepping 7, cmov, cx8, fxsr, mmx, sse, sse2, sse3, ssse3, sse4.1, sse4.2, popcnt, avx, ht, tsc, tscinvbit

Memory: 4k page, physical 8269040k(4710132k free), swap 16536220k(11280236k free)

vm_info: Java HotSpot(TM) 64-Bit Server VM (23.1-b03) for windows-amd64 JRE (1.7.0_05-b05), built on May 15 2012 18:09:30 by "java_re" with unknown MS VC++:1600

time: Tue Apr 23 18:58:24 2013
elapsed time: 0 seconds

