#
# A fatal error has been detected by the Java Runtime Environment:
#
#  EXCEPTION_ACCESS_VIOLATION (0xc0000005) at pc=0x000000000fc4482e, pid=21188, tid=24020
#
# JRE version: 7.0_05-b05
# Java VM: Java HotSpot(TM) 64-Bit Server VM (23.1-b03 mixed mode windows-amd64 compressed oops)
# Problematic frame:
# C  [ig4icd64.dll+0x26482e]
#
# Failed to write core dump. Minidumps are not enabled by default on client versions of Windows
#
# If you would like to submit a bug report, please visit:
#   http://bugreport.sun.com/bugreport/crash.jsp
# The crash happened outside the Java Virtual Machine in native code.
# See problematic frame for where to report the bug.
#

---------------  T H R E A D  ---------------

Current thread (0x000000000e7e3000):  JavaThread "LWJGL Application" [_thread_in_native, id=24020, stack(0x000000000f8e0000,0x000000000f9e0000)]

siginfo: ExceptionCode=0xc0000005, reading address 0x00000000004c3004

Registers:
RAX=0x0000000000000424, RBX=0x0000000000000035, RCX=0x0000000000000000, RDX=0x0000000000000002
RSP=0x000000000f9de8d0, RBP=0x0000000000000004, RSI=0x0000000013c63148, RDI=0x000000000f7f1ad8
R8 =0x0000000000000003, R9 =0x0000000000000001, R10=0x00000000aaaaaaab, R11=0x00000000004c3000
R12=0x0000000000000035, R13=0x000000000000000c, R14=0x0000000010e357d0, R15=0x0000000000000000
RIP=0x000000000fc4482e, EFLAGS=0x0000000000010246

Top of Stack: (sp=0x000000000f9de8d0)
0x000000000f9de8d0:   0000000000000000 0000000000000000
0x000000000f9de8e0:   0000000000000000 0000000000000000
0x000000000f9de8f0:   0000000000000001 0000000000000001
0x000000000f9de900:   0000000000000003 000000000000000c
0x000000000f9de910:   000000000f7e6888 0000000013c62bf0
0x000000000f9de920:   0000000000000000 0000000000000000
0x000000000f9de930:   0000000013c63148 0000000000000035
0x000000000f9de940:   0000000000000144 0000000000000144
0x000000000f9de950:   0000000000000000 0000000013c62bf0
0x000000000f9de960:   0000000000000144 000000000fc4705f
0x000000000f9de970:   000000000f7e6888 000000000f7e6888
0x000000000f9de980:   0000000000000035 0000000013c63178
0x000000000f9de990:   0000000013c63148 0000000000000000
0x000000000f9de9a0:   0000000000000144 0000000000000144
0x000000000f9de9b0:   0000000000000000 0000000000080038
0x000000000f9de9c0:   000000000f7e6888 0000000000000144 

Instructions: (pc=0x000000000fc4482e)
0x000000000fc4480e:   83 e9 01 74 12 83 f9 01 0f 85 26 02 00 00 41 8b
0x000000000fc4481e:   43 0c 41 89 44 ee 0c 41 8b 43 08 41 89 44 ee 08
0x000000000fc4482e:   41 8b 43 04 41 89 44 ee 04 41 8b 03 4c 8b 4c 24
0x000000000fc4483e:   28 4c 8b 44 24 30 41 89 04 ee 48 8b ac 24 a0 00 


Register to memory mapping:

RAX=0x0000000000000424 is an unknown value
RBX=0x0000000000000035 is an unknown value
RCX=0x0000000000000000 is an unknown value
RDX=0x0000000000000002 is an unknown value
RSP=0x000000000f9de8d0 is pointing into the stack for thread: 0x000000000e7e3000
RBP=0x0000000000000004 is an unknown value
RSI=0x0000000013c63148 is an unknown value
RDI=0x000000000f7f1ad8 is an unknown value
R8 =0x0000000000000003 is an unknown value
R9 =0x0000000000000001 is an unknown value
R10=0x00000000aaaaaaab is an unknown value
R11=0x00000000004c3000 is an unknown value
R12=0x0000000000000035 is an unknown value
R13=0x000000000000000c is an unknown value
R14=0x0000000010e357d0 is an unknown value
R15=0x0000000000000000 is an unknown value


Stack: [0x000000000f8e0000,0x000000000f9e0000],  sp=0x000000000f9de8d0,  free space=1018k
Native frames: (J=compiled Java code, j=interpreted, Vv=VM code, C=native code)
C  [ig4icd64.dll+0x26482e]

Java frames: (J=compiled Java code, j=interpreted, Vv=VM code)
j  org.lwjgl.opengl.GL11.nglDrawElementsBO(IIIJJ)V+0
j  org.lwjgl.opengl.GL11.glDrawElements(IIIJ)V+28
j  com.badlogic.gdx.backends.lwjgl.LwjglGL20.glDrawElements(IIII)V+6
j  com.marcowong.motoman.GL20Debug.glDrawElements(IIII)V+60
j  com.marcowong.motoman.GL20Optimized.glDrawElements(IIII)V+13
j  com.badlogic.gdx.graphics.Mesh.render(Lcom/badlogic/gdx/graphics/glutils/ShaderProgram;III)V+174
j  com.badlogic.gdx.graphics.Mesh.render(Lcom/badlogic/gdx/graphics/glutils/ShaderProgram;I)V+27
j  com.badlogic.gdx.graphics.g3d.model.still.StillModel.render(Lcom/badlogic/gdx/graphics/glutils/ShaderProgram;)V+79
j  com.marcowong.motoman.BackgroundObjs.render(Lcom/badlogic/gdx/graphics/glutils/ShaderProgram;Lcom/badlogic/gdx/graphics/Camera;)V+128
j  com.marcowong.motoman.MotomanGameScreen.render(F)V+524
j  com.badlogic.gdx.Game.render()V+19
j  com.marcowong.motoman.MotomanGame.render()V+7
j  com.badlogic.gdx.backends.lwjgl.LwjglApplication.mainLoop()V+491
j  com.badlogic.gdx.backends.lwjgl.LwjglApplication$1.run()V+27
v  ~StubRoutines::call_stub

---------------  P R O C E S S  ---------------

Java Threads: ( => current thread )
  0x000000001284a000 JavaThread "LWJGL Timer" daemon [_thread_blocked, id=9196, stack(0x0000000012d90000,0x0000000012e90000)]
  0x000000001a434800 JavaThread "pool-2-thread-1" [_thread_blocked, id=22956, stack(0x00000000137f0000,0x00000000138f0000)]
  0x000000000e787000 JavaThread "AssetManager-Loader-Thread" daemon [_thread_blocked, id=21336, stack(0x0000000012ea0000,0x0000000012fa0000)]
  0x00000000003ee000 JavaThread "DestroyJavaVM" [_thread_blocked, id=21080, stack(0x0000000002ab0000,0x0000000002bb0000)]
=>0x000000000e7e3000 JavaThread "LWJGL Application" [_thread_in_native, id=24020, stack(0x000000000f8e0000,0x000000000f9e0000)]
  0x000000000c03b000 JavaThread "Service Thread" daemon [_thread_blocked, id=22932, stack(0x000000000e4d0000,0x000000000e5d0000)]
  0x000000000c039800 JavaThread "C2 CompilerThread1" daemon [_thread_blocked, id=21340, stack(0x000000000e190000,0x000000000e290000)]
  0x000000000c033800 JavaThread "C2 CompilerThread0" daemon [_thread_blocked, id=22336, stack(0x000000000e340000,0x000000000e440000)]
  0x000000000c02e800 JavaThread "JDWP Command Reader" daemon [_thread_in_native, id=16624, stack(0x000000000e090000,0x000000000e190000)]
  0x000000000c023800 JavaThread "JDWP Event Helper Thread" daemon [_thread_blocked, id=15712, stack(0x000000000dba0000,0x000000000dca0000)]
  0x000000000c017800 JavaThread "JDWP Transport Listener: dt_socket" daemon [_thread_blocked, id=23244, stack(0x000000000def0000,0x000000000dff0000)]
  0x000000000c011800 JavaThread "Attach Listener" daemon [_thread_blocked, id=22344, stack(0x000000000d120000,0x000000000d220000)]
  0x000000000c00a000 JavaThread "Signal Dispatcher" daemon [_thread_blocked, id=20104, stack(0x000000000d4b0000,0x000000000d5b0000)]
  0x0000000002853000 JavaThread "Finalizer" daemon [_thread_blocked, id=21952, stack(0x000000000d290000,0x000000000d390000)]
  0x0000000002851800 JavaThread "Reference Handler" daemon [_thread_blocked, id=19860, stack(0x000000000cfd0000,0x000000000d0d0000)]

Other Threads:
  0x000000000bf52800 VMThread [stack: 0x000000000ce70000,0x000000000cf70000] [id=21772]
  0x000000000e5e4800 WatcherThread [stack: 0x000000000ea30000,0x000000000eb30000] [id=23820]

VM state:not at safepoint (normal execution)

VM Mutex/Monitor currently owned by a thread: None

Heap
 PSYoungGen      total 37696K, used 544K [0x00000000d5eb0000, 0x00000000d88c0000, 0x0000000000000000)
  eden space 32320K, 1% used [0x00000000d5eb0000,0x00000000d5f38020,0x00000000d7e40000)
  from space 5376K, 0% used [0x00000000d8380000,0x00000000d8380000,0x00000000d88c0000)
  to   space 5376K, 0% used [0x00000000d7e40000,0x00000000d7e40000,0x00000000d8380000)
 ParOldGen       total 86144K, used 3103K [0x0000000081c00000, 0x0000000087020000, 0x00000000d5eb0000)
  object space 86144K, 3% used [0x0000000081c00000,0x0000000081f07ed0,0x0000000087020000)
 PSPermGen       total 21248K, used 7632K [0x000000007ca00000, 0x000000007dec0000, 0x0000000081c00000)
  object space 21248K, 35% used [0x000000007ca00000,0x000000007d1740d0,0x000000007dec0000)

Code Cache  [0x0000000002bb0000, 0x0000000002e20000, 0x0000000005bb0000)
 total_blobs=535 nmethods=152 adapters=342 free_code_cache=48139Kb largest_free_block=49264896

Compilation events (10 events):
Event: 2.353 Thread 0x000000000c039800 nmethod 144 0x0000000002c80ad0 code [0x0000000002c80c00, 0x0000000002c80cb8]
Event: 2.363 Thread 0x000000000c039800  145             com.jcraft.jorbis.CodeBook::make_words (239 bytes)
Event: 2.373 Thread 0x000000000c039800 nmethod 145 0x0000000002c76cd0 code [0x0000000002c76e40, 0x0000000002c77518]
Event: 2.373 Thread 0x000000000c039800  146             com.jcraft.jorbis.CodeBook::make_decode_tree (377 bytes)
Event: 2.408 Thread 0x000000000c039800 nmethod 146 0x0000000002c78150 code [0x0000000002c78300, 0x0000000002c78f78]
Event: 2.408 Thread 0x000000000c039800    5 %           com.jcraft.jorbis.StaticCodeBook::unquantize @ 99 (293 bytes)
Event: 2.415 Thread 0x000000000c033800 nmethod 143 0x0000000002cb2050 code [0x0000000002cb22a0, 0x0000000002cb3b28]
Event: 2.415 Thread 0x000000000c033800    6 %           com.jcraft.jorbis.CodeBook::make_words @ 127 (239 bytes)
Event: 2.424 Thread 0x000000000c039800 nmethod 5% 0x0000000002caed50 code [0x0000000002caeec0, 0x0000000002cafa18]
Event: 2.431 Thread 0x000000000c033800 nmethod 6% 0x0000000002cb0fd0 code [0x0000000002cb1140, 0x0000000002cb1a98]

GC Heap History (8 events):
Event: 2.219 GC heap before
{Heap before GC invocations=1 (full 0):
 PSYoungGen      total 37696K, used 30300K [0x00000000d5eb0000, 0x00000000d88c0000, 0x0000000000000000)
  eden space 32320K, 93% used [0x00000000d5eb0000,0x00000000d7c47320,0x00000000d7e40000)
  from space 5376K, 0% used [0x00000000d8380000,0x00000000d8380000,0x00000000d88c0000)
  to   space 5376K, 0% used [0x00000000d7e40000,0x00000000d7e40000,0x00000000d8380000)
 ParOldGen       total 86144K, used 0K [0x0000000081c00000, 0x0000000087020000, 0x00000000d5eb0000)
  object space 86144K, 0% used [0x0000000081c00000,0x0000000081c00000,0x0000000087020000)
 PSPermGen       total 21248K, used 6956K [0x000000007ca00000, 0x000000007dec0000, 0x0000000081c00000)
  object space 21248K, 32% used [0x000000007ca00000,0x000000007d0cb210,0x000000007dec0000)
Event: 2.227 GC heap after
Heap after GC invocations=1 (full 0):
 PSYoungGen      total 37696K, used 3574K [0x00000000d5eb0000, 0x00000000d88c0000, 0x0000000000000000)
  eden space 32320K, 0% used [0x00000000d5eb0000,0x00000000d5eb0000,0x00000000d7e40000)
  from space 5376K, 66% used [0x00000000d7e40000,0x00000000d81bda08,0x00000000d8380000)
  to   space 5376K, 0% used [0x00000000d8380000,0x00000000d8380000,0x00000000d88c0000)
 ParOldGen       total 86144K, used 8K [0x0000000081c00000, 0x0000000087020000, 0x00000000d5eb0000)
  object space 86144K, 0% used [0x0000000081c00000,0x0000000081c02000,0x0000000087020000)
 PSPermGen       total 21248K, used 6956K [0x000000007ca00000, 0x000000007dec0000, 0x0000000081c00000)
  object space 21248K, 32% used [0x000000007ca00000,0x000000007d0cb210,0x000000007dec0000)
}
Event: 2.227 GC heap before
{Heap before GC invocations=2 (full 1):
 PSYoungGen      total 37696K, used 3574K [0x00000000d5eb0000, 0x00000000d88c0000, 0x0000000000000000)
  eden space 32320K, 0% used [0x00000000d5eb0000,0x00000000d5eb0000,0x00000000d7e40000)
  from space 5376K, 66% used [0x00000000d7e40000,0x00000000d81bda08,0x00000000d8380000)
  to   space 5376K, 0% used [0x00000000d8380000,0x00000000d8380000,0x00000000d88c0000)
 ParOldGen       total 86144K, used 8K [0x0000000081c00000, 0x0000000087020000, 0x00000000d5eb0000)
  object space 86144K, 0% used [0x0000000081c00000,0x0000000081c02000,0x0000000087020000)
 PSPermGen       total 21248K, used 6956K [0x000000007ca00000, 0x000000007dec0000, 0x0000000081c00000)
  object space 21248K, 32% used [0x000000007ca00000,0x000000007d0cb210,0x000000007dec0000)
Event: 2.243 GC heap after
Heap after GC invocations=2 (full 1):
 PSYoungGen      total 37696K, used 0K [0x00000000d5eb0000, 0x00000000d88c0000, 0x0000000000000000)
  eden space 32320K, 0% used [0x00000000d5eb0000,0x00000000d5eb0000,0x00000000d7e40000)
  from space 5376K, 0% used [0x00000000d7e40000,0x00000000d7e40000,0x00000000d8380000)
  to   space 5376K, 0% used [0x00000000d8380000,0x00000000d8380000,0x00000000d88c0000)
 ParOldGen       total 86144K, used 3329K [0x0000000081c00000, 0x0000000087020000, 0x00000000d5eb0000)
  object space 86144K, 3% used [0x0000000081c00000,0x0000000081f40720,0x0000000087020000)
 PSPermGen       total 21248K, used 6954K [0x000000007ca00000, 0x000000007dec0000, 0x0000000081c00000)
  object space 21248K, 32% used [0x000000007ca00000,0x000000007d0ca940,0x000000007dec0000)
}
Event: 2.378 GC heap before
{Heap before GC invocations=3 (full 1):
 PSYoungGen      total 37696K, used 4567K [0x00000000d5eb0000, 0x00000000d88c0000, 0x0000000000000000)
  eden space 32320K, 14% used [0x00000000d5eb0000,0x00000000d6325d18,0x00000000d7e40000)
  from space 5376K, 0% used [0x00000000d7e40000,0x00000000d7e40000,0x00000000d8380000)
  to   space 5376K, 0% used [0x00000000d8380000,0x00000000d8380000,0x00000000d88c0000)
 ParOldGen       total 86144K, used 3329K [0x0000000081c00000, 0x0000000087020000, 0x00000000d5eb0000)
  object space 86144K, 3% used [0x0000000081c00000,0x0000000081f40720,0x0000000087020000)
 PSPermGen       total 21248K, used 7592K [0x000000007ca00000, 0x000000007dec0000, 0x0000000081c00000)
  object space 21248K, 35% used [0x000000007ca00000,0x000000007d16a0e0,0x000000007dec0000)
Event: 2.380 GC heap after
Heap after GC invocations=3 (full 1):
 PSYoungGen      total 37696K, used 1575K [0x00000000d5eb0000, 0x00000000d88c0000, 0x0000000000000000)
  eden space 32320K, 0% used [0x00000000d5eb0000,0x00000000d5eb0000,0x00000000d7e40000)
  from space 5376K, 29% used [0x00000000d8380000,0x00000000d8509e70,0x00000000d88c0000)
  to   space 5376K, 0% used [0x00000000d7e40000,0x00000000d7e40000,0x00000000d8380000)
 ParOldGen       total 86144K, used 3329K [0x0000000081c00000, 0x0000000087020000, 0x00000000d5eb0000)
  object space 86144K, 3% used [0x0000000081c00000,0x0000000081f40720,0x0000000087020000)
 PSPermGen       total 21248K, used 7592K [0x000000007ca00000, 0x000000007dec0000, 0x0000000081c00000)
  object space 21248K, 35% used [0x000000007ca00000,0x000000007d16a0e0,0x000000007dec0000)
}
Event: 2.380 GC heap before
{Heap before GC invocations=4 (full 2):
 PSYoungGen      total 37696K, used 1575K [0x00000000d5eb0000, 0x00000000d88c0000, 0x0000000000000000)
  eden space 32320K, 0% used [0x00000000d5eb0000,0x00000000d5eb0000,0x00000000d7e40000)
  from space 5376K, 29% used [0x00000000d8380000,0x00000000d8509e70,0x00000000d88c0000)
  to   space 5376K, 0% used [0x00000000d7e40000,0x00000000d7e40000,0x00000000d8380000)
 ParOldGen       total 86144K, used 3329K [0x0000000081c00000, 0x0000000087020000, 0x00000000d5eb0000)
  object space 86144K, 3% used [0x0000000081c00000,0x0000000081f40720,0x0000000087020000)
 PSPermGen       total 21248K, used 7592K [0x000000007ca00000, 0x000000007dec0000, 0x0000000081c00000)
  object space 21248K, 35% used [0x000000007ca00000,0x000000007d16a0e0,0x000000007dec0000)
Event: 2.392 GC heap after
Heap after GC invocations=4 (full 2):
 PSYoungGen      total 37696K, used 0K [0x00000000d5eb0000, 0x00000000d88c0000, 0x0000000000000000)
  eden space 32320K, 0% used [0x00000000d5eb0000,0x00000000d5eb0000,0x00000000d7e40000)
  from space 5376K, 0% used [0x00000000d8380000,0x00000000d8380000,0x00000000d88c0000)
  to   space 5376K, 0% used [0x00000000d7e40000,0x00000000d7e40000,0x00000000d8380000)
 ParOldGen       total 86144K, used 3103K [0x0000000081c00000, 0x0000000087020000, 0x00000000d5eb0000)
  object space 86144K, 3% used [0x0000000081c00000,0x0000000081f07ed0,0x0000000087020000)
 PSPermGen       total 21248K, used 7592K [0x000000007ca00000, 0x000000007dec0000, 0x0000000081c00000)
  object space 21248K, 35% used [0x000000007ca00000,0x000000007d16a050,0x000000007dec0000)
}

Deoptimization events (10 events):
Event: 0.607 Thread 0x000000000e7e3000 Uncommon trap -34 fr.pc 0x0000000002c33c28
Event: 0.674 Thread 0x000000000e7e3000 Uncommon trap -83 fr.pc 0x0000000002c3f80c
Event: 0.703 Thread 0x000000000e7e3000 Uncommon trap -42 fr.pc 0x0000000002c46fa4
Event: 0.703 Thread 0x000000000e7e3000 Uncommon trap -42 fr.pc 0x0000000002c46fa4
Event: 0.703 Thread 0x000000000e7e3000 Uncommon trap -42 fr.pc 0x0000000002c46fa4
Event: 0.703 Thread 0x000000000e7e3000 Uncommon trap -42 fr.pc 0x0000000002c46fa4
Event: 0.845 Thread 0x000000000e7e3000 Uncommon trap -83 fr.pc 0x0000000002c49840
Event: 0.960 Thread 0x000000000e7e3000 Uncommon trap -83 fr.pc 0x0000000002c39d38
Event: 0.964 Thread 0x000000000e7e3000 Uncommon trap -83 fr.pc 0x0000000002c44dd8
Event: 1.520 Thread 0x000000000e7e3000 Uncommon trap -83 fr.pc 0x0000000002c7477c

Internal exceptions (10 events):
Event: 2.360 Thread 0x000000000e7e3000 Threw 0x00000000d6205630 at C:\jdk7u1_64p\jdk7u5\hotspot\src\share\vm\prims\jvm.cpp:1166
Event: 2.361 Thread 0x000000000e7e3000 Threw 0x00000000d620b620 at C:\jdk7u1_64p\jdk7u5\hotspot\src\share\vm\prims\jvm.cpp:1166
Event: 2.376 Thread 0x000000000e7e3000 Threw 0x00000000d6293f50 at C:\jdk7u1_64p\jdk7u5\hotspot\src\share\vm\prims\jvm.cpp:1166
Event: 2.377 Thread 0x000000000e7e3000 Threw 0x00000000d629f088 at C:\jdk7u1_64p\jdk7u5\hotspot\src\share\vm\prims\jvm.cpp:1166
Event: 2.377 Thread 0x000000000e7e3000 Threw 0x00000000d62a2508 at C:\jdk7u1_64p\jdk7u5\hotspot\src\share\vm\prims\jvm.cpp:1166
Event: 2.395 Thread 0x000000000e7e3000 Threw 0x00000000d5eb48f0 at C:\jdk7u1_64p\jdk7u5\hotspot\src\share\vm\prims\jvm.cpp:1166
Event: 2.397 Thread 0x000000000e7e3000 Threw 0x00000000d5ebddb8 at C:\jdk7u1_64p\jdk7u5\hotspot\src\share\vm\prims\jvm.cpp:1166
Event: 2.403 Thread 0x000000000e7e3000 Threw 0x00000000d5ec44b8 at C:\jdk7u1_64p\jdk7u5\hotspot\src\share\vm\prims\jvm.cpp:1166
Event: 2.419 Thread 0x000000000e7e3000 Threw 0x00000000d5edeba0 at C:\jdk7u1_64p\jdk7u5\hotspot\src\share\vm\prims\jvm.cpp:1166
Event: 2.421 Thread 0x000000000e7e3000 Threw 0x00000000d5ee5af0 at C:\jdk7u1_64p\jdk7u5\hotspot\src\share\vm\prims\jvm.cpp:1166

Events (10 events):
Event: 2.394 loading class 0x000000000e78c750
Event: 2.394 loading class 0x000000000e78c750 done
Event: 2.397 loading class 0x000000000e64b820
Event: 2.397 loading class 0x000000000e64b820 done
Event: 2.403 loading class 0x000000000e81a830
Event: 2.403 loading class 0x000000000e81a830 done
Event: 2.419 loading class 0x000000000e8baa40
Event: 2.419 loading class 0x000000000e8baa40 done
Event: 2.421 loading class 0x000000000e82ded0
Event: 2.421 loading class 0x000000000e82ded0 done


Dynamic libraries:
0x000000003f120000 - 0x000000003f154000 	C:\Program Files\Java\jre7\bin\javaw.exe
0x0000000077c30000 - 0x0000000077dd9000 	C:\Windows\SYSTEM32\ntdll.dll
0x0000000077b10000 - 0x0000000077c2f000 	C:\Windows\system32\kernel32.dll
0x00000000fdb00000 - 0x00000000fdb6b000 	C:\Windows\system32\KERNELBASE.dll
0x00000000fe470000 - 0x00000000fe54b000 	C:\Windows\system32\ADVAPI32.dll
0x00000000fde70000 - 0x00000000fdf0f000 	C:\Windows\system32\msvcrt.dll
0x00000000fea30000 - 0x00000000fea4f000 	C:\Windows\SYSTEM32\sechost.dll
0x00000000fef40000 - 0x00000000ff06d000 	C:\Windows\system32\RPCRT4.dll
0x0000000077a10000 - 0x0000000077b0a000 	C:\Windows\system32\USER32.dll
0x00000000fec40000 - 0x00000000feca7000 	C:\Windows\system32\GDI32.dll
0x00000000fff30000 - 0x00000000fff3e000 	C:\Windows\system32\LPK.dll
0x00000000fe940000 - 0x00000000fea09000 	C:\Windows\system32\USP10.dll
0x00000000fcc30000 - 0x00000000fce24000 	C:\Windows\WinSxS\amd64_microsoft.windows.common-controls_6595b64144ccf1df_6.0.7601.17514_none_fa396087175ac9ac\COMCTL32.dll
0x00000000fdf10000 - 0x00000000fdf81000 	C:\Windows\system32\SHLWAPI.dll
0x00000000fde40000 - 0x00000000fde6e000 	C:\Windows\system32\IMM32.DLL
0x00000000feb30000 - 0x00000000fec39000 	C:\Windows\system32\MSCTF.dll
0x00000000fd9d0000 - 0x00000000fda0c000 	C:\Windows\system32\nvinitx.dll
0x000000000f000000 - 0x000000000f006000 	C:\Program Files\NVIDIA Corporation\CoProcManager\_etoured.dll
0x00000000f78f0000 - 0x00000000f7934000 	C:\Program Files\NVIDIA Corporation\CoProcManager\nvd3d9wrapx.dll
0x00000000fe550000 - 0x00000000fe727000 	C:\Windows\system32\SETUPAPI.dll
0x00000000fddb0000 - 0x00000000fdde6000 	C:\Windows\system32\CFGMGR32.dll
0x00000000fea50000 - 0x00000000feb27000 	C:\Windows\system32\OLEAUT32.dll
0x00000000fe730000 - 0x00000000fe933000 	C:\Windows\system32\ole32.dll
0x00000000fdad0000 - 0x00000000fdaea000 	C:\Windows\system32\DEVOBJ.dll
0x00000000f78a0000 - 0x00000000f78e2000 	C:\Program Files\NVIDIA Corporation\CoProcManager\nvdxgiwrapx.dll
0x000000006f3c0000 - 0x000000006f491000 	C:\Program Files\Java\jre7\bin\msvcr100.dll
0x000000006eca0000 - 0x000000006f3ba000 	C:\Program Files\Java\jre7\bin\server\jvm.dll
0x00000000f9930000 - 0x00000000f9939000 	C:\Windows\system32\WSOCK32.dll
0x00000000ffe80000 - 0x00000000ffecd000 	C:\Windows\system32\WS2_32.dll
0x00000000fe030000 - 0x00000000fe038000 	C:\Windows\system32\NSI.dll
0x00000000fb6d0000 - 0x00000000fb70b000 	C:\Windows\system32\WINMM.dll
0x0000000077e00000 - 0x0000000077e07000 	C:\Windows\system32\PSAPI.DLL
0x000000006f570000 - 0x000000006f57f000 	C:\Program Files\Java\jre7\bin\verify.dll
0x000000006f540000 - 0x000000006f568000 	C:\Program Files\Java\jre7\bin\java.dll
0x000000006ebd0000 - 0x000000006ec05000 	C:\Program Files\Java\jre7\bin\jdwp.dll
0x00000000737d0000 - 0x00000000737d8000 	C:\Program Files\Java\jre7\bin\npt.dll
0x000000006f520000 - 0x000000006f535000 	C:\Program Files\Java\jre7\bin\zip.dll
0x000000006b4d0000 - 0x000000006b4d9000 	C:\Program Files\Java\jre7\bin\dt_socket.dll
0x00000000fbf60000 - 0x00000000fbf75000 	C:\Windows\system32\NLAapi.dll
0x00000000f1930000 - 0x00000000f1945000 	C:\Windows\system32\napinsp.dll
0x00000000f1910000 - 0x00000000f1929000 	C:\Windows\system32\pnrpnsp.dll
0x00000000fd240000 - 0x00000000fd295000 	C:\Windows\System32\mswsock.dll
0x00000000fd0c0000 - 0x00000000fd11b000 	C:\Windows\system32\DNSAPI.dll
0x00000000f1900000 - 0x00000000f190b000 	C:\Windows\System32\winrnr.dll
0x00000000f18f0000 - 0x00000000f1900000 	C:\Windows\system32\wshbth.dll
0x00000000f80c0000 - 0x00000000f80ef000 	C:\Program Files\Common Files\Microsoft Shared\Windows Live\WLIDNSP.DLL
0x0000000074440000 - 0x0000000074466000 	C:\Program Files\Bonjour\mdnsNSP.dll
0x00000000fa360000 - 0x00000000fa387000 	C:\Windows\system32\Iphlpapi.DLL
0x00000000fa340000 - 0x00000000fa34b000 	C:\Windows\system32\WINNSI.DLL
0x00000000fa1f0000 - 0x00000000fa243000 	C:\Windows\System32\fwpuclnt.dll
0x00000000f80b0000 - 0x00000000f80b8000 	C:\Windows\system32\rasadhlp.dll
0x00000000fc650000 - 0x00000000fc657000 	C:\Windows\System32\wshtcpip.dll
0x0000000065580000 - 0x000000006560d000 	C:\Users\Marco\AppData\Local\Temp\libgdxMarco\123946040\gdx64.dll
0x0000000080000000 - 0x0000000080050000 	C:\Users\Marco\AppData\Local\Temp\libgdxMarco\27538956\lwjgl64.dll
0x00000000f20c0000 - 0x00000000f21dd000 	C:\Windows\system32\OPENGL32.dll
0x00000000f7ef0000 - 0x00000000f7f1d000 	C:\Windows\system32\GLU32.dll
0x00000000e8fe0000 - 0x00000000e90d1000 	C:\Windows\system32\DDRAW.dll
0x00000000e9110000 - 0x00000000e9118000 	C:\Windows\system32\DCIMAN32.dll
0x00000000fb4d0000 - 0x00000000fb4e8000 	C:\Windows\system32\dwmapi.dll
0x00000000fc940000 - 0x00000000fc94c000 	C:\Windows\system32\VERSION.dll
0x00000000022d0000 - 0x0000000002332000 	C:\Users\Marco\AppData\Local\Temp\libgdxMarco\27538956\OpenAL64.dll
0x00000000ff0f0000 - 0x00000000ffe78000 	C:\Windows\system32\SHELL32.dll
0x00000000fd8a0000 - 0x00000000fd8af000 	C:\Windows\system32\CRYPTBASE.dll
0x00000000fb820000 - 0x00000000fb876000 	C:\Windows\system32\uxtheme.dll
0x00000000fe1a0000 - 0x00000000fe239000 	C:\Windows\system32\CLBCatQ.DLL
0x00000000fc190000 - 0x00000000fc2bc000 	C:\Windows\System32\PROPSYS.dll
0x00000000fde00000 - 0x00000000fde39000 	C:\Windows\system32\WINTRUST.dll
0x00000000fdc30000 - 0x00000000fdd9a000 	C:\Windows\system32\CRYPT32.dll
0x00000000fdab0000 - 0x00000000fdabf000 	C:\Windows\system32\MSASN1.dll
0x00000000f7de0000 - 0x00000000f7e68000 	C:\Windows\system32\dsound.dll
0x00000000fc310000 - 0x00000000fc33c000 	C:\Windows\system32\POWRPROF.dll
0x00000000fc2c0000 - 0x00000000fc30b000 	C:\Windows\System32\MMDevApi.dll
0x00000000fb5a0000 - 0x00000000fb5ef000 	C:\Windows\system32\AUDIOSES.DLL
0x000000000f9e0000 - 0x0000000010cb3000 	C:\Windows\system32\ig4icd64.dll
0x00000000029f0000 - 0x0000000002a55000 	C:\Program Files\ThinkPad\Bluetooth Software\btmmhook.dll
0x00000000f9470000 - 0x00000000f950c000 	C:\Windows\system32\mscms.dll
0x00000000fc790000 - 0x00000000fc7ae000 	C:\Windows\system32\USERENV.dll
0x00000000fda10000 - 0x00000000fda1f000 	C:\Windows\system32\profapi.dll
0x00000000f2070000 - 0x00000000f20b2000 	C:\Windows\system32\icm32.dll
0x00000000fbae0000 - 0x00000000fbc05000 	C:\Windows\system32\dbghelp.dll

VM Arguments:
jvm_args: -agentlib:jdwp=transport=dt_socket,suspend=y,address=localhost:51084 -XX:-OmitStackTraceInFastThrow -Dfile.encoding=MS950_HKSCS 
java_command: com.marcowong.motoman.Main
Launcher Type: SUN_STANDARD

Environment Variables:
CLASSPATH=.;C:\Program Files (x86)\QuickTime\QTSystem\QTJava.zip
PATH=C:\Program Files\Common Files\Microsoft Shared\Windows Live;C:\Program Files (x86)\Common Files\Microsoft Shared\Windows Live;C:\Windows\system32;C:\Windows;C:\Windows\System32\Wbem;C:\Windows\System32\WindowsPowerShell\v1.0\;C:\Program Files\ThinkPad\Bluetooth Software\;C:\Program Files\ThinkPad\Bluetooth Software\syswow64;C:\Program Files\Broadcom\WHL\;C:\Program Files\Broadcom\WHL\syswow64;C:\Program Files\Broadcom\WHL\SysWow64\;C:\Program Files\Broadcom\WHL\SysWow64\syswow64;C:\Program Files\Intel\WiFi\bin\;C:\Program Files\Common Files\Intel\WirelessCommon\;C:\Program Files\Common Files\Lenovo;C:\Program Files (x86)\Windows Live\Shared;C:\SWTOOLS\ReadyApps;C:\Program Files (x86)\Intel\Services\IPT\;C:\Program Files (x86)\Symantec\VIP Access Client\;C:\Program Files (x86)\Common Files\Lenovo;C:\Program Files (x86)\QuickTime\QTSystem\;C:\Program Files (x86)\CineForm\Tools;C:\Program Files (x86)\GoPro\Tools
USERNAME=Marco
OS=Windows_NT
PROCESSOR_IDENTIFIER=Intel64 Family 6 Model 42 Stepping 7, GenuineIntel



---------------  S Y S T E M  ---------------

OS: Windows 7 , 64 bit Build 7601 Service Pack 1

CPU:total 4 (2 cores per cpu, 2 threads per core) family 6 model 42 stepping 7, cmov, cx8, fxsr, mmx, sse, sse2, sse3, ssse3, sse4.1, sse4.2, popcnt, avx, ht, tsc, tscinvbit

Memory: 4k page, physical 8269040k(4721896k free), swap 16536220k(11598948k free)

vm_info: Java HotSpot(TM) 64-Bit Server VM (23.1-b03) for windows-amd64 JRE (1.7.0_05-b05), built on May 15 2012 18:09:30 by "java_re" with unknown MS VC++:1600

time: Tue Jun 04 04:44:44 2013
elapsed time: 2 seconds

