#
# A fatal error has been detected by the Java Runtime Environment:
#
#  EXCEPTION_ACCESS_VIOLATION (0xc0000005) at pc=0x000000000fa5482e, pid=23612, tid=20448
#
# JRE version: 7.0_05-b05
# Java VM: Java HotSpot(TM) 64-Bit Server VM (23.1-b03 mixed mode windows-amd64 compressed oops)
# Problematic frame:
# C  [ig4icd64.dll+0x26482e]
#
# Failed to write core dump. Minidumps are not enabled by default on client versions of Windows
#
# If you would like to submit a bug report, please visit:
#   http://bugreport.sun.com/bugreport/crash.jsp
# The crash happened outside the Java Virtual Machine in native code.
# See problematic frame for where to report the bug.
#

---------------  T H R E A D  ---------------

Current thread (0x000000000e514800):  JavaThread "LWJGL Application" [_thread_in_native, id=20448, stack(0x000000000f6f0000,0x000000000f7f0000)]

siginfo: ExceptionCode=0xc0000005, reading address 0x0000000000453004

Registers:
RAX=0x0000000000000424, RBX=0x0000000000000035, RCX=0x0000000000000000, RDX=0x0000000000000002
RSP=0x000000000f7eeae0, RBP=0x0000000000000004, RSI=0x00000000139f3148, RDI=0x000000000f441ad8
R8 =0x0000000000000003, R9 =0x0000000000000001, R10=0x00000000aaaaaaab, R11=0x0000000000453000
R12=0x0000000000000035, R13=0x000000000000000c, R14=0x00000000029457d0, R15=0x0000000000000000
RIP=0x000000000fa5482e, EFLAGS=0x0000000000010246

Top of Stack: (sp=0x000000000f7eeae0)
0x000000000f7eeae0:   0000000000000000 0000000000000000
0x000000000f7eeaf0:   0000000000000000 0000000000000000
0x000000000f7eeb00:   0000000000000001 0000000000000001
0x000000000f7eeb10:   0000000000000003 000000000000000c
0x000000000f7eeb20:   000000000f436888 00000000139f2bf0
0x000000000f7eeb30:   0000000000000000 0000000000000000
0x000000000f7eeb40:   00000000139f3148 0000000000000035
0x000000000f7eeb50:   0000000000000144 0000000000000144
0x000000000f7eeb60:   0000000000000000 00000000139f2bf0
0x000000000f7eeb70:   0000000000000144 000000000fa5705f
0x000000000f7eeb80:   000000000f436888 000000000f436888
0x000000000f7eeb90:   0000000000000035 00000000139f3178
0x000000000f7eeba0:   00000000139f3148 0000000000000000
0x000000000f7eebb0:   0000000000000144 0000000000000144
0x000000000f7eebc0:   0000000000000000 0000000000080038
0x000000000f7eebd0:   000000000f436888 0000000000000144 

Instructions: (pc=0x000000000fa5482e)
0x000000000fa5480e:   83 e9 01 74 12 83 f9 01 0f 85 26 02 00 00 41 8b
0x000000000fa5481e:   43 0c 41 89 44 ee 0c 41 8b 43 08 41 89 44 ee 08
0x000000000fa5482e:   41 8b 43 04 41 89 44 ee 04 41 8b 03 4c 8b 4c 24
0x000000000fa5483e:   28 4c 8b 44 24 30 41 89 04 ee 48 8b ac 24 a0 00 


Register to memory mapping:

RAX=0x0000000000000424 is an unknown value
RBX=0x0000000000000035 is an unknown value
RCX=0x0000000000000000 is an unknown value
RDX=0x0000000000000002 is an unknown value
RSP=0x000000000f7eeae0 is pointing into the stack for thread: 0x000000000e514800
RBP=0x0000000000000004 is an unknown value
RSI=0x00000000139f3148 is an unknown value
RDI=0x000000000f441ad8 is an unknown value
R8 =0x0000000000000003 is an unknown value
R9 =0x0000000000000001 is an unknown value
R10=0x00000000aaaaaaab is an unknown value
R11=0x0000000000453000 is an unknown value
R12=0x0000000000000035 is an unknown value
R13=0x000000000000000c is an unknown value
R14=0x00000000029457d0 is an unknown value
R15=0x0000000000000000 is an unknown value


Stack: [0x000000000f6f0000,0x000000000f7f0000],  sp=0x000000000f7eeae0,  free space=1018k
Native frames: (J=compiled Java code, j=interpreted, Vv=VM code, C=native code)
C  [ig4icd64.dll+0x26482e]

Java frames: (J=compiled Java code, j=interpreted, Vv=VM code)
j  org.lwjgl.opengl.GL11.nglDrawElementsBO(IIIJJ)V+0
j  org.lwjgl.opengl.GL11.glDrawElements(IIIJ)V+28
j  com.badlogic.gdx.backends.lwjgl.LwjglGL20.glDrawElements(IIII)V+6
j  com.marcowong.motoman.GL20Debug.glDrawElements(IIII)V+60
j  com.marcowong.motoman.GL20Optimized.glDrawElements(IIII)V+13
j  com.badlogic.gdx.graphics.Mesh.render(Lcom/badlogic/gdx/graphics/glutils/ShaderProgram;III)V+174
j  com.badlogic.gdx.graphics.Mesh.render(Lcom/badlogic/gdx/graphics/glutils/ShaderProgram;I)V+27
j  com.badlogic.gdx.graphics.g3d.model.still.StillModel.render(Lcom/badlogic/gdx/graphics/glutils/ShaderProgram;)V+79
j  com.marcowong.motoman.BackgroundObjs.render(Lcom/badlogic/gdx/graphics/glutils/ShaderProgram;Lcom/badlogic/gdx/graphics/Camera;)V+128
j  com.marcowong.motoman.MotomanGameScreen.render(F)V+524
j  com.badlogic.gdx.Game.render()V+19
j  com.marcowong.motoman.MotomanGame.render()V+7
j  com.badlogic.gdx.backends.lwjgl.LwjglApplication.mainLoop()V+491
j  com.badlogic.gdx.backends.lwjgl.LwjglApplication$1.run()V+27
v  ~StubRoutines::call_stub

---------------  P R O C E S S  ---------------

Java Threads: ( => current thread )
  0x0000000012ae5800 JavaThread "LWJGL Timer" daemon [_thread_blocked, id=19684, stack(0x0000000014540000,0x0000000014640000)]
  0x0000000012ae4800 JavaThread "pool-2-thread-1" [_thread_blocked, id=12632, stack(0x0000000014680000,0x0000000014780000)]
  0x000000000e592000 JavaThread "AssetManager-Loader-Thread" daemon [_thread_blocked, id=23908, stack(0x0000000012dc0000,0x0000000012ec0000)]
  0x000000000296e000 JavaThread "DestroyJavaVM" [_thread_blocked, id=21704, stack(0x0000000002ca0000,0x0000000002da0000)]
=>0x000000000e514800 JavaThread "LWJGL Application" [_thread_in_native, id=20448, stack(0x000000000f6f0000,0x000000000f7f0000)]
  0x000000000bece800 JavaThread "Service Thread" daemon [_thread_blocked, id=21976, stack(0x000000000e8e0000,0x000000000e9e0000)]
  0x000000000becc800 JavaThread "C2 CompilerThread1" daemon [_thread_blocked, id=22548, stack(0x000000000e260000,0x000000000e360000)]
  0x000000000bec7000 JavaThread "C2 CompilerThread0" daemon [_thread_blocked, id=11088, stack(0x000000000e010000,0x000000000e110000)]
  0x000000000beb8800 JavaThread "JDWP Command Reader" daemon [_thread_in_native, id=16472, stack(0x000000000ddf0000,0x000000000def0000)]
  0x000000000beb7800 JavaThread "JDWP Event Helper Thread" daemon [_thread_blocked, id=21680, stack(0x000000000def0000,0x000000000dff0000)]
  0x000000000beab800 JavaThread "JDWP Transport Listener: dt_socket" daemon [_thread_blocked, id=24444, stack(0x000000000db70000,0x000000000dc70000)]
  0x000000000bea1800 JavaThread "Attach Listener" daemon [_thread_blocked, id=23172, stack(0x000000000cff0000,0x000000000d0f0000)]
  0x000000000be9a000 JavaThread "Signal Dispatcher" daemon [_thread_blocked, id=23712, stack(0x000000000d4c0000,0x000000000d5c0000)]
  0x00000000028d8800 JavaThread "Finalizer" daemon [_thread_blocked, id=22752, stack(0x000000000d300000,0x000000000d400000)]
  0x00000000028d1800 JavaThread "Reference Handler" daemon [_thread_blocked, id=17520, stack(0x000000000d100000,0x000000000d200000)]

Other Threads:
  0x000000000bde2800 VMThread [stack: 0x000000000cee0000,0x000000000cfe0000] [id=18912]
  0x000000000e374800 WatcherThread [stack: 0x000000000e9f0000,0x000000000eaf0000] [id=23580]

VM state:not at safepoint (normal execution)

VM Mutex/Monitor currently owned by a thread: None

Heap
 PSYoungGen      total 37696K, used 544K [0x00000000d5eb0000, 0x00000000d88c0000, 0x0000000000000000)
  eden space 32320K, 1% used [0x00000000d5eb0000,0x00000000d5f38000,0x00000000d7e40000)
  from space 5376K, 0% used [0x00000000d8380000,0x00000000d8380000,0x00000000d88c0000)
  to   space 5376K, 0% used [0x00000000d7e40000,0x00000000d7e40000,0x00000000d8380000)
 ParOldGen       total 86144K, used 3103K [0x0000000081c00000, 0x0000000087020000, 0x00000000d5eb0000)
  object space 86144K, 3% used [0x0000000081c00000,0x0000000081f07f00,0x0000000087020000)
 PSPermGen       total 21248K, used 7633K [0x000000007ca00000, 0x000000007dec0000, 0x0000000081c00000)
  object space 21248K, 35% used [0x000000007ca00000,0x000000007d174608,0x000000007dec0000)

Code Cache  [0x0000000002da0000, 0x0000000003010000, 0x0000000005da0000)
 total_blobs=538 nmethods=155 adapters=342 free_code_cache=48131Kb largest_free_block=49255104

Compilation events (10 events):
Event: 2.405 Thread 0x000000000bec7000 nmethod 4% 0x0000000002e6d050 code [0x0000000002e6d1a0, 0x0000000002e6d618]
Event: 2.405 Thread 0x000000000bec7000  148             java.lang.Character::toLowerCase (6 bytes)
Event: 2.406 Thread 0x000000000bec7000 nmethod 148 0x0000000002e9d410 code [0x0000000002e9d540, 0x0000000002e9d5f8]
Event: 2.421 Thread 0x000000000bec7000  149             com.jcraft.jorbis.CodeBook::make_words (239 bytes)
Event: 2.433 Thread 0x000000000bec7000 nmethod 149 0x0000000002e9d9d0 code [0x0000000002e9db40, 0x0000000002e9e218]
Event: 2.433 Thread 0x000000000bec7000  150             com.jcraft.jorbis.CodeBook::make_decode_tree (377 bytes)
Event: 2.463 Thread 0x000000000becc800 nmethod 147 0x0000000002e6a110 code [0x0000000002e6a360, 0x0000000002e6bbe8]
Event: 2.463 Thread 0x000000000becc800    5 %           com.jcraft.jorbis.StaticCodeBook::unquantize @ 99 (293 bytes)
Event: 2.479 Thread 0x000000000becc800 nmethod 5% 0x0000000002ea5d10 code [0x0000000002ea5e80, 0x0000000002ea69d8]
Event: 2.479 Thread 0x000000000bec7000 nmethod 150 0x0000000002ea4710 code [0x0000000002ea48c0, 0x0000000002ea5558]

GC Heap History (8 events):
Event: 2.278 GC heap before
{Heap before GC invocations=1 (full 0):
 PSYoungGen      total 37696K, used 30305K [0x00000000d5eb0000, 0x00000000d88c0000, 0x0000000000000000)
  eden space 32320K, 93% used [0x00000000d5eb0000,0x00000000d7c48410,0x00000000d7e40000)
  from space 5376K, 0% used [0x00000000d8380000,0x00000000d8380000,0x00000000d88c0000)
  to   space 5376K, 0% used [0x00000000d7e40000,0x00000000d7e40000,0x00000000d8380000)
 ParOldGen       total 86144K, used 0K [0x0000000081c00000, 0x0000000087020000, 0x00000000d5eb0000)
  object space 86144K, 0% used [0x0000000081c00000,0x0000000081c00000,0x0000000087020000)
 PSPermGen       total 21248K, used 6957K [0x000000007ca00000, 0x000000007dec0000, 0x0000000081c00000)
  object space 21248K, 32% used [0x000000007ca00000,0x000000007d0cb748,0x000000007dec0000)
Event: 2.285 GC heap after
Heap after GC invocations=1 (full 0):
 PSYoungGen      total 37696K, used 3553K [0x00000000d5eb0000, 0x00000000d88c0000, 0x0000000000000000)
  eden space 32320K, 0% used [0x00000000d5eb0000,0x00000000d5eb0000,0x00000000d7e40000)
  from space 5376K, 66% used [0x00000000d7e40000,0x00000000d81b8498,0x00000000d8380000)
  to   space 5376K, 0% used [0x00000000d8380000,0x00000000d8380000,0x00000000d88c0000)
 ParOldGen       total 86144K, used 8K [0x0000000081c00000, 0x0000000087020000, 0x00000000d5eb0000)
  object space 86144K, 0% used [0x0000000081c00000,0x0000000081c02000,0x0000000087020000)
 PSPermGen       total 21248K, used 6957K [0x000000007ca00000, 0x000000007dec0000, 0x0000000081c00000)
  object space 21248K, 32% used [0x000000007ca00000,0x000000007d0cb748,0x000000007dec0000)
}
Event: 2.285 GC heap before
{Heap before GC invocations=2 (full 1):
 PSYoungGen      total 37696K, used 3553K [0x00000000d5eb0000, 0x00000000d88c0000, 0x0000000000000000)
  eden space 32320K, 0% used [0x00000000d5eb0000,0x00000000d5eb0000,0x00000000d7e40000)
  from space 5376K, 66% used [0x00000000d7e40000,0x00000000d81b8498,0x00000000d8380000)
  to   space 5376K, 0% used [0x00000000d8380000,0x00000000d8380000,0x00000000d88c0000)
 ParOldGen       total 86144K, used 8K [0x0000000081c00000, 0x0000000087020000, 0x00000000d5eb0000)
  object space 86144K, 0% used [0x0000000081c00000,0x0000000081c02000,0x0000000087020000)
 PSPermGen       total 21248K, used 6957K [0x000000007ca00000, 0x000000007dec0000, 0x0000000081c00000)
  object space 21248K, 32% used [0x000000007ca00000,0x000000007d0cb748,0x000000007dec0000)
Event: 2.298 GC heap after
Heap after GC invocations=2 (full 1):
 PSYoungGen      total 37696K, used 0K [0x00000000d5eb0000, 0x00000000d88c0000, 0x0000000000000000)
  eden space 32320K, 0% used [0x00000000d5eb0000,0x00000000d5eb0000,0x00000000d7e40000)
  from space 5376K, 0% used [0x00000000d7e40000,0x00000000d7e40000,0x00000000d8380000)
  to   space 5376K, 0% used [0x00000000d8380000,0x00000000d8380000,0x00000000d88c0000)
 ParOldGen       total 86144K, used 3329K [0x0000000081c00000, 0x0000000087020000, 0x00000000d5eb0000)
  object space 86144K, 3% used [0x0000000081c00000,0x0000000081f40750,0x0000000087020000)
 PSPermGen       total 21248K, used 6955K [0x000000007ca00000, 0x000000007dec0000, 0x0000000081c00000)
  object space 21248K, 32% used [0x000000007ca00000,0x000000007d0cae58,0x000000007dec0000)
}
Event: 2.436 GC heap before
{Heap before GC invocations=3 (full 1):
 PSYoungGen      total 37696K, used 4567K [0x00000000d5eb0000, 0x00000000d88c0000, 0x0000000000000000)
  eden space 32320K, 14% used [0x00000000d5eb0000,0x00000000d6325c50,0x00000000d7e40000)
  from space 5376K, 0% used [0x00000000d7e40000,0x00000000d7e40000,0x00000000d8380000)
  to   space 5376K, 0% used [0x00000000d8380000,0x00000000d8380000,0x00000000d88c0000)
 ParOldGen       total 86144K, used 3329K [0x0000000081c00000, 0x0000000087020000, 0x00000000d5eb0000)
  object space 86144K, 3% used [0x0000000081c00000,0x0000000081f40750,0x0000000087020000)
 PSPermGen       total 21248K, used 7593K [0x000000007ca00000, 0x000000007dec0000, 0x0000000081c00000)
  object space 21248K, 35% used [0x000000007ca00000,0x000000007d16a5f8,0x000000007dec0000)
Event: 2.439 GC heap after
Heap after GC invocations=3 (full 1):
 PSYoungGen      total 37696K, used 1637K [0x00000000d5eb0000, 0x00000000d88c0000, 0x0000000000000000)
  eden space 32320K, 0% used [0x00000000d5eb0000,0x00000000d5eb0000,0x00000000d7e40000)
  from space 5376K, 30% used [0x00000000d8380000,0x00000000d85197f0,0x00000000d88c0000)
  to   space 5376K, 0% used [0x00000000d7e40000,0x00000000d7e40000,0x00000000d8380000)
 ParOldGen       total 86144K, used 3329K [0x0000000081c00000, 0x0000000087020000, 0x00000000d5eb0000)
  object space 86144K, 3% used [0x0000000081c00000,0x0000000081f40750,0x0000000087020000)
 PSPermGen       total 21248K, used 7593K [0x000000007ca00000, 0x000000007dec0000, 0x0000000081c00000)
  object space 21248K, 35% used [0x000000007ca00000,0x000000007d16a5f8,0x000000007dec0000)
}
Event: 2.439 GC heap before
{Heap before GC invocations=4 (full 2):
 PSYoungGen      total 37696K, used 1637K [0x00000000d5eb0000, 0x00000000d88c0000, 0x0000000000000000)
  eden space 32320K, 0% used [0x00000000d5eb0000,0x00000000d5eb0000,0x00000000d7e40000)
  from space 5376K, 30% used [0x00000000d8380000,0x00000000d85197f0,0x00000000d88c0000)
  to   space 5376K, 0% used [0x00000000d7e40000,0x00000000d7e40000,0x00000000d8380000)
 ParOldGen       total 86144K, used 3329K [0x0000000081c00000, 0x0000000087020000, 0x00000000d5eb0000)
  object space 86144K, 3% used [0x0000000081c00000,0x0000000081f40750,0x0000000087020000)
 PSPermGen       total 21248K, used 7593K [0x000000007ca00000, 0x000000007dec0000, 0x0000000081c00000)
  object space 21248K, 35% used [0x000000007ca00000,0x000000007d16a5f8,0x000000007dec0000)
Event: 2.461 GC heap after
Heap after GC invocations=4 (full 2):
 PSYoungGen      total 37696K, used 0K [0x00000000d5eb0000, 0x00000000d88c0000, 0x0000000000000000)
  eden space 32320K, 0% used [0x00000000d5eb0000,0x00000000d5eb0000,0x00000000d7e40000)
  from space 5376K, 0% used [0x00000000d8380000,0x00000000d8380000,0x00000000d88c0000)
  to   space 5376K, 0% used [0x00000000d7e40000,0x00000000d7e40000,0x00000000d8380000)
 ParOldGen       total 86144K, used 3103K [0x0000000081c00000, 0x0000000087020000, 0x00000000d5eb0000)
  object space 86144K, 3% used [0x0000000081c00000,0x0000000081f07f00,0x0000000087020000)
 PSPermGen       total 21248K, used 7593K [0x000000007ca00000, 0x000000007dec0000, 0x0000000081c00000)
  object space 21248K, 35% used [0x000000007ca00000,0x000000007d16a588,0x000000007dec0000)
}

Deoptimization events (10 events):
Event: 0.623 Thread 0x000000000e514800 Uncommon trap -34 fr.pc 0x0000000002e1f5e8
Event: 0.695 Thread 0x000000000e514800 Uncommon trap -83 fr.pc 0x0000000002e3130c
Event: 0.727 Thread 0x000000000e514800 Uncommon trap -42 fr.pc 0x0000000002e36b64
Event: 0.727 Thread 0x000000000e514800 Uncommon trap -42 fr.pc 0x0000000002e36b64
Event: 0.727 Thread 0x000000000e514800 Uncommon trap -42 fr.pc 0x0000000002e36b64
Event: 0.727 Thread 0x000000000e514800 Uncommon trap -42 fr.pc 0x0000000002e36b64
Event: 0.857 Thread 0x000000000e514800 Uncommon trap -83 fr.pc 0x0000000002e39400
Event: 0.940 Thread 0x000000000e514800 Uncommon trap -83 fr.pc 0x0000000002e23d38
Event: 0.946 Thread 0x000000000e514800 Uncommon trap -83 fr.pc 0x0000000002e34c18
Event: 1.573 Thread 0x000000000e514800 Uncommon trap -83 fr.pc 0x0000000002e677fc

Internal exceptions (10 events):
Event: 2.418 Thread 0x000000000e514800 Threw 0x00000000d62055b0 at C:\jdk7u1_64p\jdk7u5\hotspot\src\share\vm\prims\jvm.cpp:1166
Event: 2.419 Thread 0x000000000e514800 Threw 0x00000000d620b5a0 at C:\jdk7u1_64p\jdk7u5\hotspot\src\share\vm\prims\jvm.cpp:1166
Event: 2.435 Thread 0x000000000e514800 Threw 0x00000000d6293eb0 at C:\jdk7u1_64p\jdk7u5\hotspot\src\share\vm\prims\jvm.cpp:1166
Event: 2.435 Thread 0x000000000e514800 Threw 0x00000000d629f000 at C:\jdk7u1_64p\jdk7u5\hotspot\src\share\vm\prims\jvm.cpp:1166
Event: 2.436 Thread 0x000000000e514800 Threw 0x00000000d62a2480 at C:\jdk7u1_64p\jdk7u5\hotspot\src\share\vm\prims\jvm.cpp:1166
Event: 2.464 Thread 0x000000000e514800 Threw 0x00000000d5eb48f0 at C:\jdk7u1_64p\jdk7u5\hotspot\src\share\vm\prims\jvm.cpp:1166
Event: 2.465 Thread 0x000000000e514800 Threw 0x00000000d5ebddb8 at C:\jdk7u1_64p\jdk7u5\hotspot\src\share\vm\prims\jvm.cpp:1166
Event: 2.473 Thread 0x000000000e514800 Threw 0x00000000d5ec44b8 at C:\jdk7u1_64p\jdk7u5\hotspot\src\share\vm\prims\jvm.cpp:1166
Event: 2.488 Thread 0x000000000e514800 Threw 0x00000000d5edeba0 at C:\jdk7u1_64p\jdk7u5\hotspot\src\share\vm\prims\jvm.cpp:1166
Event: 2.490 Thread 0x000000000e514800 Threw 0x00000000d5ee5af0 at C:\jdk7u1_64p\jdk7u5\hotspot\src\share\vm\prims\jvm.cpp:1166

Events (10 events):
Event: 2.463 loading class 0x00000000123faf20
Event: 2.463 loading class 0x00000000123faf20 done
Event: 2.465 loading class 0x000000000e3d07f0
Event: 2.465 loading class 0x000000000e3d07f0 done
Event: 2.473 loading class 0x000000000e50ae00
Event: 2.473 loading class 0x000000000e50ae00 done
Event: 2.488 loading class 0x000000000e6d9c00
Event: 2.488 loading class 0x000000000e6d9c00 done
Event: 2.490 loading class 0x000000000e5c3020
Event: 2.490 loading class 0x000000000e5c3020 done


Dynamic libraries:
0x000000003f850000 - 0x000000003f884000 	C:\Program Files\Java\jre7\bin\javaw.exe
0x0000000077c30000 - 0x0000000077dd9000 	C:\Windows\SYSTEM32\ntdll.dll
0x0000000077b10000 - 0x0000000077c2f000 	C:\Windows\system32\kernel32.dll
0x00000000fdb00000 - 0x00000000fdb6b000 	C:\Windows\system32\KERNELBASE.dll
0x00000000fe470000 - 0x00000000fe54b000 	C:\Windows\system32\ADVAPI32.dll
0x00000000fde70000 - 0x00000000fdf0f000 	C:\Windows\system32\msvcrt.dll
0x00000000fea30000 - 0x00000000fea4f000 	C:\Windows\SYSTEM32\sechost.dll
0x00000000fef40000 - 0x00000000ff06d000 	C:\Windows\system32\RPCRT4.dll
0x0000000077a10000 - 0x0000000077b0a000 	C:\Windows\system32\USER32.dll
0x00000000fec40000 - 0x00000000feca7000 	C:\Windows\system32\GDI32.dll
0x00000000fff30000 - 0x00000000fff3e000 	C:\Windows\system32\LPK.dll
0x00000000fe940000 - 0x00000000fea09000 	C:\Windows\system32\USP10.dll
0x00000000fcc30000 - 0x00000000fce24000 	C:\Windows\WinSxS\amd64_microsoft.windows.common-controls_6595b64144ccf1df_6.0.7601.17514_none_fa396087175ac9ac\COMCTL32.dll
0x00000000fdf10000 - 0x00000000fdf81000 	C:\Windows\system32\SHLWAPI.dll
0x00000000fde40000 - 0x00000000fde6e000 	C:\Windows\system32\IMM32.DLL
0x00000000feb30000 - 0x00000000fec39000 	C:\Windows\system32\MSCTF.dll
0x00000000fd9d0000 - 0x00000000fda0c000 	C:\Windows\system32\nvinitx.dll
0x000000000f000000 - 0x000000000f006000 	C:\Program Files\NVIDIA Corporation\CoProcManager\_etoured.dll
0x00000000f78f0000 - 0x00000000f7934000 	C:\Program Files\NVIDIA Corporation\CoProcManager\nvd3d9wrapx.dll
0x00000000fe550000 - 0x00000000fe727000 	C:\Windows\system32\SETUPAPI.dll
0x00000000fddb0000 - 0x00000000fdde6000 	C:\Windows\system32\CFGMGR32.dll
0x00000000fea50000 - 0x00000000feb27000 	C:\Windows\system32\OLEAUT32.dll
0x00000000fe730000 - 0x00000000fe933000 	C:\Windows\system32\ole32.dll
0x00000000fdad0000 - 0x00000000fdaea000 	C:\Windows\system32\DEVOBJ.dll
0x00000000f78a0000 - 0x00000000f78e2000 	C:\Program Files\NVIDIA Corporation\CoProcManager\nvdxgiwrapx.dll
0x000000006f3c0000 - 0x000000006f491000 	C:\Program Files\Java\jre7\bin\msvcr100.dll
0x000000006eca0000 - 0x000000006f3ba000 	C:\Program Files\Java\jre7\bin\server\jvm.dll
0x00000000f9930000 - 0x00000000f9939000 	C:\Windows\system32\WSOCK32.dll
0x00000000ffe80000 - 0x00000000ffecd000 	C:\Windows\system32\WS2_32.dll
0x00000000fe030000 - 0x00000000fe038000 	C:\Windows\system32\NSI.dll
0x00000000fb6d0000 - 0x00000000fb70b000 	C:\Windows\system32\WINMM.dll
0x0000000077e00000 - 0x0000000077e07000 	C:\Windows\system32\PSAPI.DLL
0x000000006f570000 - 0x000000006f57f000 	C:\Program Files\Java\jre7\bin\verify.dll
0x000000006f540000 - 0x000000006f568000 	C:\Program Files\Java\jre7\bin\java.dll
0x0000000069990000 - 0x00000000699c5000 	C:\Program Files\Java\jre7\bin\jdwp.dll
0x000000006ec00000 - 0x000000006ec08000 	C:\Program Files\Java\jre7\bin\npt.dll
0x000000006f520000 - 0x000000006f535000 	C:\Program Files\Java\jre7\bin\zip.dll
0x00000000737d0000 - 0x00000000737d9000 	C:\Program Files\Java\jre7\bin\dt_socket.dll
0x00000000fbf60000 - 0x00000000fbf75000 	C:\Windows\system32\NLAapi.dll
0x00000000f1930000 - 0x00000000f1945000 	C:\Windows\system32\napinsp.dll
0x00000000f1910000 - 0x00000000f1929000 	C:\Windows\system32\pnrpnsp.dll
0x00000000fd240000 - 0x00000000fd295000 	C:\Windows\System32\mswsock.dll
0x00000000fd0c0000 - 0x00000000fd11b000 	C:\Windows\system32\DNSAPI.dll
0x00000000f1900000 - 0x00000000f190b000 	C:\Windows\System32\winrnr.dll
0x00000000f18f0000 - 0x00000000f1900000 	C:\Windows\system32\wshbth.dll
0x00000000f80c0000 - 0x00000000f80ef000 	C:\Program Files\Common Files\Microsoft Shared\Windows Live\WLIDNSP.DLL
0x0000000074440000 - 0x0000000074466000 	C:\Program Files\Bonjour\mdnsNSP.dll
0x00000000fa360000 - 0x00000000fa387000 	C:\Windows\system32\Iphlpapi.DLL
0x00000000fa340000 - 0x00000000fa34b000 	C:\Windows\system32\WINNSI.DLL
0x00000000fa1f0000 - 0x00000000fa243000 	C:\Windows\System32\fwpuclnt.dll
0x00000000f80b0000 - 0x00000000f80b8000 	C:\Windows\system32\rasadhlp.dll
0x00000000fc650000 - 0x00000000fc657000 	C:\Windows\System32\wshtcpip.dll
0x0000000065580000 - 0x000000006560d000 	C:\Users\Marco\AppData\Local\Temp\libgdxMarco\123946040\gdx64.dll
0x0000000080000000 - 0x0000000080050000 	C:\Users\Marco\AppData\Local\Temp\libgdxMarco\27538956\lwjgl64.dll
0x00000000f1fa0000 - 0x00000000f20bd000 	C:\Windows\system32\OPENGL32.dll
0x00000000fb0e0000 - 0x00000000fb10d000 	C:\Windows\system32\GLU32.dll
0x00000000e8fe0000 - 0x00000000e90d1000 	C:\Windows\system32\DDRAW.dll
0x00000000e9110000 - 0x00000000e9118000 	C:\Windows\system32\DCIMAN32.dll
0x00000000fb4d0000 - 0x00000000fb4e8000 	C:\Windows\system32\dwmapi.dll
0x00000000fc940000 - 0x00000000fc94c000 	C:\Windows\system32\VERSION.dll
0x0000000001c10000 - 0x0000000001c72000 	C:\Users\Marco\AppData\Local\Temp\libgdxMarco\27538956\OpenAL64.dll
0x00000000ff0f0000 - 0x00000000ffe78000 	C:\Windows\system32\SHELL32.dll
0x00000000fd8a0000 - 0x00000000fd8af000 	C:\Windows\system32\CRYPTBASE.dll
0x00000000fb820000 - 0x00000000fb876000 	C:\Windows\system32\uxtheme.dll
0x00000000fe1a0000 - 0x00000000fe239000 	C:\Windows\system32\CLBCatQ.DLL
0x00000000fc190000 - 0x00000000fc2bc000 	C:\Windows\System32\PROPSYS.dll
0x00000000fde00000 - 0x00000000fde39000 	C:\Windows\system32\WINTRUST.dll
0x00000000fdc30000 - 0x00000000fdd9a000 	C:\Windows\system32\CRYPT32.dll
0x00000000fdab0000 - 0x00000000fdabf000 	C:\Windows\system32\MSASN1.dll
0x00000000f2150000 - 0x00000000f21d8000 	C:\Windows\system32\dsound.dll
0x00000000fc310000 - 0x00000000fc33c000 	C:\Windows\system32\POWRPROF.dll
0x00000000fc2c0000 - 0x00000000fc30b000 	C:\Windows\System32\MMDevApi.dll
0x00000000fb5a0000 - 0x00000000fb5ef000 	C:\Windows\system32\AUDIOSES.DLL
0x000000000f7f0000 - 0x0000000010ac3000 	C:\Windows\system32\ig4icd64.dll
0x0000000002970000 - 0x00000000029d5000 	C:\Program Files\ThinkPad\Bluetooth Software\btmmhook.dll
0x00000000f9470000 - 0x00000000f950c000 	C:\Windows\system32\mscms.dll
0x00000000fc790000 - 0x00000000fc7ae000 	C:\Windows\system32\USERENV.dll
0x00000000fda10000 - 0x00000000fda1f000 	C:\Windows\system32\profapi.dll
0x00000000f7e20000 - 0x00000000f7e62000 	C:\Windows\system32\icm32.dll
0x00000000fbae0000 - 0x00000000fbc05000 	C:\Windows\system32\dbghelp.dll

VM Arguments:
jvm_args: -agentlib:jdwp=transport=dt_socket,suspend=y,address=localhost:51091 -XX:-OmitStackTraceInFastThrow -Dfile.encoding=MS950_HKSCS 
java_command: com.marcowong.motoman.Main
Launcher Type: SUN_STANDARD

Environment Variables:
CLASSPATH=.;C:\Program Files (x86)\QuickTime\QTSystem\QTJava.zip
PATH=C:\Program Files\Common Files\Microsoft Shared\Windows Live;C:\Program Files (x86)\Common Files\Microsoft Shared\Windows Live;C:\Windows\system32;C:\Windows;C:\Windows\System32\Wbem;C:\Windows\System32\WindowsPowerShell\v1.0\;C:\Program Files\ThinkPad\Bluetooth Software\;C:\Program Files\ThinkPad\Bluetooth Software\syswow64;C:\Program Files\Broadcom\WHL\;C:\Program Files\Broadcom\WHL\syswow64;C:\Program Files\Broadcom\WHL\SysWow64\;C:\Program Files\Broadcom\WHL\SysWow64\syswow64;C:\Program Files\Intel\WiFi\bin\;C:\Program Files\Common Files\Intel\WirelessCommon\;C:\Program Files\Common Files\Lenovo;C:\Program Files (x86)\Windows Live\Shared;C:\SWTOOLS\ReadyApps;C:\Program Files (x86)\Intel\Services\IPT\;C:\Program Files (x86)\Symantec\VIP Access Client\;C:\Program Files (x86)\Common Files\Lenovo;C:\Program Files (x86)\QuickTime\QTSystem\;C:\Program Files (x86)\CineForm\Tools;C:\Program Files (x86)\GoPro\Tools
USERNAME=Marco
OS=Windows_NT
PROCESSOR_IDENTIFIER=Intel64 Family 6 Model 42 Stepping 7, GenuineIntel



---------------  S Y S T E M  ---------------

OS: Windows 7 , 64 bit Build 7601 Service Pack 1

CPU:total 4 (2 cores per cpu, 2 threads per core) family 6 model 42 stepping 7, cmov, cx8, fxsr, mmx, sse, sse2, sse3, ssse3, sse4.1, sse4.2, popcnt, avx, ht, tsc, tscinvbit

Memory: 4k page, physical 8269040k(4718552k free), swap 16536220k(11598928k free)

vm_info: Java HotSpot(TM) 64-Bit Server VM (23.1-b03) for windows-amd64 JRE (1.7.0_05-b05), built on May 15 2012 18:09:30 by "java_re" with unknown MS VC++:1600

time: Tue Jun 04 04:48:52 2013
elapsed time: 2 seconds

